
Copyright (C) 1994-2021 Synopsys, Inc.
This Synopsys software and all associated documentation are proprietary to Synopsys, Inc.
and may only be used pursuant to the terms and conditions of a written license agreement
with Synopsys, Inc. All other use, reproduction, modification, or distribution of the
Synopsys software or the associated documentation is strictly prohibited.
Tool: Synplify Pro (R)
Build: R-2021.03LR-SP1
Install: C:\lscc\radiant\3.1\synpbase
OS: Windows 6.2

Hostname: DESKTOP-EQ342IA

Implementation : impl_1
Synopsys HDL compiler and linker, Version comp202103synp2, Build 168R, Built Oct 12 2021 09:17:10, @

Modified Files: 2
FID:  path (prevtimestamp, timestamp)
38       C:\Users\lunar\Desktop\Snn_single_neuron\source\impl_1\network.v (N/A, 2022-03-22 17:31:21)
0        C:\Users\lunar\Desktop\Snn_single_neuron\source\impl_1\neuron.v (2022-03-22 15:16:51, 2022-03-22 17:32:49)

*******************************************************************
Modules that may have changed as a result of file changes: 52
MID:  lib.cell.view
0        work.lscc_add_sub.verilog may have changed because the following files changed:
                        C:\Users\lunar\Desktop\Snn_single_neuron\source\impl_1\network.v (N/A, 2022-03-22 17:31:21) <-- (may instantiate this module)
                        C:\Users\lunar\Desktop\Snn_single_neuron\source\impl_1\neuron.v (2022-03-22 15:16:51, 2022-03-22 17:32:49) <-- (may instantiate this module)
1        work.lscc_adder.verilog may have changed because the following files changed:
                        C:\Users\lunar\Desktop\Snn_single_neuron\source\impl_1\network.v (N/A, 2022-03-22 17:31:21) <-- (may instantiate this module)
                        C:\Users\lunar\Desktop\Snn_single_neuron\source\impl_1\neuron.v (2022-03-22 15:16:51, 2022-03-22 17:32:49) <-- (may instantiate this module)
2        work.lscc_cntr.verilog may have changed because the following files changed:
                        C:\Users\lunar\Desktop\Snn_single_neuron\source\impl_1\network.v (N/A, 2022-03-22 17:31:21) <-- (may instantiate this module)
                        C:\Users\lunar\Desktop\Snn_single_neuron\source\impl_1\neuron.v (2022-03-22 15:16:51, 2022-03-22 17:32:49) <-- (may instantiate this module)
3        work.lscc_complex_mult.verilog may have changed because the following files changed:
                        C:\Users\lunar\Desktop\Snn_single_neuron\source\impl_1\network.v (N/A, 2022-03-22 17:31:21) <-- (may instantiate this module)
                        C:\Users\lunar\Desktop\Snn_single_neuron\source\impl_1\neuron.v (2022-03-22 15:16:51, 2022-03-22 17:32:49) <-- (may instantiate this module)
4        work.lscc_fifo.verilog may have changed because the following files changed:
                        C:\Users\lunar\Desktop\Snn_single_neuron\source\impl_1\network.v (N/A, 2022-03-22 17:31:21) <-- (may instantiate this module)
                        C:\Users\lunar\Desktop\Snn_single_neuron\source\impl_1\neuron.v (2022-03-22 15:16:51, 2022-03-22 17:32:49) <-- (may instantiate this module)
5        work.lscc_fifo_dc.verilog may have changed because the following files changed:
                        C:\Users\lunar\Desktop\Snn_single_neuron\source\impl_1\network.v (N/A, 2022-03-22 17:31:21) <-- (may instantiate this module)
                        C:\Users\lunar\Desktop\Snn_single_neuron\source\impl_1\neuron.v (2022-03-22 15:16:51, 2022-03-22 17:32:49) <-- (may instantiate this module)
6        work.lscc_fifo_dc_main.verilog may have changed because the following files changed:
                        C:\Users\lunar\Desktop\Snn_single_neuron\source\impl_1\network.v (N/A, 2022-03-22 17:31:21) <-- (may instantiate this module)
                        C:\Users\lunar\Desktop\Snn_single_neuron\source\impl_1\neuron.v (2022-03-22 15:16:51, 2022-03-22 17:32:49) <-- (may instantiate this module)
7        work.lscc_fifo_hw_core.verilog may have changed because the following files changed:
                        C:\Users\lunar\Desktop\Snn_single_neuron\source\impl_1\network.v (N/A, 2022-03-22 17:31:21) <-- (may instantiate this module)
                        C:\Users\lunar\Desktop\Snn_single_neuron\source\impl_1\neuron.v (2022-03-22 15:16:51, 2022-03-22 17:32:49) <-- (may instantiate this module)
8        work.lscc_fifo_main.verilog may have changed because the following files changed:
                        C:\Users\lunar\Desktop\Snn_single_neuron\source\impl_1\network.v (N/A, 2022-03-22 17:31:21) <-- (may instantiate this module)
                        C:\Users\lunar\Desktop\Snn_single_neuron\source\impl_1\neuron.v (2022-03-22 15:16:51, 2022-03-22 17:32:49) <-- (may instantiate this module)
9        work.lscc_fifo_mem.verilog may have changed because the following files changed:
                        C:\Users\lunar\Desktop\Snn_single_neuron\source\impl_1\network.v (N/A, 2022-03-22 17:31:21) <-- (may instantiate this module)
                        C:\Users\lunar\Desktop\Snn_single_neuron\source\impl_1\neuron.v (2022-03-22 15:16:51, 2022-03-22 17:32:49) <-- (may instantiate this module)
10       work.lscc_fifo_mem_core.verilog may have changed because the following files changed:
                        C:\Users\lunar\Desktop\Snn_single_neuron\source\impl_1\network.v (N/A, 2022-03-22 17:31:21) <-- (may instantiate this module)
                        C:\Users\lunar\Desktop\Snn_single_neuron\source\impl_1\neuron.v (2022-03-22 15:16:51, 2022-03-22 17:32:49) <-- (may instantiate this module)
11       work.lscc_fifo_mem_main.verilog may have changed because the following files changed:
                        C:\Users\lunar\Desktop\Snn_single_neuron\source\impl_1\network.v (N/A, 2022-03-22 17:31:21) <-- (may instantiate this module)
                        C:\Users\lunar\Desktop\Snn_single_neuron\source\impl_1\neuron.v (2022-03-22 15:16:51, 2022-03-22 17:32:49) <-- (may instantiate this module)
12       work.lscc_hard_fifo_dc.verilog may have changed because the following files changed:
                        C:\Users\lunar\Desktop\Snn_single_neuron\source\impl_1\network.v (N/A, 2022-03-22 17:31:21) <-- (may instantiate this module)
                        C:\Users\lunar\Desktop\Snn_single_neuron\source\impl_1\neuron.v (2022-03-22 15:16:51, 2022-03-22 17:32:49) <-- (may instantiate this module)
13       work.lscc_mult_accumulate.verilog may have changed because the following files changed:
                        C:\Users\lunar\Desktop\Snn_single_neuron\source\impl_1\network.v (N/A, 2022-03-22 17:31:21) <-- (may instantiate this module)
                        C:\Users\lunar\Desktop\Snn_single_neuron\source\impl_1\neuron.v (2022-03-22 15:16:51, 2022-03-22 17:32:49) <-- (may instantiate this module)
14       work.lscc_mult_add_sub.verilog may have changed because the following files changed:
                        C:\Users\lunar\Desktop\Snn_single_neuron\source\impl_1\network.v (N/A, 2022-03-22 17:31:21) <-- (may instantiate this module)
                        C:\Users\lunar\Desktop\Snn_single_neuron\source\impl_1\neuron.v (2022-03-22 15:16:51, 2022-03-22 17:32:49) <-- (may instantiate this module)
15       work.lscc_mult_add_sub_sum.verilog may have changed because the following files changed:
                        C:\Users\lunar\Desktop\Snn_single_neuron\source\impl_1\network.v (N/A, 2022-03-22 17:31:21) <-- (may instantiate this module)
                        C:\Users\lunar\Desktop\Snn_single_neuron\source\impl_1\neuron.v (2022-03-22 15:16:51, 2022-03-22 17:32:49) <-- (may instantiate this module)
16       work.lscc_multiplier.verilog may have changed because the following files changed:
                        C:\Users\lunar\Desktop\Snn_single_neuron\source\impl_1\network.v (N/A, 2022-03-22 17:31:21) <-- (may instantiate this module)
                        C:\Users\lunar\Desktop\Snn_single_neuron\source\impl_1\neuron.v (2022-03-22 15:16:51, 2022-03-22 17:32:49) <-- (may instantiate this module)
17       work.lscc_multiplier_dsp.verilog may have changed because the following files changed:
                        C:\Users\lunar\Desktop\Snn_single_neuron\source\impl_1\network.v (N/A, 2022-03-22 17:31:21) <-- (may instantiate this module)
                        C:\Users\lunar\Desktop\Snn_single_neuron\source\impl_1\neuron.v (2022-03-22 15:16:51, 2022-03-22 17:32:49) <-- (may instantiate this module)
18       work.lscc_multiplier_lut.verilog may have changed because the following files changed:
                        C:\Users\lunar\Desktop\Snn_single_neuron\source\impl_1\network.v (N/A, 2022-03-22 17:31:21) <-- (may instantiate this module)
                        C:\Users\lunar\Desktop\Snn_single_neuron\source\impl_1\neuron.v (2022-03-22 15:16:51, 2022-03-22 17:32:49) <-- (may instantiate this module)
19       work.lscc_ram_dp.verilog may have changed because the following files changed:
                        C:\Users\lunar\Desktop\Snn_single_neuron\source\impl_1\network.v (N/A, 2022-03-22 17:31:21) <-- (may instantiate this module)
                        C:\Users\lunar\Desktop\Snn_single_neuron\source\impl_1\neuron.v (2022-03-22 15:16:51, 2022-03-22 17:32:49) <-- (may instantiate this module)
20       work.lscc_ram_dp_core.verilog may have changed because the following files changed:
                        C:\Users\lunar\Desktop\Snn_single_neuron\source\impl_1\network.v (N/A, 2022-03-22 17:31:21) <-- (may instantiate this module)
                        C:\Users\lunar\Desktop\Snn_single_neuron\source\impl_1\neuron.v (2022-03-22 15:16:51, 2022-03-22 17:32:49) <-- (may instantiate this module)
21       work.lscc_ram_dp_main.verilog may have changed because the following files changed:
                        C:\Users\lunar\Desktop\Snn_single_neuron\source\impl_1\network.v (N/A, 2022-03-22 17:31:21) <-- (may instantiate this module)
                        C:\Users\lunar\Desktop\Snn_single_neuron\source\impl_1\neuron.v (2022-03-22 15:16:51, 2022-03-22 17:32:49) <-- (may instantiate this module)
22       work.lscc_ram_dq.verilog may have changed because the following files changed:
                        C:\Users\lunar\Desktop\Snn_single_neuron\source\impl_1\network.v (N/A, 2022-03-22 17:31:21) <-- (may instantiate this module)
                        C:\Users\lunar\Desktop\Snn_single_neuron\source\impl_1\neuron.v (2022-03-22 15:16:51, 2022-03-22 17:32:49) <-- (may instantiate this module)
23       work.lscc_ram_dq_core.verilog may have changed because the following files changed:
                        C:\Users\lunar\Desktop\Snn_single_neuron\source\impl_1\network.v (N/A, 2022-03-22 17:31:21) <-- (may instantiate this module)
                        C:\Users\lunar\Desktop\Snn_single_neuron\source\impl_1\neuron.v (2022-03-22 15:16:51, 2022-03-22 17:32:49) <-- (may instantiate this module)
24       work.lscc_ram_dq_inst.verilog may have changed because the following files changed:
                        C:\Users\lunar\Desktop\Snn_single_neuron\source\impl_1\network.v (N/A, 2022-03-22 17:31:21) <-- (may instantiate this module)
                        C:\Users\lunar\Desktop\Snn_single_neuron\source\impl_1\neuron.v (2022-03-22 15:16:51, 2022-03-22 17:32:49) <-- (may instantiate this module)
25       work.lscc_ram_dq_main.verilog may have changed because the following files changed:
                        C:\Users\lunar\Desktop\Snn_single_neuron\source\impl_1\network.v (N/A, 2022-03-22 17:31:21) <-- (may instantiate this module)
                        C:\Users\lunar\Desktop\Snn_single_neuron\source\impl_1\neuron.v (2022-03-22 15:16:51, 2022-03-22 17:32:49) <-- (may instantiate this module)
26       work.lscc_rom.verilog may have changed because the following files changed:
                        C:\Users\lunar\Desktop\Snn_single_neuron\source\impl_1\network.v (N/A, 2022-03-22 17:31:21) <-- (may instantiate this module)
                        C:\Users\lunar\Desktop\Snn_single_neuron\source\impl_1\neuron.v (2022-03-22 15:16:51, 2022-03-22 17:32:49) <-- (may instantiate this module)
27       work.lscc_rom_inst.verilog may have changed because the following files changed:
                        C:\Users\lunar\Desktop\Snn_single_neuron\source\impl_1\network.v (N/A, 2022-03-22 17:31:21) <-- (may instantiate this module)
                        C:\Users\lunar\Desktop\Snn_single_neuron\source\impl_1\neuron.v (2022-03-22 15:16:51, 2022-03-22 17:32:49) <-- (may instantiate this module)
28       work.lscc_rom_inst_core.verilog may have changed because the following files changed:
                        C:\Users\lunar\Desktop\Snn_single_neuron\source\impl_1\network.v (N/A, 2022-03-22 17:31:21) <-- (may instantiate this module)
                        C:\Users\lunar\Desktop\Snn_single_neuron\source\impl_1\neuron.v (2022-03-22 15:16:51, 2022-03-22 17:32:49) <-- (may instantiate this module)
29       work.lscc_soft_fifo.verilog may have changed because the following files changed:
                        C:\Users\lunar\Desktop\Snn_single_neuron\source\impl_1\network.v (N/A, 2022-03-22 17:31:21) <-- (may instantiate this module)
                        C:\Users\lunar\Desktop\Snn_single_neuron\source\impl_1\neuron.v (2022-03-22 15:16:51, 2022-03-22 17:32:49) <-- (may instantiate this module)
30       work.lscc_soft_fifo_dc.verilog may have changed because the following files changed:
                        C:\Users\lunar\Desktop\Snn_single_neuron\source\impl_1\network.v (N/A, 2022-03-22 17:31:21) <-- (may instantiate this module)
                        C:\Users\lunar\Desktop\Snn_single_neuron\source\impl_1\neuron.v (2022-03-22 15:16:51, 2022-03-22 17:32:49) <-- (may instantiate this module)
31       work.lscc_subtractor.verilog may have changed because the following files changed:
                        C:\Users\lunar\Desktop\Snn_single_neuron\source\impl_1\network.v (N/A, 2022-03-22 17:31:21) <-- (may instantiate this module)
                        C:\Users\lunar\Desktop\Snn_single_neuron\source\impl_1\neuron.v (2022-03-22 15:16:51, 2022-03-22 17:32:49) <-- (may instantiate this module)
32       work.lscc_write_through.verilog may have changed because the following files changed:
                        C:\Users\lunar\Desktop\Snn_single_neuron\source\impl_1\network.v (N/A, 2022-03-22 17:31:21) <-- (may instantiate this module)
                        C:\Users\lunar\Desktop\Snn_single_neuron\source\impl_1\neuron.v (2022-03-22 15:16:51, 2022-03-22 17:32:49) <-- (may instantiate this module)
33       work.neuron.verilog may have changed because the following files changed:
                        C:\Users\lunar\Desktop\Snn_single_neuron\source\impl_1\neuron.v (2022-03-22 15:16:51, 2022-03-22 17:32:49) <-- (may instantiate this module)
34       work.pmi_add.verilog may have changed because the following files changed:
                        C:\Users\lunar\Desktop\Snn_single_neuron\source\impl_1\network.v (N/A, 2022-03-22 17:31:21) <-- (may instantiate this module)
                        C:\Users\lunar\Desktop\Snn_single_neuron\source\impl_1\neuron.v (2022-03-22 15:16:51, 2022-03-22 17:32:49) <-- (may instantiate this module)
35       work.pmi_addsub.verilog may have changed because the following files changed:
                        C:\Users\lunar\Desktop\Snn_single_neuron\source\impl_1\network.v (N/A, 2022-03-22 17:31:21) <-- (may instantiate this module)
                        C:\Users\lunar\Desktop\Snn_single_neuron\source\impl_1\neuron.v (2022-03-22 15:16:51, 2022-03-22 17:32:49) <-- (may instantiate this module)
36       work.pmi_complex_mult.verilog may have changed because the following files changed:
                        C:\Users\lunar\Desktop\Snn_single_neuron\source\impl_1\network.v (N/A, 2022-03-22 17:31:21) <-- (may instantiate this module)
                        C:\Users\lunar\Desktop\Snn_single_neuron\source\impl_1\neuron.v (2022-03-22 15:16:51, 2022-03-22 17:32:49) <-- (may instantiate this module)
37       work.pmi_counter.verilog may have changed because the following files changed:
                        C:\Users\lunar\Desktop\Snn_single_neuron\source\impl_1\network.v (N/A, 2022-03-22 17:31:21) <-- (may instantiate this module)
                        C:\Users\lunar\Desktop\Snn_single_neuron\source\impl_1\neuron.v (2022-03-22 15:16:51, 2022-03-22 17:32:49) <-- (may instantiate this module)
38       work.pmi_dsp.verilog may have changed because the following files changed:
                        C:\Users\lunar\Desktop\Snn_single_neuron\source\impl_1\network.v (N/A, 2022-03-22 17:31:21) <-- (may instantiate this module)
                        C:\Users\lunar\Desktop\Snn_single_neuron\source\impl_1\neuron.v (2022-03-22 15:16:51, 2022-03-22 17:32:49) <-- (may instantiate this module)
39       work.pmi_fifo.verilog may have changed because the following files changed:
                        C:\Users\lunar\Desktop\Snn_single_neuron\source\impl_1\network.v (N/A, 2022-03-22 17:31:21) <-- (may instantiate this module)
                        C:\Users\lunar\Desktop\Snn_single_neuron\source\impl_1\neuron.v (2022-03-22 15:16:51, 2022-03-22 17:32:49) <-- (may instantiate this module)
40       work.pmi_fifo_dc.verilog may have changed because the following files changed:
                        C:\Users\lunar\Desktop\Snn_single_neuron\source\impl_1\network.v (N/A, 2022-03-22 17:31:21) <-- (may instantiate this module)
                        C:\Users\lunar\Desktop\Snn_single_neuron\source\impl_1\neuron.v (2022-03-22 15:16:51, 2022-03-22 17:32:49) <-- (may instantiate this module)
41       work.pmi_mac.verilog may have changed because the following files changed:
                        C:\Users\lunar\Desktop\Snn_single_neuron\source\impl_1\network.v (N/A, 2022-03-22 17:31:21) <-- (may instantiate this module)
                        C:\Users\lunar\Desktop\Snn_single_neuron\source\impl_1\neuron.v (2022-03-22 15:16:51, 2022-03-22 17:32:49) <-- (may instantiate this module)
42       work.pmi_mult.verilog may have changed because the following files changed:
                        C:\Users\lunar\Desktop\Snn_single_neuron\source\impl_1\network.v (N/A, 2022-03-22 17:31:21) <-- (module definition)
                        C:\Users\lunar\Desktop\Snn_single_neuron\source\impl_1\neuron.v (2022-03-22 15:16:51, 2022-03-22 17:32:49) <-- (may instantiate this module)
43       work.pmi_multaddsub.verilog may have changed because the following files changed:
                        C:\Users\lunar\Desktop\Snn_single_neuron\source\impl_1\network.v (N/A, 2022-03-22 17:31:21) <-- (may instantiate this module)
                        C:\Users\lunar\Desktop\Snn_single_neuron\source\impl_1\neuron.v (2022-03-22 15:16:51, 2022-03-22 17:32:49) <-- (may instantiate this module)
44       work.pmi_multaddsubsum.verilog may have changed because the following files changed:
                        C:\Users\lunar\Desktop\Snn_single_neuron\source\impl_1\network.v (N/A, 2022-03-22 17:31:21) <-- (may instantiate this module)
                        C:\Users\lunar\Desktop\Snn_single_neuron\source\impl_1\neuron.v (2022-03-22 15:16:51, 2022-03-22 17:32:49) <-- (may instantiate this module)
45       work.pmi_ram_dp.verilog may have changed because the following files changed:
                        C:\Users\lunar\Desktop\Snn_single_neuron\source\impl_1\network.v (N/A, 2022-03-22 17:31:21) <-- (may instantiate this module)
                        C:\Users\lunar\Desktop\Snn_single_neuron\source\impl_1\neuron.v (2022-03-22 15:16:51, 2022-03-22 17:32:49) <-- (may instantiate this module)
46       work.pmi_ram_dp_be.verilog may have changed because the following files changed:
                        C:\Users\lunar\Desktop\Snn_single_neuron\source\impl_1\network.v (N/A, 2022-03-22 17:31:21) <-- (may instantiate this module)
                        C:\Users\lunar\Desktop\Snn_single_neuron\source\impl_1\neuron.v (2022-03-22 15:16:51, 2022-03-22 17:32:49) <-- (may instantiate this module)
47       work.pmi_ram_dq.verilog may have changed because the following files changed:
                        C:\Users\lunar\Desktop\Snn_single_neuron\source\impl_1\network.v (N/A, 2022-03-22 17:31:21) <-- (may instantiate this module)
                        C:\Users\lunar\Desktop\Snn_single_neuron\source\impl_1\neuron.v (2022-03-22 15:16:51, 2022-03-22 17:32:49) <-- (may instantiate this module)
48       work.pmi_ram_dq_be.verilog may have changed because the following files changed:
                        C:\Users\lunar\Desktop\Snn_single_neuron\source\impl_1\network.v (N/A, 2022-03-22 17:31:21) <-- (may instantiate this module)
                        C:\Users\lunar\Desktop\Snn_single_neuron\source\impl_1\neuron.v (2022-03-22 15:16:51, 2022-03-22 17:32:49) <-- (may instantiate this module)
49       work.pmi_rom.verilog may have changed because the following files changed:
                        C:\Users\lunar\Desktop\Snn_single_neuron\source\impl_1\network.v (N/A, 2022-03-22 17:31:21) <-- (may instantiate this module)
                        C:\Users\lunar\Desktop\Snn_single_neuron\source\impl_1\neuron.v (2022-03-22 15:16:51, 2022-03-22 17:32:49) <-- (may instantiate this module)
50       work.pmi_sub.verilog may have changed because the following files changed:
                        C:\Users\lunar\Desktop\Snn_single_neuron\source\impl_1\network.v (N/A, 2022-03-22 17:31:21) <-- (may instantiate this module)
                        C:\Users\lunar\Desktop\Snn_single_neuron\source\impl_1\neuron.v (2022-03-22 15:16:51, 2022-03-22 17:32:49) <-- (may instantiate this module)
51       work.spike_network.verilog may have changed because the following files changed:
                        C:\Users\lunar\Desktop\Snn_single_neuron\source\impl_1\neuron.v (2022-03-22 15:16:51, 2022-03-22 17:32:49) <-- (may instantiate this module)

*******************************************************************
Unmodified files: 37
FID:  path (timestamp)
1        C:\lscc\radiant\3.1\ip\pmi\../common/adder/rtl/lscc_adder.v (2019-08-05 09:40:57)
2        C:\lscc\radiant\3.1\ip\pmi\../common/adder_subtractor/rtl/lscc_add_sub.v (2019-10-18 13:58:02)
3        C:\lscc\radiant\3.1\ip\pmi\../common/complex_mult/rtl/lscc_complex_mult.v (2021-09-10 03:26:39)
4        C:\lscc\radiant\3.1\ip\pmi\../common/counter/rtl/lscc_cntr.v (2019-08-05 09:41:47)
5        C:\lscc\radiant\3.1\ip\pmi\../common/fifo/rtl/lscc_fifo.v (2021-07-13 10:17:25)
6        C:\lscc\radiant\3.1\ip\pmi\../common/fifo_dc/rtl/lscc_fifo_dc.v (2021-09-22 10:53:27)
7        C:\lscc\radiant\3.1\ip\pmi\../common/mult_accumulate/rtl/lscc_mult_accumulate.v (2020-03-18 10:18:16)
8        C:\lscc\radiant\3.1\ip\pmi\../common/mult_add_sub/rtl/lscc_mult_add_sub.v (2020-03-18 10:17:43)
9        C:\lscc\radiant\3.1\ip\pmi\../common/mult_add_sub_sum/rtl/lscc_mult_add_sub_sum.v (2020-03-18 10:15:40)
10       C:\lscc\radiant\3.1\ip\pmi\../common/multiplier/rtl/lscc_multiplier.v (2019-08-05 09:42:13)
11       C:\lscc\radiant\3.1\ip\pmi\../common/ram_dp/rtl/lscc_ram_dp.v (2021-07-13 10:17:26)
12       C:\lscc\radiant\3.1\ip\pmi\../common/ram_dq/rtl/lscc_ram_dq.v (2021-07-13 10:17:26)
13       C:\lscc\radiant\3.1\ip\pmi\../common/rom/rtl/lscc_rom.v (2021-07-13 10:17:26)
14       C:\lscc\radiant\3.1\ip\pmi\../common/subtractor/rtl/lscc_subtractor.v (2019-08-05 09:43:15)
15       C:\lscc\radiant\3.1\ip\pmi\pmi_add.v (2019-07-11 01:12:46)
16       C:\lscc\radiant\3.1\ip\pmi\pmi_addsub.v (2019-07-11 01:13:20)
17       C:\lscc\radiant\3.1\ip\pmi\pmi_complex_mult.v (2019-07-11 01:14:03)
18       C:\lscc\radiant\3.1\ip\pmi\pmi_counter.v (2019-07-11 01:14:35)
19       C:\lscc\radiant\3.1\ip\pmi\pmi_dsp.v (2018-09-07 06:04:55)
20       C:\lscc\radiant\3.1\ip\pmi\pmi_fifo.v (2020-11-06 07:30:47)
21       C:\lscc\radiant\3.1\ip\pmi\pmi_fifo_dc.v (2020-11-06 07:29:39)
22       C:\lscc\radiant\3.1\ip\pmi\pmi_iCE40UP.v (2018-09-25 02:25:35)
23       C:\lscc\radiant\3.1\ip\pmi\pmi_mac.v (2019-07-11 01:15:11)
24       C:\lscc\radiant\3.1\ip\pmi\pmi_mult.v (2019-07-11 01:15:37)
25       C:\lscc\radiant\3.1\ip\pmi\pmi_multaddsub.v (2019-07-11 01:16:06)
26       C:\lscc\radiant\3.1\ip\pmi\pmi_multaddsubsum.v (2019-07-11 01:16:55)
27       C:\lscc\radiant\3.1\ip\pmi\pmi_ram_dp.v (2020-11-06 07:33:54)
28       C:\lscc\radiant\3.1\ip\pmi\pmi_ram_dp_be.v (2020-11-06 07:35:16)
29       C:\lscc\radiant\3.1\ip\pmi\pmi_ram_dq.v (2020-11-06 07:36:42)
30       C:\lscc\radiant\3.1\ip\pmi\pmi_ram_dq_be.v (2020-11-06 07:56:52)
31       C:\lscc\radiant\3.1\ip\pmi\pmi_rom.v (2020-03-11 06:32:38)
32       C:\lscc\radiant\3.1\ip\pmi\pmi_sub.v (2019-07-11 01:17:30)
33       C:\lscc\radiant\3.1\synpbase\lib\generic\ice40up.v (2021-10-12 18:10:10)
34       C:\lscc\radiant\3.1\synpbase\lib\vlog\hypermods.v (2021-10-12 18:06:50)
35       C:\lscc\radiant\3.1\synpbase\lib\vlog\scemi_objects.v (2021-10-12 18:06:50)
36       C:\lscc\radiant\3.1\synpbase\lib\vlog\scemi_pipes.svh (2021-10-12 18:06:50)
37       C:\lscc\radiant\3.1\synpbase\lib\vlog\umr_capim.v (2021-10-12 18:06:50)

*******************************************************************
Unchanged modules: 0
MID:  lib.cell.view
