"C:/Users/lunar/Desktop/iCE40 UltraPlus Hand Gesture Detection/iCE40 UltraPlus Hand Gesture Detection Design/hand_gesture_RTL/src/ice40_himax_signdet_clkgen.v=work,Verilog 2001"
"C:/Users/lunar/Desktop/iCE40 UltraPlus Hand Gesture Detection/iCE40 UltraPlus Hand Gesture Detection Design/hand_gesture_RTL/src/lsc_ml_ice40_himax_signdet_top.v=work,Verilog 2001"
"C:/Users/lunar/Desktop/iCE40 UltraPlus Hand Gesture Detection/iCE40 UltraPlus Hand Gesture Detection Design/hand_gesture_RTL/src/signdet_post.v=work,Verilog 2001"
"C:/Users/lunar/Desktop/iCE40 UltraPlus Hand Gesture Detection/iCE40 UltraPlus Hand Gesture Detection Design/hand_gesture_RTL/src/signdet_decision_filter.v=work,Verilog 2001"
"C:/Users/lunar/Desktop/iCE40 UltraPlus Hand Gesture Detection/iCE40 UltraPlus Hand Gesture Detection Design/hand_gesture_RTL/src/himax_led_strobe.v=work,Verilog 2001"
"C:/Users/lunar/Desktop/iCE40 UltraPlus Hand Gesture Detection/iCE40 UltraPlus Hand Gesture Detection Design/hand_gesture_RTL/src/strobe_ctl.v=work,Verilog 2001"
"C:/Users/lunar/Desktop/iCE40 UltraPlus Hand Gesture Detection/iCE40 UltraPlus Hand Gesture Detection Design/hand_gesture_RTL/src/lsc_i2cs_signdet.v=work,Verilog 2001"
"C:/Users/lunar/Desktop/iCE40 UltraPlus Hand Gesture Detection/iCE40 UltraPlus Hand Gesture Detection Design/hand_gesture_RTL/src/common/ice40_resetn.v=work,Verilog 2001"
"C:/Users/lunar/Desktop/iCE40 UltraPlus Hand Gesture Detection/iCE40 UltraPlus Hand Gesture Detection Design/hand_gesture_RTL/src/common/lsc_i2cm.v=work,Verilog 2001"
"C:/Users/lunar/Desktop/iCE40 UltraPlus Hand Gesture Detection/iCE40 UltraPlus Hand Gesture Detection Design/hand_gesture_RTL/src/common/lsc_i2cm_16.v=work,Verilog 2001"
"C:/Users/lunar/Desktop/iCE40 UltraPlus Hand Gesture Detection/iCE40 UltraPlus Hand Gesture Detection Design/hand_gesture_RTL/src/common/lsc_i2cm_himax.v=work,Verilog 2001"
"C:/Users/lunar/Desktop/iCE40 UltraPlus Hand Gesture Detection/iCE40 UltraPlus Hand Gesture Detection Design/hand_gesture_RTL/src/common/lsc_i2cs.v=work,Verilog 2001"
"C:/Users/lunar/Desktop/iCE40 UltraPlus Hand Gesture Detection/iCE40 UltraPlus Hand Gesture Detection Design/hand_gesture_RTL/src/common/lsc_i2cs_fsm.v=work,Verilog 2001"
"C:/Users/lunar/Desktop/iCE40 UltraPlus Hand Gesture Detection/iCE40 UltraPlus Hand Gesture Detection Design/hand_gesture_RTL/src/common/lsc_led_con.v=work,Verilog 2001"
"C:/Users/lunar/Desktop/iCE40 UltraPlus Hand Gesture Detection/iCE40 UltraPlus Hand Gesture Detection Design/hand_gesture_RTL/src/common/lsc_uart.v=work,Verilog 2001"
"C:/Users/lunar/Desktop/iCE40 UltraPlus Hand Gesture Detection/iCE40 UltraPlus Hand Gesture Detection Design/hand_gesture_RTL/src/common/spi_loader_spram.v=work,Verilog 2001"
"C:/Users/lunar/Desktop/iCE40 UltraPlus Hand Gesture Detection/iCE40 UltraPlus Hand Gesture Detection Design/hand_gesture_RTL/src/common/spi_loader_tri_spram.v=work,Verilog 2001"
"C:/Users/lunar/Desktop/iCE40 UltraPlus Hand Gesture Detection/iCE40 UltraPlus Hand Gesture Detection Design/hand_gesture_RTL/src/common/spi_loader_wrap.v=work,Verilog 2001"
"C:/Users/lunar/Desktop/iCE40 UltraPlus Hand Gesture Detection/iCE40 UltraPlus Hand Gesture Detection Design/hand_gesture_RTL/src/common/spi_lcd_tx.v=work,Verilog 2001"
"C:/Users/lunar/Desktop/iCE40 UltraPlus Hand Gesture Detection/iCE40 UltraPlus Hand Gesture Detection Design/hand_gesture_RTL/src/ice40_himax_video_process_128_32_wide_br.v=work,Verilog 2001"
"C:/Users/lunar/Desktop/iCE40 UltraPlus Hand Gesture Detection/iCE40 UltraPlus Hand Gesture Detection Design/hand_gesture_RTL/src/ice40_himax_video_process_128_32_seq_wide_br.v=work,Verilog 2001"
"C:/Users/lunar/Desktop/iCE40 UltraPlus Hand Gesture Detection/iCE40 UltraPlus Hand Gesture Detection Design/hand_gesture_RTL/src/radiant_mem/dpram1024x8/rtl/dpram1024x8.v=work,"
"C:/Users/lunar/Desktop/iCE40 UltraPlus Hand Gesture Detection/iCE40 UltraPlus Hand Gesture Detection Design/hand_gesture_RTL/src/radiant_mem/dpram256x16/rtl/dpram256x16.v=work,"
"C:/Users/lunar/Desktop/iCE40 UltraPlus Hand Gesture Detection/iCE40 UltraPlus Hand Gesture Detection Design/hand_gesture_RTL/src/radiant_mem/dpram_oled_fifo/rtl/dpram_oled_fifo.v=work,"
"C:/Users/lunar/Desktop/iCE40 UltraPlus Hand Gesture Detection/iCE40 UltraPlus Hand Gesture Detection Design/hand_gesture_RTL/src/radiant_mem/dpram256x32/rtl/dpram256x32.v=work,"
"C:/Users/lunar/Desktop/iCE40 UltraPlus Hand Gesture Detection/iCE40 UltraPlus Hand Gesture Detection Design/hand_gesture_RTL/src/radiant_mem/dpram2048x8/rtl/dpram2048x8.v=work,"
"C:/Users/lunar/Desktop/iCE40 UltraPlus Hand Gesture Detection/iCE40 UltraPlus Hand Gesture Detection Design/hand_gesture_RTL/src/radiant_mem/dpram4096x8/rtl/dpram4096x8.v=work,"
"C:/Users/lunar/Desktop/iCE40 UltraPlus Hand Gesture Detection/iCE40 UltraPlus Hand Gesture Detection Design/hand_gesture_RTL/src/radiant_mem/dpram_lcd_fifo/rtl/dpram_lcd_fifo.v=work,"
"C:/Users/lunar/Desktop/iCE40 UltraPlus Hand Gesture Detection/iCE40 UltraPlus Hand Gesture Detection Design/hand_gesture_RTL/src/radiant_mem/rom_himax_cfg_20fps_ir/rtl/rom_himax_cfg_20fps_ir.v=work,"
"C:/Users/lunar/Desktop/iCE40 UltraPlus Hand Gesture Detection/iCE40 UltraPlus Hand Gesture Detection Design/hand_gesture_RTL/ice40_himax_upduino2_signdet/cnn_accel/rtl/cnn_accel.v=work,"
"C:/Users/lunar/Desktop/iCE40 UltraPlus Hand Gesture Detection/iCE40 UltraPlus Hand Gesture Detection Design/hand_gesture_RTL/ice40_himax_upduino2_signdet/i2c/rtl/i2c.v=work,"
"C:/Users/lunar/Desktop/iCE40 UltraPlus Hand Gesture Detection/iCE40 UltraPlus Hand Gesture Detection Design/hand_gesture_RTL/src/common/spi_loader_ebram.v=work,Verilog 2001"
