   Lattice Mapping Report File for Design Module 'Snn_single_neuron_impl_1'

Target Vendor:        LATTICE
Target Device:        iCE40UP5KUWG30
Target Performance:   High-Performance_1.2V

Mapper:    version Radiant Software (64-bit) 3.1.0.43.2
Mapped on: Tue Mar 22 17:32:58 2022

Design Information
------------------

Command line:   map -i Snn_single_neuron_impl_1_syn.udb -o
     Snn_single_neuron_impl_1_map.udb -mp Snn_single_neuron_impl_1.mrp -hierrpt
     -gui

Design Summary
--------------

   Number of slice registers:   0 out of  5280 (0%)
   Number of I/O registers:      0 out of    63 (0%)
   Number of LUT4s:             1 out of  5280 (<1%)
      Number of logic LUT4s:               1
      Number of ripple logic:              0 (0 LUT4s)
   Number of IO sites used:   2 out of 21 (10%)
      Number of IO sites used for general PIO: 2
      Number of IO sites used for I3C: 0 out of 2 (0%)
      (note: If I3C is not used, its site can be used as general PIO)
      Number of IO sites used for PIO+I3C: 2 out of 18 (11%)
      Number of IO sites used for OD+RGB IO buffers: 0 out of 3 (0%)
      (note: If RGB LED drivers are not used, sites can be used as OD outputs,
       see TN1288 iCE40 LED Driver Usage Guide)
      Number of IO sites used for PIO+I3C+OD+RGB: 2 out of 21 (10%)
   Number of DSPs:             0 out of 8 (0%)
   Number of I2Cs:             0 out of 2 (0%)
   Number of High Speed OSCs:  0 out of 1 (0%)
   Number of Low Speed OSCs:   0 out of 1 (0%)
   Number of RGB PWM:          0 out of 1 (0%)
   Number of RGB Drivers:      0 out of 1 (0%)
   Number of SCL FILTERs:      0 out of 2 (0%)
   Number of SRAMs:            0 out of 4 (0%)
   Number of WARMBOOTs:        0 out of 1 (0%)
   Number of SPIs:             0 out of 2 (0%)
   Number of EBRs:             0 out of 30 (0%)
   Number of PLLs:             0 out of 1 (0%)
   Number of Clocks:  0
   Number of Clock Enables:  0
   Number of LSRs:  0
   Top 10 highest fanout non-clock nets:




   Number of warnings:  10
   Number of errors:    0

Design Errors/Warnings
----------------------

WARNING - map: Top module port 'clk' does not connect to anything.
WARNING - map: Top module port 'resetn' does not connect to anything.
WARNING - map: Top module port 'neuron_in1' does not connect to anything.

                                    Page 1





Design Errors/Warnings (cont)
-----------------------------
WARNING - map: Top module port 'neuron_in2' does not connect to anything.
WARNING - map: Top module port 'neuron_in3' does not connect to anything.
WARNING - map: Top module port 'clk' does not connect to anything.
WARNING - map: Top module port 'resetn' does not connect to anything.
WARNING - map: Top module port 'neuron_in1' does not connect to anything.
WARNING - map: Top module port 'neuron_in2' does not connect to anything.
WARNING - map: Top module port 'neuron_in3' does not connect to anything.

IO (PIO) Attributes
-------------------

+---------------------+-----------+-----------+-------+-------+-----------+
| IO Name             | Direction | Levelmode |  IO   |  IO   | Special   |
|                     |           |  IO_TYPE  |  REG  |  DDR  | IO Buffer |
+---------------------+-----------+-----------+-------+-------+-----------+
| neuron_out7         | OUTPUT    | LVCMOS33  |       |       |           |
+---------------------+-----------+-----------+-------+-------+-----------+
| neuron_out8         | OUTPUT    | LVCMOS33  |       |       |           |
+---------------------+-----------+-----------+-------+-------+-----------+

Run Time and Memory Usage
-------------------------

   Total CPU Time: 0 secs
   Total REAL Time: 0 secs
   Peak Memory Usage: 49 MB
































                                    Page 2


Copyright (c) 1991-1994 by NeoCAD Inc. All rights reserved.
Copyright (c) 1995
     AT&T Corp.   All rights reserved.
Copyright (c) 1995-2001 Lucent
     Technologies Inc.  All rights reserved.
Copyright (c) 2001 Agere Systems
     All rights reserved.
Copyright (c) 2002-2021 Lattice Semiconductor
     Corporation,  All rights reserved.
