|************************************************************************
| IBIS Models Generator: Lattice Radiant Software (64-bit) 3.1.0.43.2
| Report Generate Date: Mar 22 2022
| Report Generate Time: 17:33:05
|************************************************************************
|IBIS file ice40up.ibs   
|Lattice Semiconductor Corporation   
|************************************************************************
[IBIS ver]       4.2
[File Name]      Snn_single_neuron_impl_1.ibs
[File Rev]       2.0
[Date]           1/26/2018
[Source]         Simulation
[Notes]          Final IBIS models
                 The data below was generated using simulation of the
                 input/output model files for the silicon.  Therefore,
                 the data below is for reference and initial design
                 purposes only.
|
|                The model applies to iCE40 ULTRA PLUS.
|
                 Lattice Semiconductor grants permission to use this
                 data for use in printed circuit design using this
                 Lattice programmable logic device.  Other use of this
                 code, including the selling or duplication of any
                 portion is strictly prohibited.
|
|                NAMING CONVENTION
| 
        The IBIS [Model] header is limited by the specification to a
        total of characters.  With such a set of characters available
        for naming models it becomes important to attempt to
        meaningfully encode the IO standards so they fit within the
        twenty character limit.  It would seem that twenty characters
        would provide room enough for describing IO's.  However, the
        PLD IO structure continues to grow more and more complex.  The
        complexity is making the twenty characters insuffiently
        descriptive.  In order to overcome this issue the naming
        convention described below is implemented to resolve the issue.
|
The twenty character space is managed as follows:
                 bbbvvvsdddprtaaaoixx
|
                 b = standard
                 v = voltage (x.xx V)
                 s = slew code
                 d = drive (xx.x ma)
                 p = pullmode code
                 r = impedance  
                 t = mipi hard dphy mode
                 o = diff resistor code
                 i = diff  current code
                 x = reserved
|
|
                 standard
|
                 LVCMOS                   lvc
                 lvdse                    lve
|
|
                 slew
                 na                       a
                 fast                     f
                 slow                     s
|
                 pullmode
                 off                      a
                 100k                     b 
                 3p3k                     i 
                 6p8k                     j 
                 10k                      k 
|
                 impedance
                 off                      a
|
                 mipi hard dphy mode
                 off                      a
                 lp                       l
                 hs                       h
|
                 differential resistor
                 off                      a
                 100                      b
|
                 differential current
                 NA                       a
                 3.5                      c
|
                 Reserved                 IO type
                 in                       input only (mipi: rx)
                 ou                       output (mipi: tx)
                 io                       I/O
                 od                       Open drain
                 on                       Inverting differential I/O
                                          (signal name only)
                 op                       Non-Inverting differential I/O
                                          (signal name only)
|
|
                
|
|
|
                 Lattice Semiconductor Corporation
                 5555 NE Moore Court
                 Hillsboro, OR 97214
                 U.S.A
|
                 TEL: 1-800-Lattice (USA and Canada)
                      408-826-6000 (other locations)
|
                 web: http://www.latticesemi.com/
                 email: techsupport@latticesemi.com
|
[Disclaimer]     This IBIS source code is intended as a design reference
   which illustrates how the Lattice Semiconductor device operates.
   It is the user's responsibility to verify their design for
   consistency and functionality through the use of formal
   verification methods.  Lattice Semiconductor provides no warranty
   regarding the use or functionality of this data.
|
[Copyright]      Copyright 2018 by Lattice Semiconductor Corporation
|
|************************************************************************
|                          Component ice40_ultra_plus 
|************************************************************************
|
[Component]      ice40_ultra_plus 
[Manufacturer]   UMC
[Package]
| UWG30
| variable      Typ             Min             Max
R_pkg          181.50m         34.879m         763.86m
L_pkg          0.3362nH        0.0892nH        1.598nH
C_pkg          0.3855pF        0.2457pF        0.543pF
|
[Pin]  signal_name          model_name           R_pin     L_pin     C_pin
E1            neuron_out7          lvc330a080aaaaaaaain
F1            neuron_out8          lvc330a080aaaaaaaain
|************************************************************************
[Model] lvc330a080aaaaaaaain
Model_type Input
Polarity       Non-Inverting
Vinl =  0.800V
Vinh =  2.000V
C_comp   5.000pF           4.000pF             5.500pF
| 
[Temperature Range]   25.000            0.125k              -40.000
[Voltage Range]        3.300V            3.140V              3.470V
[GND_clamp] 
|Voltage   I(typ)              I(min)              I(max)
| 
-3.30V   -1.7099A          -1.2577A            -2.3493A
-3.23V   -1.6574A          -1.2202A            -2.2756A
-3.16V   -1.6048A          -1.1828A            -2.2020A
-3.09V   -1.5523A          -1.1453A            -2.1283A
-3.02V   -1.4997A          -1.1079A            -2.0547A
-2.95V   -1.4472A          -1.0705A            -1.9810A
-2.88V   -1.3947A          -1.0331A            -1.9074A
-2.81V   -1.3422A          -0.9957A            -1.8337A
-2.74V   -1.2897A          -0.9583A            -1.7601A
-2.67V   -1.2372A          -0.9210A            -1.6865A
-2.60V   -1.1848A          -0.8836A            -1.6129A
-2.53V   -1.1324A          -0.8464A            -1.5394A
-2.46V   -1.0799A          -0.8091A            -1.4658A
-2.39V   -1.0276A          -0.7719A            -1.3923A
-2.32V   -0.9752A          -0.7347A            -1.3189A
-2.25V   -0.9229A          -0.6975A            -1.2454A
-2.18V   -0.8707A          -0.6604A            -1.1721A
-2.11V   -0.8185A          -0.6234A            -1.0988A
-2.04V   -0.7664A          -0.5864A            -1.0257A
-1.97V   -0.7144A          -0.5495A            -0.9527A
-1.90V   -0.6625A          -0.5127A            -0.8799A
-1.83V   -0.6108A          -0.4760A            -0.8075A
-1.76V   -0.5593A          -0.4394A            -0.7355A
-1.69V   -0.5081A          -0.4030A            -0.6641A
-1.62V   -0.4573A          -0.3667A            -0.5931A
-1.55V   -0.4070A          -0.3308A            -0.5225A
-1.48V   -0.3571A          -0.2951A            -0.4525A
-1.41V   -0.3077A          -0.2598A            -0.3831A
-1.34V   -0.2590A          -0.2250A            -0.3146A
-1.27V   -0.2112A          -0.1908A            -0.2475A
-1.20V   -0.1645A          -0.1573A            -0.1823A
-1.13V   -0.1194A          -0.1248A            -0.1204A
-1.06V   -76.9137mA        -93.4117mA          -64.4227mA
-0.99V   -40.3719mA        -63.6836mA          -35.6537mA
-0.92V   -22.6193mA        -36.0938mA          -23.4177mA
-0.85V   -14.1579mA        -18.1564mA          -17.8174mA
-0.78V   -9.9271mA         -9.7512mA           -13.4414mA
-0.71V   -6.9098mA         -5.6129mA           -9.5256mA
-0.64V   -4.4403mA         -3.3888mA           -6.1572mA
-0.57V   -2.5238mA         -1.9348mA           -3.4938mA
-0.50V   -1.2017mA         -0.9496mA           -1.6522mA
-0.43V   -0.4375mA         -0.3661mA           -0.5836mA
-0.36V   -0.1085mA         -0.1020mA           -0.1312mA
-0.29V   -17.2522uA        -20.4816uA          -19.3113uA
-0.22V   -1.6918uA         -3.1868uA           -1.5218uA
-0.15V   -0.1181uA         -0.4152uA           -62.8599nA
-80.00mV   -7.2544nA         -46.4360nA          -4.8607nA
-10.00mV   -0.7428nA         -3.8785nA           -2.6528nA
60.00mV   -0.2739nA         0.0A                -2.1076nA
0.13V   -84.5519pA        0.0A                -1.6832nA
0.20V   0.0A              0.0A                -1.3390nA
0.27V   0.0A              0.0A                -1.0588nA
0.34V   0.0A              0.0A                -0.8313nA
0.41V   0.0A              0.0A                -0.6468nA
0.48V   0.0A              0.0A                -0.4977nA
0.55V   0.0A              0.0A                -0.3774nA
0.62V   0.0A              0.0A                -0.2801nA
0.69V   0.0A              0.0A                -0.2015nA
0.76V   0.0A              0.0A                -0.1377nA
0.83V   0.0A              0.0A                -85.4508pA
0.90V   0.0A              0.0A                -42.5726pA
0.97V   0.0A              0.0A                -6.4035pA
1.04V   0.0A              0.0A                0.0A
3.30V   0.0A              0.0A                0.0A
| 
[POWER_clamp] 
|Voltage   I(typ)              I(min)              I(max)
| 
-3.30V   2.1012A           1.7584A             3.7570A
-3.21V   2.0130A           1.6886A             3.5894A
-3.14V   1.9447A           1.6324A             3.4595A
-3.07V   1.8767A           1.5763A             3.3302A
-3.00V   1.8090A           1.5207A             3.2013A
-2.93V   1.7416A           1.4654A             3.0730A
-2.86V   1.6746A           1.4105A             2.9453A
-2.79V   1.6079A           1.3560A             2.8181A
-2.72V   1.5415A           1.3019A             2.6916A
-2.65V   1.4756A           1.2482A             2.5660A
-2.58V   1.4100A           1.1949A             2.4413A
-2.51V   1.3449A           1.1420A             2.3175A
-2.44V   1.2802A           1.0895A             2.1947A
-2.37V   1.2161A           1.0375A             2.0729A
-2.30V   1.1525A           0.9859A             1.9521A
-2.23V   1.0895A           0.9347A             1.8324A
-2.16V   1.0271A           0.8842A             1.7138A
-2.09V   0.9652A           0.8341A             1.5964A
-2.02V   0.9039A           0.7847A             1.4802A
-1.95V   0.8431A           0.7358A             1.3654A
-1.88V   0.7830A           0.6875A             1.2520A
-1.81V   0.7234A           0.6397A             1.1402A
-1.74V   0.6644A           0.5925A             1.0302A
-1.67V   0.6061A           0.5460A             0.9225A
-1.60V   0.5485A           0.5000A             0.8165A
-1.53V   0.4917A           0.4548A             0.7129A
-1.46V   0.4357A           0.4103A             0.6121A
-1.39V   0.3808A           0.3666A             0.5145A
-1.32V   0.3271A           0.3238A             0.4209A
-1.25V   0.2747A           0.2820A             0.3322A
-1.18V   0.2242A           0.2414A             0.2497A
-1.11V   0.1758A           0.2022A             0.1750A
-1.04V   0.1305A           0.1648A             0.1108A
-0.97V   89.4516mA         0.1295A             60.7621mA
-0.90V   54.2994mA         97.1460mA           26.4955mA
-0.83V   26.2957mA         68.2075mA           16.6170mA
-0.76V   11.0846mA         42.9441mA           12.3995mA
-0.69V   7.0025mA          21.9874mA           8.7869mA
-0.62V   4.5273mA          7.4226mA            5.7229mA
-0.55V   2.6233mA          2.9433mA            3.2948mA
-0.48V   1.2777mA          1.3512mA            1.5886mA
-0.41V   0.4844mA          0.5677mA            0.5898mA
-0.34V   0.1222mA          0.1890mA            0.1308mA
-0.27V   19.5906uA         47.3342uA           15.4812uA
-0.20V   2.3552uA          9.7114uA            1.2256uA
-0.13V   0.2355uA          1.7649uA            0.1043uA
-60.00mV   26.3044nA         0.3193uA            34.5082nA
10.00mV   7.8742nA          82.2271nA           24.2809nA
80.00mV   6.0420nA          44.7484nA           18.2865nA
0.15V   5.5766nA          37.8547nA           13.7222nA
0.22V   5.2389nA          35.4584nA           10.2262nA
0.29V   4.9306nA          33.7530nA           7.5786nA
0.36V   4.6427nA          32.2089nA           5.5983nA
0.43V   4.3728nA          30.7475nA           4.1368nA
0.50V   4.1194nA          29.3531nA           3.0708nA
0.57V   3.8822nA          28.0204nA           2.3039nA
0.64V   3.6590nA          26.7454nA           1.7567nA
0.71V   3.4489nA          25.5244nA           1.3710nA
0.78V   3.2510nA          24.3540nA           1.0988nA
0.85V   3.0645nA          23.2302nA           0.9068nA
0.92V   2.8883nA          22.1516nA           0.7703nA
0.99V   2.7215nA          21.1146nA           0.6711nA
1.06V   2.5648nA          20.1177nA           0.5957nA
1.13V   2.4155nA          19.1582nA           0.5362nA
1.20V   2.2749nA          18.2345nA           0.4875nA
1.27V   2.1422nA          17.3455nA           0.4457nA
1.34V   2.0154nA          16.4892nA           0.4093nA
1.41V   1.8958nA          15.6640nA           0.3754nA
1.48V   1.7824nA          14.8683nA           0.3448nA
1.55V   1.6754nA          14.1018nA           0.3158nA
1.62V   1.5731nA          13.3632nA           0.2885nA
1.69V   1.4761nA          12.6509nA           0.2633nA
1.76V   1.3842nA          11.9645nA           0.2388nA
1.83V   1.2968nA          11.3028nA           0.2163nA
1.90V   1.2139nA          10.6649nA           0.1941nA
1.97V   1.1349nA          10.0500nA           0.1728nA
2.04V   1.0596nA          9.4576nA            0.1517nA
2.11V   0.9882nA          8.8860nA            0.1314nA
2.18V   0.9198nA          8.3350nA            0.1102nA
2.25V   0.8543nA          7.8034nA            88.5587pA
2.32V   0.7911nA          7.2903nA            65.4063pA
2.39V   0.7299nA          6.7947nA            40.0373pA
2.46V   0.6708nA          6.3155nA            11.8257pA
2.53V   0.6122nA          5.8513nA            0.0A
2.60V   0.5541nA          5.4000nA            0.0A
2.67V   0.4956nA          4.9594nA            0.0A
2.74V   0.4354nA          4.5250nA            0.0A
2.81V   0.3726nA          4.0893nA            0.0A
2.88V   0.3056nA          3.6357nA            0.0A
2.95V   0.2321nA          3.1175nA            0.0A
3.02V   0.1497nA          2.3663nA            0.0A
3.09V   53.9346pA         0.6099nA            0.0A
3.16V   0.0A              0.0A                0.0A
3.30V   0.0A              0.0A                0.0A
| 
| End [Model] lvc330a080aaaaaaaain
|************************************************************************
| End [Component]
[End]
