SLICE/D1 input u_himax_led_strobe.un1_r_duration_0_I_57_c_0.SLICE_18 has no outgoing device arc
SLICE/D0 input u_himax_led_strobe.un1_r_duration_0_I_57_c_0.SLICE_18 has no outgoing device arc
SLICE/D1 input u_lsc_i2cm_himax.u_lsc_i2cm.SLICE_9 has no outgoing device arc
SLICE/CIN1 input u_lsc_i2cm_himax.u_lsc_i2cm.SLICE_9 has no outgoing device arc
     ** u_lsc_i2cm_himax.u_lsc_i2cm.SLICE_9/COUT0 is driving a pin on an incomplete path
SLICE/C0 input u_lsc_i2cm_himax.u_lsc_i2cm.SLICE_9 is on an incomplete path
SLICE/CIN0 input u_lsc_i2cm_himax.u_lsc_i2cm.SLICE_9 is on an incomplete path
SLICE/CIN1 input u_lsc_i2cm_himax.i2c_cnt_cry_c_0[5].SLICE_13 has no outgoing device arc
SLICE/D0 input u_himax_led_strobe.un1_r_duration_0_I_45_c_0.SLICE_17 has no outgoing device arc
SLICE/CIN1 input u_himax_led_strobe.un1_r_duration_0_I_45_c_0.SLICE_17 has no outgoing device arc
SLICE/CIN1 input u_resetn.SLICE_0 has no outgoing device arc
SLICE/D1 input u_lsc_i2cm_himax.u_lsc_i2cm.SLICE_4 has no outgoing device arc
SLICE/CIN1 input u_lsc_i2cm_himax.u_lsc_i2cm.SLICE_4 has no outgoing device arc
     ** u_lsc_i2cm_himax.u_lsc_i2cm.SLICE_4/COUT0 is driving a pin on an incomplete path
SLICE/C0 input u_lsc_i2cm_himax.u_lsc_i2cm.SLICE_4 is on an incomplete path
SLICE/CIN0 input u_lsc_i2cm_himax.u_lsc_i2cm.SLICE_4 is on an incomplete path
SLICE/D1 input u_himax_led_strobe.un1_r_duration_0_I_9_c_0.SLICE_22 has no outgoing device arc
SLICE/D0 input u_himax_led_strobe.un1_r_duration_0_I_9_c_0.SLICE_22 has no outgoing device arc
SLICE/D1 input u_himax_led_strobe.un1_r_duration_0_I_33_c_0.SLICE_20 has no outgoing device arc
SLICE/D0 input u_himax_led_strobe.un1_r_duration_0_I_33_c_0.SLICE_20 has no outgoing device arc
SLICE/D1 input u_himax_led_strobe.un1_r_duration_0_I_21_c_0.SLICE_19 has no outgoing device arc
SLICE/D0 input u_himax_led_strobe.un1_r_duration_0_I_21_c_0.SLICE_19 has no outgoing device arc
SLICE/D1 input u_himax_led_strobe.un1_r_duration_0_I_27_c_0.SLICE_21 has no outgoing device arc
SLICE/D0 input u_himax_led_strobe.un1_r_duration_0_I_27_c_0.SLICE_21 has no outgoing device arc
SLICE/D1 input u_himax_led_strobe.SLICE_24 has no outgoing device arc
SLICE/CIN1 input u_himax_led_strobe.SLICE_24 has no outgoing device arc
     ** u_himax_led_strobe.SLICE_24/COUT0 is driving a pin on an incomplete path
SLICE/C0 input u_himax_led_strobe.SLICE_24 is on an incomplete path
SLICE/B0 input u_himax_led_strobe.SLICE_24 is on an incomplete path
SLICE/CIN0 input u_himax_led_strobe.SLICE_24 is on an incomplete path
     ** u_himax_led_strobe.un1_r_duration_0_I_45_c_0.SLICE_17/F1 is driving a pin on an incomplete path
SLICE/D1 input u_himax_led_strobe.un1_r_duration_0_I_45_c_0.SLICE_17 is on an incomplete path
     ** u_himax_led_strobe.un1_r_duration_0_I_45_c_0.SLICE_17/COUT0 is driving a pin on an incomplete path
SLICE/C0 input u_himax_led_strobe.un1_r_duration_0_I_45_c_0.SLICE_17 is on an incomplete path
SLICE/CIN0 input u_himax_led_strobe.un1_r_duration_0_I_45_c_0.SLICE_17 is on an incomplete path
     ** g_on_wide_br.u_ice40_himax_video_process_128_32_wide.SLICE_2984/F1 is driving a pin on an incomplete path
     ** u_himax_led_strobe.un1_r_duration_0_I_57_c_0.SLICE_18/COUT1 is driving a pin on an incomplete path
SLICE/C1 input u_himax_led_strobe.un1_r_duration_0_I_57_c_0.SLICE_18 is on an incomplete path
SLICE/CIN1 input u_himax_led_strobe.un1_r_duration_0_I_57_c_0.SLICE_18 is on an incomplete path
     ** u_himax_led_strobe.SLICE_3935/F0 is driving a pin on an incomplete path
     ** u_himax_led_strobe.un1_r_duration_0_I_57_c_0.SLICE_18/COUT0 is driving a pin on an incomplete path
SLICE/C0 input u_himax_led_strobe.un1_r_duration_0_I_57_c_0.SLICE_18 is on an incomplete path
SLICE/CIN0 input u_himax_led_strobe.un1_r_duration_0_I_57_c_0.SLICE_18 is on an incomplete path
     ** u_himax_led_strobe.SLICE_3652/F0 is driving a pin on an incomplete path
     ** u_himax_led_strobe.un1_r_duration_0_I_21_c_0.SLICE_19/COUT1 is driving a pin on an incomplete path
SLICE/C1 input u_himax_led_strobe.un1_r_duration_0_I_21_c_0.SLICE_19 is on an incomplete path
SLICE/CIN1 input u_himax_led_strobe.un1_r_duration_0_I_21_c_0.SLICE_19 is on an incomplete path
     ** u_himax_led_strobe.SLICE_3652/F1 is driving a pin on an incomplete path
     ** u_himax_led_strobe.un1_r_duration_0_I_21_c_0.SLICE_19/COUT0 is driving a pin on an incomplete path
SLICE/C0 input u_himax_led_strobe.un1_r_duration_0_I_21_c_0.SLICE_19 is on an incomplete path
SLICE/CIN0 input u_himax_led_strobe.un1_r_duration_0_I_21_c_0.SLICE_19 is on an incomplete path
     ** u_himax_led_strobe.SLICE_3654/F0 is driving a pin on an incomplete path
     ** u_himax_led_strobe.un1_r_duration_0_I_33_c_0.SLICE_20/COUT1 is driving a pin on an incomplete path
SLICE/C1 input u_himax_led_strobe.un1_r_duration_0_I_33_c_0.SLICE_20 is on an incomplete path
SLICE/CIN1 input u_himax_led_strobe.un1_r_duration_0_I_33_c_0.SLICE_20 is on an incomplete path
     ** u_himax_led_strobe.SLICE_3935/F1 is driving a pin on an incomplete path
     ** u_himax_led_strobe.un1_r_duration_0_I_33_c_0.SLICE_20/COUT0 is driving a pin on an incomplete path
SLICE/C0 input u_himax_led_strobe.un1_r_duration_0_I_33_c_0.SLICE_20 is on an incomplete path
SLICE/CIN0 input u_himax_led_strobe.un1_r_duration_0_I_33_c_0.SLICE_20 is on an incomplete path
     ** u_himax_led_strobe.SLICE_3937/F0 is driving a pin on an incomplete path
     ** u_himax_led_strobe.un1_r_duration_0_I_27_c_0.SLICE_21/COUT1 is driving a pin on an incomplete path
SLICE/C1 input u_himax_led_strobe.un1_r_duration_0_I_27_c_0.SLICE_21 is on an incomplete path
SLICE/CIN1 input u_himax_led_strobe.un1_r_duration_0_I_27_c_0.SLICE_21 is on an incomplete path
     ** u_himax_led_strobe.SLICE_3938/F0 is driving a pin on an incomplete path
     ** u_himax_led_strobe.un1_r_duration_0_I_27_c_0.SLICE_21/COUT0 is driving a pin on an incomplete path
SLICE/C0 input u_himax_led_strobe.un1_r_duration_0_I_27_c_0.SLICE_21 is on an incomplete path
SLICE/CIN0 input u_himax_led_strobe.un1_r_duration_0_I_27_c_0.SLICE_21 is on an incomplete path
     ** u_himax_led_strobe.SLICE_3939/F0 is driving a pin on an incomplete path
     ** u_himax_led_strobe.un1_r_duration_0_I_9_c_0.SLICE_22/COUT1 is driving a pin on an incomplete path
SLICE/C1 input u_himax_led_strobe.un1_r_duration_0_I_9_c_0.SLICE_22 is on an incomplete path
SLICE/CIN1 input u_himax_led_strobe.un1_r_duration_0_I_9_c_0.SLICE_22 is on an incomplete path
     ** u_himax_led_strobe.SLICE_3939/F1 is driving a pin on an incomplete path
     ** u_himax_led_strobe.un1_r_duration_0_I_9_c_0.SLICE_22/COUT0 is driving a pin on an incomplete path
SLICE/C0 input u_himax_led_strobe.un1_r_duration_0_I_9_c_0.SLICE_22 is on an incomplete path
SLICE/CIN0 input u_himax_led_strobe.un1_r_duration_0_I_9_c_0.SLICE_22 is on an incomplete path
     ** u_himax_led_strobe.SLICE_3941/F0 is driving a pin on an incomplete path
     ** u_himax_led_strobe.un1_r_duration_0_I_1_c_0.SLICE_23/COUT1 is driving a pin on an incomplete path
SLICE/C1 input u_himax_led_strobe.un1_r_duration_0_I_1_c_0.SLICE_23 is on an incomplete path
     ** u_himax_led_strobe.SLICE_3942/F0 is driving a pin on an incomplete path
SLICE/D1 input u_himax_led_strobe.o_strobe6_2_c_0.SLICE_27 has no outgoing device arc
SLICE/D0 input u_himax_led_strobe.o_strobe6_2_c_0.SLICE_27 has no outgoing device arc
SLICE/D1 input u_himax_led_strobe.o_strobe6_1_c_0.SLICE_28 has no outgoing device arc
SLICE/CIN0 input u_himax_led_strobe.o_strobe6_6_c_0_RNO_0.SLICE_29 is on an incomplete path
SLICE/D1 input u_himax_led_strobe.o_strobe6_4_c_0.SLICE_26 has no outgoing device arc
SLICE/D0 input u_himax_led_strobe.o_strobe6_4_c_0.SLICE_26 has no outgoing device arc
SLICE/D1 input u_himax_led_strobe.o_strobe6_6_c_0.SLICE_25 has no outgoing device arc
SLICE/D0 input u_himax_led_strobe.o_strobe6_6_c_0.SLICE_25 has no outgoing device arc
SLICE/CIN1 input u_himax_led_strobe.SLICE_42 has no outgoing device arc
SLICE/CIN1 input u_himax_led_strobe.SLICE_54 has no outgoing device arc
SLICE/CIN1 input g_on_en_uart.u_lsc_uart.fifo_waddr_p1_cry_8_c_0.SLICE_70 has no outgoing device arc
SLICE/D0 input g_on_en_uart.u_lsc_uart.un1_fifo_raddr_clk_0_I_9_c_0.SLICE_66 has no outgoing device arc
SLICE/CIN1 input g_on_en_uart.u_lsc_uart.un1_fifo_raddr_clk_0_I_9_c_0.SLICE_66 has no outgoing device arc
SLICE/D1 input g_on_en_uart.u_lsc_uart.un1_fifo_raddr_clk_0_I_15_c_0.SLICE_68 has no outgoing device arc
SLICE/D0 input g_on_en_uart.u_lsc_uart.un1_fifo_raddr_clk_0_I_15_c_0.SLICE_68 has no outgoing device arc
SLICE/D1 input g_on_en_uart.u_lsc_uart.un1_fifo_raddr_clk_0_I_21_c_0.SLICE_67 has no outgoing device arc
SLICE/D0 input g_on_en_uart.u_lsc_uart.un1_fifo_raddr_clk_0_I_21_c_0.SLICE_67 has no outgoing device arc
SLICE/CIN0 input g_on_en_uart.u_lsc_uart.tx_period_cnt_RNO_0[11].SLICE_75 is on an incomplete path
SLICE/CIN0 input g_on_en_uart.u_lsc_uart.rx_bit_cnt_RNO_0[3].SLICE_91 is on an incomplete path
SLICE/CIN0 input g_on_en_uart.u_lsc_uart.tx_bit_cnt_RNO_0[3].SLICE_88 is on an incomplete path
SLICE/CIN0 input g_on_en_uart.u_lsc_uart.SLICE_94 is on an incomplete path
SLICE/CIN0 input u_spi_loader.g_on_code_tri_spram.u_spi_loader.SLICE_101 is on an incomplete path
SLICE/CIN1 input u_spi_loader.g_on_code_tri_spram.u_spi_loader.un13_SPI_MOSI_2_cry_7_c_0.SLICE_104 has no outgoing device arc
SLICE/CIN0 input u_spi_loader.g_on_code_tri_spram.u_spi_loader.SLICE_109 is on an incomplete path
SLICE/D1 input u_spi_loader.g_on_code_tri_spram.u_spi_loader.SLICE_118 has no outgoing device arc
SLICE/CIN1 input u_spi_loader.g_on_code_tri_spram.u_spi_loader.SLICE_118 has no outgoing device arc
     ** u_spi_loader.g_on_code_tri_spram.u_spi_loader.SLICE_118/COUT0 is driving a pin on an incomplete path
SLICE/C0 input u_spi_loader.g_on_code_tri_spram.u_spi_loader.SLICE_118 is on an incomplete path
SLICE/CIN0 input u_spi_loader.g_on_code_tri_spram.u_spi_loader.SLICE_118 is on an incomplete path
SLICE/D0 input g_on_wide_br.u_ice40_himax_video_process_128_32_wide.un1_accu_mod_br_cry_7_c_0.SLICE_127 has no outgoing device arc
SLICE/CIN1 input g_on_wide_br.u_ice40_himax_video_process_128_32_wide.un1_accu_mod_br_cry_7_c_0.SLICE_127 has no outgoing device arc
SLICE/D1 input g_on_wide_br.u_ice40_himax_video_process_128_32_wide.un1_accu_mod_br_cry_3_c_0.SLICE_129 has no outgoing device arc
SLICE/D0 input g_on_wide_br.u_ice40_himax_video_process_128_32_wide.un1_accu_mod_br_cry_3_c_0.SLICE_129 has no outgoing device arc
SLICE/D1 input g_on_wide_br.u_ice40_himax_video_process_128_32_wide.un1_accu_mod_br_cry_5_c_0.SLICE_128 has no outgoing device arc
SLICE/D0 input g_on_wide_br.u_ice40_himax_video_process_128_32_wide.un1_accu_mod_br_cry_5_c_0.SLICE_128 has no outgoing device arc
SLICE/CIN1 input g_on_wide_br.u_ice40_himax_video_process_128_32_wide.un9_g_accu_lcd_cry_9_c_0.SLICE_132 has no outgoing device arc
SLICE/D1 input g_on_wide_br.u_ice40_himax_video_process_128_32_wide.un1_accu_mod_br_cry_1_c_0.SLICE_130 has no outgoing device arc
SLICE/D0 input g_on_wide_br.u_ice40_himax_video_process_128_32_wide.un1_accu_mod_br_cry_1_c_0.SLICE_130 has no outgoing device arc
SLICE/CIN0 input g_on_wide_br.u_ice40_himax_video_process_128_32_wide.un4_accu_mod_br_cry_5_c_0_RNI7LCH1.SLICE_138 is on an incomplete path
SLICE/CIN0 input g_on_wide_br.u_ice40_himax_video_process_128_32_wide.r_accu_lcd_RNO_0[9].SLICE_143 is on an incomplete path
SLICE/CIN0 input g_on_wide_br.u_ice40_himax_video_process_128_32_wide.bpcnt_RNO_0[3].SLICE_152 is on an incomplete path
SLICE/CIN0 input g_on_wide_br.u_ice40_himax_video_process_128_32_wide.blcnt_RNO_0[3].SLICE_149 is on an incomplete path
SLICE/CIN0 input g_on_wide_br.u_ice40_himax_video_process_128_32_wide.b_accu_lcd_RNO_0[9].SLICE_155 is on an incomplete path
SLICE/CIN0 input g_on_wide_br.u_ice40_himax_video_process_128_32_wide.accu_mod_cry_5_c_0_RNICGRM.SLICE_161 is on an incomplete path
SLICE/CIN1 input g_on_wide_br.u_ice40_himax_video_process_128_32_wide.SLICE_166 has no outgoing device arc
SLICE/CIN0 input g_on_wide_br.u_ice40_himax_video_process_128_32_wide.accu_RNO_0[15].SLICE_171 is on an incomplete path
SLICE/CIN0 input g_use_ml_on.u_lsc_ml.lscc_compact_cnn_accelerator_inst.I0xGH9K76jA8L2ocEeBGyCkKGAuI7x2.IrDBKgBsCs8bnH3qdbiLq1xvsmkpnjzh2D.IefAbikmiiqD1pkw0dfB4zuEctbwIcfgE75KCfCmsyy2oei34F3gE.SLICE_320 is on an incomplete path
SLICE/D1 input g_on_wide_br.u_ice40_himax_video_process_128_32_wide.SLICE_180 has no outgoing device arc
SLICE/CIN1 input g_on_wide_br.u_ice40_himax_video_process_128_32_wide.SLICE_180 has no outgoing device arc
     ** g_on_wide_br.u_ice40_himax_video_process_128_32_wide.SLICE_180/COUT0 is driving a pin on an incomplete path
SLICE/C0 input g_on_wide_br.u_ice40_himax_video_process_128_32_wide.SLICE_180 is on an incomplete path
SLICE/CIN0 input g_on_wide_br.u_ice40_himax_video_process_128_32_wide.SLICE_180 is on an incomplete path
SLICE/CIN0 input g_on_wide_br.u_ice40_himax_video_process_128_32_wide.wbcnt_1_cry_5_c_0_RNIEVC6.SLICE_186 is on an incomplete path
SLICE/CIN0 input g_on_wide_br.u_ice40_himax_video_process_128_32_wide.wbcnt_lcd_1_cry_5_c_0_RNIIADL.SLICE_191 is on an incomplete path
SLICE/CIN1 input g_on_wide_br.u_ice40_himax_video_process_128_32_wide.SLICE_196 has no outgoing device arc
SLICE/CIN1 input g_on_wide_br.u_ice40_himax_video_process_128_32_wide.SLICE_201 has no outgoing device arc
SLICE/D1 input g_on_wide_br.u_ice40_himax_video_process_128_32_wide.SLICE_209 has no outgoing device arc
SLICE/CIN1 input g_on_wide_br.u_ice40_himax_video_process_128_32_wide.SLICE_209 has no outgoing device arc
     ** g_on_wide_br.u_ice40_himax_video_process_128_32_wide.SLICE_209/COUT0 is driving a pin on an incomplete path
SLICE/C0 input g_on_wide_br.u_ice40_himax_video_process_128_32_wide.SLICE_209 is on an incomplete path
SLICE/CIN0 input g_on_wide_br.u_ice40_himax_video_process_128_32_wide.SLICE_209 is on an incomplete path
SLICE/D1 input g_on_wide_br.u_ice40_himax_video_process_128_32_wide.SLICE_215 has no outgoing device arc
SLICE/CIN1 input g_on_wide_br.u_ice40_himax_video_process_128_32_wide.SLICE_215 has no outgoing device arc
     ** g_on_wide_br.u_ice40_himax_video_process_128_32_wide.SLICE_215/COUT0 is driving a pin on an incomplete path
SLICE/C0 input g_on_wide_br.u_ice40_himax_video_process_128_32_wide.SLICE_215 is on an incomplete path
SLICE/CIN0 input g_on_wide_br.u_ice40_himax_video_process_128_32_wide.SLICE_215 is on an incomplete path
SLICE/D1 input g_on_wide_br.u_ice40_himax_video_process_128_32_wide.SLICE_220 has no outgoing device arc
SLICE/CIN1 input g_on_wide_br.u_ice40_himax_video_process_128_32_wide.SLICE_220 has no outgoing device arc
     ** g_on_wide_br.u_ice40_himax_video_process_128_32_wide.SLICE_220/COUT0 is driving a pin on an incomplete path
SLICE/C0 input g_on_wide_br.u_ice40_himax_video_process_128_32_wide.SLICE_220 is on an incomplete path
SLICE/CIN0 input g_on_wide_br.u_ice40_himax_video_process_128_32_wide.SLICE_220 is on an incomplete path
SLICE/D0 input u_signdet_post.un1_r_1st_max_value_cry_15_c_0.SLICE_225 has no outgoing device arc
SLICE/CIN1 input u_signdet_post.un1_r_1st_max_value_cry_15_c_0.SLICE_225 has no outgoing device arc
SLICE/D1 input u_signdet_post.un1_r_1st_max_value_cry_13_c_0.SLICE_226 has no outgoing device arc
SLICE/D0 input u_signdet_post.un1_r_1st_max_value_cry_13_c_0.SLICE_226 has no outgoing device arc
SLICE/D1 input u_signdet_post.un1_r_1st_max_value_cry_9_c_0.SLICE_228 has no outgoing device arc
SLICE/D0 input u_signdet_post.un1_r_1st_max_value_cry_9_c_0.SLICE_228 has no outgoing device arc
SLICE/D1 input u_signdet_post.un1_r_1st_max_value_cry_11_c_0.SLICE_227 has no outgoing device arc
SLICE/D0 input u_signdet_post.un1_r_1st_max_value_cry_11_c_0.SLICE_227 has no outgoing device arc
SLICE/D1 input u_signdet_post.un1_r_1st_max_value_cry_5_c_0.SLICE_230 has no outgoing device arc
SLICE/D0 input u_signdet_post.un1_r_1st_max_value_cry_5_c_0.SLICE_230 has no outgoing device arc
SLICE/D1 input u_signdet_post.un1_r_1st_max_value_cry_7_c_0.SLICE_229 has no outgoing device arc
SLICE/D0 input u_signdet_post.un1_r_1st_max_value_cry_7_c_0.SLICE_229 has no outgoing device arc
SLICE/D1 input u_signdet_post.un1_r_1st_max_value_cry_3_c_0.SLICE_231 has no outgoing device arc
SLICE/D0 input u_signdet_post.un1_r_1st_max_value_cry_3_c_0.SLICE_231 has no outgoing device arc
SLICE/D1 input u_signdet_post.un1_r_1st_max_value_cry_1_c_0.SLICE_232 has no outgoing device arc
SLICE/D0 input u_signdet_post.un1_r_1st_max_value_cry_1_c_0.SLICE_232 has no outgoing device arc
SLICE/D1 input u_signdet_post.SLICE_234 has no outgoing device arc
SLICE/CIN1 input u_signdet_post.SLICE_234 has no outgoing device arc
     ** u_signdet_post.SLICE_234/COUT0 is driving a pin on an incomplete path
SLICE/C0 input u_signdet_post.SLICE_234 is on an incomplete path
SLICE/CIN0 input u_signdet_post.SLICE_234 is on an incomplete path
SLICE/D1 input g_use_ml_on.u_lsc_ml.lscc_compact_cnn_accelerator_inst.I0xGH9K76jA8L2ocEeBGyCkKGAuI7x2.IrDBKgBsCs8bnH3qdbiLq1xvsmkpnjzh2D.Ik1syeopsFe9xx1aHdkzlix6qejkItKwkpb7a.SLICE_238 has no outgoing device arc
SLICE/D0 input g_use_ml_on.u_lsc_ml.lscc_compact_cnn_accelerator_inst.I0xGH9K76jA8L2ocEeBGyCkKGAuI7x2.IrDBKgBsCs8bnH3qdbiLq1xvsmkpnjzh2D.Ik1syeopsFe9xx1aHdkzlix6qejkItKwkpb7a.SLICE_238 has no outgoing device arc
SLICE/D0 input g_use_ml_on.u_lsc_ml.lscc_compact_cnn_accelerator_inst.I0xGH9K76jA8L2ocEeBGyCkKGAuI7x2.IrDBKgBsCs8bnH3qdbiLq1xvsmkpnjzh2D.SLICE_237 has no outgoing device arc
SLICE/CIN1 input g_use_ml_on.u_lsc_ml.lscc_compact_cnn_accelerator_inst.I0xGH9K76jA8L2ocEeBGyCkKGAuI7x2.IrDBKgBsCs8bnH3qdbiLq1xvsmkpnjzh2D.SLICE_237 has no outgoing device arc
SLICE/D1 input g_use_ml_on.u_lsc_ml.lscc_compact_cnn_accelerator_inst.I0xGH9K76jA8L2ocEeBGyCkKGAuI7x2.IrDBKgBsCs8bnH3qdbiLq1xvsmkpnjzh2D.IbLgwyC6Gz7G5tudid2K9e2vdaB9cs3p5b7a.SLICE_241 has no outgoing device arc
SLICE/D0 input g_use_ml_on.u_lsc_ml.lscc_compact_cnn_accelerator_inst.I0xGH9K76jA8L2ocEeBGyCkKGAuI7x2.IrDBKgBsCs8bnH3qdbiLq1xvsmkpnjzh2D.IbLgwyC6Gz7G5tudid2K9e2vdaB9cs3p5b7a.SLICE_241 has no outgoing device arc
SLICE/D1 input g_use_ml_on.u_lsc_ml.lscc_compact_cnn_accelerator_inst.I0xGH9K76jA8L2ocEeBGyCkKGAuI7x2.IrDBKgBsCs8bnH3qdbiLq1xvsmkpnjzh2D.Ik1syeopsFe9xx1aHdkzlix6qejkItJAyg9wq.SLICE_239 has no outgoing device arc
SLICE/D0 input g_use_ml_on.u_lsc_ml.lscc_compact_cnn_accelerator_inst.I0xGH9K76jA8L2ocEeBGyCkKGAuI7x2.IrDBKgBsCs8bnH3qdbiLq1xvsmkpnjzh2D.Ik1syeopsFe9xx1aHdkzlix6qejkItJAyg9wq.SLICE_239 has no outgoing device arc
SLICE/D1 input g_use_ml_on.u_lsc_ml.lscc_compact_cnn_accelerator_inst.I0xGH9K76jA8L2ocEeBGyCkKGAuI7x2.IrDBKgBsCs8bnH3qdbiLq1xvsmkpnjzh2D.Ik1syeopsFe9xx1aHdkzlix6qejkItJcBKvl6.SLICE_240 has no outgoing device arc
SLICE/D0 input g_use_ml_on.u_lsc_ml.lscc_compact_cnn_accelerator_inst.I0xGH9K76jA8L2ocEeBGyCkKGAuI7x2.IrDBKgBsCs8bnH3qdbiLq1xvsmkpnjzh2D.Ik1syeopsFe9xx1aHdkzlix6qejkItJcBKvl6.SLICE_240 has no outgoing device arc
SLICE/D1 input g_use_ml_on.u_lsc_ml.lscc_compact_cnn_accelerator_inst.I0xGH9K76jA8L2ocEeBGyCkKGAuI7x2.IrDBKgBsCs8bnH3qdbiLq1xvsmkpnjzh2D.IbLgwyC6Gz7G5tudid2K9e2vdaB9crH3w9wq.SLICE_242 has no outgoing device arc
SLICE/D0 input g_use_ml_on.u_lsc_ml.lscc_compact_cnn_accelerator_inst.I0xGH9K76jA8L2ocEeBGyCkKGAuI7x2.IrDBKgBsCs8bnH3qdbiLq1xvsmkpnjzh2D.IbLgwyC6Gz7G5tudid2K9e2vdaB9crH3w9wq.SLICE_242 has no outgoing device arc
SLICE/D1 input g_use_ml_on.u_lsc_ml.lscc_compact_cnn_accelerator_inst.I0xGH9K76jA8L2ocEeBGyCkKGAuI7x2.IrDBKgBsCs8bnH3qdbiLq1xvsmkpnjzh2D.IbLgwyC6Gz7G5tudid2K9e2vdaB9cpCwJECq.SLICE_245 has no outgoing device arc
SLICE/D0 input g_use_ml_on.u_lsc_ml.lscc_compact_cnn_accelerator_inst.I0xGH9K76jA8L2ocEeBGyCkKGAuI7x2.IrDBKgBsCs8bnH3qdbiLq1xvsmkpnjzh2D.IbLgwyC6Gz7G5tudid2K9e2vdaB9cpCwJECq.SLICE_245 has no outgoing device arc
SLICE/D1 input g_use_ml_on.u_lsc_ml.lscc_compact_cnn_accelerator_inst.I0xGH9K76jA8L2ocEeBGyCkKGAuI7x2.IrDBKgBsCs8bnH3qdbiLq1xvsmkpnjzh2D.IbLgwyC6Gz7G5tudid2K9e2vdaB9crjHovl6.SLICE_243 has no outgoing device arc
SLICE/D0 input g_use_ml_on.u_lsc_ml.lscc_compact_cnn_accelerator_inst.I0xGH9K76jA8L2ocEeBGyCkKGAuI7x2.IrDBKgBsCs8bnH3qdbiLq1xvsmkpnjzh2D.IbLgwyC6Gz7G5tudid2K9e2vdaB9crjHovl6.SLICE_243 has no outgoing device arc
SLICE/D1 input g_use_ml_on.u_lsc_ml.lscc_compact_cnn_accelerator_inst.I0xGH9K76jA8L2ocEeBGyCkKGAuI7x2.IrDBKgBsCs8bnH3qdbiLq1xvsmkpnjzh2D.IbLgwyC6Gz7G5tudid2K9e2vdaB9cqyjghba.SLICE_244 has no outgoing device arc
SLICE/D0 input g_use_ml_on.u_lsc_ml.lscc_compact_cnn_accelerator_inst.I0xGH9K76jA8L2ocEeBGyCkKGAuI7x2.IrDBKgBsCs8bnH3qdbiLq1xvsmkpnjzh2D.IbLgwyC6Gz7G5tudid2K9e2vdaB9cqyjghba.SLICE_244 has no outgoing device arc
SLICE/D0 input g_use_ml_on.u_lsc_ml.lscc_compact_cnn_accelerator_inst.I0xGH9K76jA8L2ocEeBGyCkKGAuI7x2.IrDBKgBsCs8bnH3qdbiLq1xvsmkpnjzh2D.SLICE_247 has no outgoing device arc
SLICE/CIN1 input g_use_ml_on.u_lsc_ml.lscc_compact_cnn_accelerator_inst.I0xGH9K76jA8L2ocEeBGyCkKGAuI7x2.IrDBKgBsCs8bnH3qdbiLq1xvsmkpnjzh2D.SLICE_247 has no outgoing device arc
SLICE/D1 input g_use_ml_on.u_lsc_ml.lscc_compact_cnn_accelerator_inst.I0xGH9K76jA8L2ocEeBGyCkKGAuI7x2.IrDBKgBsCs8bnH3qdbiLq1xvsmkpnjzh2D.Ibisc98wD4xhkm36GJJ4goalp9g2ujoG0h9ak16.SLICE_248 has no outgoing device arc
SLICE/D0 input g_use_ml_on.u_lsc_ml.lscc_compact_cnn_accelerator_inst.I0xGH9K76jA8L2ocEeBGyCkKGAuI7x2.IrDBKgBsCs8bnH3qdbiLq1xvsmkpnjzh2D.Ibisc98wD4xhkm36GJJ4goalp9g2ujoG0h9ak16.SLICE_248 has no outgoing device arc
SLICE/D1 input g_use_ml_on.u_lsc_ml.lscc_compact_cnn_accelerator_inst.I0xGH9K76jA8L2ocEeBGyCkKGAuI7x2.IrDBKgBsCs8bnH3qdbiLq1xvsmkpnjzh2D.Ibisc98wD4xhkm36GJJ4goalp9g2ujoGyAo54gq.SLICE_250 has no outgoing device arc
SLICE/D0 input g_use_ml_on.u_lsc_ml.lscc_compact_cnn_accelerator_inst.I0xGH9K76jA8L2ocEeBGyCkKGAuI7x2.IrDBKgBsCs8bnH3qdbiLq1xvsmkpnjzh2D.Ibisc98wD4xhkm36GJJ4goalp9g2ujoGyAo54gq.SLICE_250 has no outgoing device arc
SLICE/D1 input g_use_ml_on.u_lsc_ml.lscc_compact_cnn_accelerator_inst.I0xGH9K76jA8L2ocEeBGyCkKGAuI7x2.IrDBKgBsCs8bnH3qdbiLq1xvsmkpnjzh2D.Ik1sy7wnu8qqIr1ic305i4cfJ2lpB9EgCAr7a.SLICE_252 has no outgoing device arc
SLICE/D0 input g_use_ml_on.u_lsc_ml.lscc_compact_cnn_accelerator_inst.I0xGH9K76jA8L2ocEeBGyCkKGAuI7x2.IrDBKgBsCs8bnH3qdbiLq1xvsmkpnjzh2D.Ik1sy7wnu8qqIr1ic305i4cfJ2lpB9EgCAr7a.SLICE_252 has no outgoing device arc
SLICE/D1 input g_use_ml_on.u_lsc_ml.lscc_compact_cnn_accelerator_inst.I0xGH9K76jA8L2ocEeBGyCkKGAuI7x2.IrDBKgBsCs8bnH3qdbiLq1xvsmkpnjzh2D.Ik1sy7wnu8qqIr1ic305i4cfJ2lpB9EEyI5H6.SLICE_251 has no outgoing device arc
SLICE/D0 input g_use_ml_on.u_lsc_ml.lscc_compact_cnn_accelerator_inst.I0xGH9K76jA8L2ocEeBGyCkKGAuI7x2.IrDBKgBsCs8bnH3qdbiLq1xvsmkpnjzh2D.Ik1sy7wnu8qqIr1ic305i4cfJ2lpB9EEyI5H6.SLICE_251 has no outgoing device arc
SLICE/D1 input g_use_ml_on.u_lsc_ml.lscc_compact_cnn_accelerator_inst.I0xGH9K76jA8L2ocEeBGyCkKGAuI7x2.IrDBKgBsCs8bnH3qdbiLq1xvsmkpnjzh2D.Ik1sy7wnu8qqIr1ic305i4cfJ2lpB9C9stBl6.SLICE_254 has no outgoing device arc
SLICE/D0 input g_use_ml_on.u_lsc_ml.lscc_compact_cnn_accelerator_inst.I0xGH9K76jA8L2ocEeBGyCkKGAuI7x2.IrDBKgBsCs8bnH3qdbiLq1xvsmkpnjzh2D.Ik1sy7wnu8qqIr1ic305i4cfJ2lpB9C9stBl6.SLICE_254 has no outgoing device arc
SLICE/D1 input g_use_ml_on.u_lsc_ml.lscc_compact_cnn_accelerator_inst.I0xGH9K76jA8L2ocEeBGyCkKGAuI7x2.IrDBKgBsCs8bnH3qdbiLq1xvsmkpnjzh2D.Ibisc98wD4xhkm36GJJ4goalp9g2ujoGzwaDIra.SLICE_249 has no outgoing device arc
SLICE/D0 input g_use_ml_on.u_lsc_ml.lscc_compact_cnn_accelerator_inst.I0xGH9K76jA8L2ocEeBGyCkKGAuI7x2.IrDBKgBsCs8bnH3qdbiLq1xvsmkpnjzh2D.Ibisc98wD4xhkm36GJJ4goalp9g2ujoGzwaDIra.SLICE_249 has no outgoing device arc
SLICE/D1 input g_use_ml_on.u_lsc_ml.lscc_compact_cnn_accelerator_inst.I0xGH9K76jA8L2ocEeBGyCkKGAuI7x2.IrDBKgBsCs8bnH3qdbiLq1xvsmkpnjzh2D.Ik1sy7wnu8qqIr1ic305i4cfJ2lpB9Dve2dwq.SLICE_253 has no outgoing device arc
SLICE/D0 input g_use_ml_on.u_lsc_ml.lscc_compact_cnn_accelerator_inst.I0xGH9K76jA8L2ocEeBGyCkKGAuI7x2.IrDBKgBsCs8bnH3qdbiLq1xvsmkpnjzh2D.Ik1sy7wnu8qqIr1ic305i4cfJ2lpB9Dve2dwq.SLICE_253 has no outgoing device arc
SLICE/CIN1 input g_use_ml_on.u_lsc_ml.lscc_compact_cnn_accelerator_inst.I0xGH9K76jA8L2ocEeBGyCkKGAuI7x2.IrDBKgBsCs8bnH3qdbiLq1xvsmkpnjzh2D.SLICE_257 has no outgoing device arc
SLICE/D1 input g_use_ml_on.u_lsc_ml.lscc_compact_cnn_accelerator_inst.I0xGH9K76jA8L2ocEeBGyCkKGAuI7x2.IrDBKgBsCs8bnH3qdbiLq1xvsmkpnjzh2D.Ik1sy7wnu8qqIr1ic305i4cfJ2lpB9Cb6lxba.SLICE_255 has no outgoing device arc
SLICE/D0 input g_use_ml_on.u_lsc_ml.lscc_compact_cnn_accelerator_inst.I0xGH9K76jA8L2ocEeBGyCkKGAuI7x2.IrDBKgBsCs8bnH3qdbiLq1xvsmkpnjzh2D.Ik1sy7wnu8qqIr1ic305i4cfJ2lpB9Cb6lxba.SLICE_255 has no outgoing device arc
SLICE/CIN1 input g_use_ml_on.u_lsc_ml.lscc_compact_cnn_accelerator_inst.I0xGH9K76jA8L2ocEeBGyCkKGAuI7x2.IrDBKgBsCs8bnH3qdbiLq1xvsmkpnjzh2D.Ibisc4Fhx9deLtwdd6D8HkGHH0uhcg6lgJIer7a.SLICE_265 has no outgoing device arc
SLICE/CIN1 input g_use_ml_on.u_lsc_ml.lscc_compact_cnn_accelerator_inst.I0xGH9K76jA8L2ocEeBGyCkKGAuI7x2.IrDBKgBsCs8bnH3qdbiLq1xvsmkpnjzh2D.SLICE_273 has no outgoing device arc
SLICE/CIN0 input g_use_ml_on.u_lsc_ml.lscc_compact_cnn_accelerator_inst.I0xGH9K76jA8L2ocEeBGyCkKGAuI7x2.IrDBKgBsCs8bnH3qdbiLq1xvsmkpnjzh2D.SLICE_281 is on an incomplete path
SLICE/CIN1 input g_use_ml_on.u_lsc_ml.lscc_compact_cnn_accelerator_inst.I0xGH9K76jA8L2ocEeBGyCkKGAuI7x2.IrDBKgBsCs8bnH3qdbiLq1xvsmkpnjzh2D.SLICE_287 has no outgoing device arc
SLICE/CIN1 input g_use_ml_on.u_lsc_ml.lscc_compact_cnn_accelerator_inst.I0xGH9K76jA8L2ocEeBGyCkKGAuI7x2.IrDBKgBsCs8bnH3qdbiLq1xvsmkpnjzh2D.SLICE_295 has no outgoing device arc
SLICE/CIN1 input g_use_ml_on.u_lsc_ml.lscc_compact_cnn_accelerator_inst.I0xGH9K76jA8L2ocEeBGyCkKGAuI7x2.IrDBKgBsCs8bnH3qdbiLq1xvsmkpnjzh2D.SLICE_303 has no outgoing device arc
SLICE/CIN1 input g_use_ml_on.u_lsc_ml.lscc_compact_cnn_accelerator_inst.I0xGH9K76jA8L2ocEeBGyCkKGAuI7x2.IrDBKgBsCs8bnH3qdbiLq1xvsmkpnjzh2D.SLICE_312 has no outgoing device arc
SLICE/D1 input g_use_ml_on.u_lsc_ml.lscc_compact_cnn_accelerator_inst.I0xGH9K76jA8L2ocEeBGyCkKGAuI7x2.IrDBKgBsCs8bnH3qdbiLq1xvsmkpnjzh2D.SLICE_325 has no outgoing device arc
SLICE/CIN1 input g_use_ml_on.u_lsc_ml.lscc_compact_cnn_accelerator_inst.I0xGH9K76jA8L2ocEeBGyCkKGAuI7x2.IrDBKgBsCs8bnH3qdbiLq1xvsmkpnjzh2D.SLICE_325 has no outgoing device arc
     ** g_use_ml_on.u_lsc_ml.lscc_compact_cnn_accelerator_inst.I0xGH9K76jA8L2ocEeBGyCkKGAuI7x2.IrDBKgBsCs8bnH3qdbiLq1xvsmkpnjzh2D.SLICE_325/COUT0 is driving a pin on an incomplete path
SLICE/C0 input g_use_ml_on.u_lsc_ml.lscc_compact_cnn_accelerator_inst.I0xGH9K76jA8L2ocEeBGyCkKGAuI7x2.IrDBKgBsCs8bnH3qdbiLq1xvsmkpnjzh2D.SLICE_325 is on an incomplete path
SLICE/B0 input g_use_ml_on.u_lsc_ml.lscc_compact_cnn_accelerator_inst.I0xGH9K76jA8L2ocEeBGyCkKGAuI7x2.IrDBKgBsCs8bnH3qdbiLq1xvsmkpnjzh2D.SLICE_325 is on an incomplete path
SLICE/CIN0 input g_use_ml_on.u_lsc_ml.lscc_compact_cnn_accelerator_inst.I0xGH9K76jA8L2ocEeBGyCkKGAuI7x2.IrDBKgBsCs8bnH3qdbiLq1xvsmkpnjzh2D.SLICE_325 is on an incomplete path
SLICE/CIN1 input g_use_ml_on.u_lsc_ml.lscc_compact_cnn_accelerator_inst.I0xGH9K76jA8L2ocEeBGyCkKGAuI7x2.IbLekwehum9BwGi2v6gpIys3cbrhbwr90pDC.Ida19jgmDAk91kw2Lv3Ezse.IzJBdxIECGrr7Lpw6uKgq.SLICE_330 has no outgoing device arc
SLICE/D1 input g_use_ml_on.u_lsc_ml.lscc_compact_cnn_accelerator_inst.I0xGH9K76jA8L2ocEeBGyCkKGAuI7x2.IbLekwehum9BwGi2v6gpIys3cbrhbwr90pDC.Id8iwBErbebBErlsxgp3acau6AL6906bp6smFDIxpH6.SLICE_340 has no outgoing device arc
SLICE/D0 input g_use_ml_on.u_lsc_ml.lscc_compact_cnn_accelerator_inst.I0xGH9K76jA8L2ocEeBGyCkKGAuI7x2.IbLekwehum9BwGi2v6gpIys3cbrhbwr90pDC.Id8iwBErbebBErlsxgp3acau6AL6906bp6smFDIxpH6.SLICE_340 has no outgoing device arc
SLICE/D1 input g_use_ml_on.u_lsc_ml.lscc_compact_cnn_accelerator_inst.I0xGH9K76jA8L2ocEeBGyCkKGAuI7x2.IbLekwehum9BwGi2v6gpIys3cbrhbwr90pDC.I7t2ne1jjAqe1lgwqiIvasdGgIJg6aalJdw2auKgq.SLICE_342 has no outgoing device arc
SLICE/D0 input g_use_ml_on.u_lsc_ml.lscc_compact_cnn_accelerator_inst.I0xGH9K76jA8L2ocEeBGyCkKGAuI7x2.IbLekwehum9BwGi2v6gpIys3cbrhbwr90pDC.I7t2ne1jjAqe1lgwqiIvasdGgIJg6aalJdw2auKgq.SLICE_342 has no outgoing device arc
SLICE/CIN0 input g_use_ml_on.u_lsc_ml.lscc_compact_cnn_accelerator_inst.I0xGH9K76jA8L2ocEeBGyCkKGAuI7x2.IbLekwehum9BwGi2v6gpIys3cbrhbwr90pDC.SLICE_339 is on an incomplete path
SLICE/D1 input g_use_ml_on.u_lsc_ml.lscc_compact_cnn_accelerator_inst.I0xGH9K76jA8L2ocEeBGyCkKGAuI7x2.IbLekwehum9BwGi2v6gpIys3cbrhbwr90pDC.I7t2ne1jjAqe1lgwqiIvasdGgIJg6aalJdxn83mra.SLICE_341 has no outgoing device arc
SLICE/D0 input g_use_ml_on.u_lsc_ml.lscc_compact_cnn_accelerator_inst.I0xGH9K76jA8L2ocEeBGyCkKGAuI7x2.IbLekwehum9BwGi2v6gpIys3cbrhbwr90pDC.I7t2ne1jjAqe1lgwqiIvasdGgIJg6aalJdxn83mra.SLICE_341 has no outgoing device arc
SLICE/D1 input g_use_ml_on.u_lsc_ml.lscc_compact_cnn_accelerator_inst.I0xGH9K76jA8L2ocEeBGyCkKGAuI7x2.IbLekwehum9BwGi2v6gpIys3cbrhbwr90pDC.I7t2ne1jjAqe1lgwqiIvasdGgIJg6aalJduwFIdwq.SLICE_345 has no outgoing device arc
SLICE/D0 input g_use_ml_on.u_lsc_ml.lscc_compact_cnn_accelerator_inst.I0xGH9K76jA8L2ocEeBGyCkKGAuI7x2.IbLekwehum9BwGi2v6gpIys3cbrhbwr90pDC.I7t2ne1jjAqe1lgwqiIvasdGgIJg6aalJduwFIdwq.SLICE_345 has no outgoing device arc
SLICE/D1 input g_use_ml_on.u_lsc_ml.lscc_compact_cnn_accelerator_inst.I0xGH9K76jA8L2ocEeBGyCkKGAuI7x2.IbLekwehum9BwGi2v6gpIys3cbrhbwr90pDC.Id8iwBErwIraouK828HlCajaddHoucA9vzvn6fkHxba.SLICE_348 has no outgoing device arc
SLICE/D0 input g_use_ml_on.u_lsc_ml.lscc_compact_cnn_accelerator_inst.I0xGH9K76jA8L2ocEeBGyCkKGAuI7x2.IbLekwehum9BwGi2v6gpIys3cbrhbwr90pDC.Id8iwBErwIraouK828HlCajaddHoucA9vzvn6fkHxba.SLICE_348 has no outgoing device arc
SLICE/D1 input g_use_ml_on.u_lsc_ml.lscc_compact_cnn_accelerator_inst.I0xGH9K76jA8L2ocEeBGyCkKGAuI7x2.IbLekwehum9BwGi2v6gpIys3cbrhbwr90pDC.I7t2ne1jjAqe1lgwqiIvasdGgIJg6aalJdvGom5H6.SLICE_343 has no outgoing device arc
SLICE/D0 input g_use_ml_on.u_lsc_ml.lscc_compact_cnn_accelerator_inst.I0xGH9K76jA8L2ocEeBGyCkKGAuI7x2.IbLekwehum9BwGi2v6gpIys3cbrhbwr90pDC.I7t2ne1jjAqe1lgwqiIvasdGgIJg6aalJdvGom5H6.SLICE_343 has no outgoing device arc
SLICE/D1 input g_use_ml_on.u_lsc_ml.lscc_compact_cnn_accelerator_inst.I0xGH9K76jA8L2ocEeBGyCkKGAuI7x2.IbLekwehum9BwGi2v6gpIys3cbrhbwr90pDC.I7t2ne1jjAqe1lgwqiIvasdGgIJg6aalJdvi2er7a.SLICE_344 has no outgoing device arc
SLICE/D0 input g_use_ml_on.u_lsc_ml.lscc_compact_cnn_accelerator_inst.I0xGH9K76jA8L2ocEeBGyCkKGAuI7x2.IbLekwehum9BwGi2v6gpIys3cbrhbwr90pDC.I7t2ne1jjAqe1lgwqiIvasdGgIJg6aalJdvi2er7a.SLICE_344 has no outgoing device arc
SLICE/CIN0 input g_use_ml_on.u_lsc_ml.lscc_compact_cnn_accelerator_inst.I0xGH9K76jA8L2ocEeBGyCkKGAuI7x2.IbLekwehum9BwGi2v6gpIys3cbrhbwr90pDC.SLICE_347 is on an incomplete path
SLICE/D1 input g_use_ml_on.u_lsc_ml.lscc_compact_cnn_accelerator_inst.I0xGH9K76jA8L2ocEeBGyCkKGAuI7x2.IbLekwehum9BwGi2v6gpIys3cbrhbwr90pDC.I7t2ne1nopjc7IAxs0fkgb7a19f7AyG5bAL4ctBl6.SLICE_353 has no outgoing device arc
SLICE/D0 input g_use_ml_on.u_lsc_ml.lscc_compact_cnn_accelerator_inst.I0xGH9K76jA8L2ocEeBGyCkKGAuI7x2.IbLekwehum9BwGi2v6gpIys3cbrhbwr90pDC.I7t2ne1nopjc7IAxs0fkgb7a19f7AyG5bAL4ctBl6.SLICE_353 has no outgoing device arc
SLICE/D1 input g_use_ml_on.u_lsc_ml.lscc_compact_cnn_accelerator_inst.I0xGH9K76jA8L2ocEeBGyCkKGAuI7x2.IbLekwehum9BwGi2v6gpIys3cbrhbwr90pDC.I7t2ne1nopjc7IAxs0fkgb7a19f7AyG5bBcuHeKgq.SLICE_349 has no outgoing device arc
SLICE/D0 input g_use_ml_on.u_lsc_ml.lscc_compact_cnn_accelerator_inst.I0xGH9K76jA8L2ocEeBGyCkKGAuI7x2.IbLekwehum9BwGi2v6gpIys3cbrhbwr90pDC.I7t2ne1nopjc7IAxs0fkgb7a19f7AyG5bBcuHeKgq.SLICE_349 has no outgoing device arc
SLICE/D1 input g_use_ml_on.u_lsc_ml.lscc_compact_cnn_accelerator_inst.I0xGH9K76jA8L2ocEeBGyCkKGAuI7x2.IbLekwehum9BwGi2v6gpIys3cbrhbwr90pDC.I7t2ne1nopjc7IAxs0fkgb7a19f7AyG5bBapA2dwq.SLICE_352 has no outgoing device arc
SLICE/D0 input g_use_ml_on.u_lsc_ml.lscc_compact_cnn_accelerator_inst.I0xGH9K76jA8L2ocEeBGyCkKGAuI7x2.IbLekwehum9BwGi2v6gpIys3cbrhbwr90pDC.I7t2ne1nopjc7IAxs0fkgb7a19f7AyG5bBapA2dwq.SLICE_352 has no outgoing device arc
SLICE/D1 input g_use_ml_on.u_lsc_ml.lscc_compact_cnn_accelerator_inst.I0xGH9K76jA8L2ocEeBGyCkKGAuI7x2.IbLekwehum9BwGi2v6gpIys3cbrhbwr90pDC.I7t2ne1nopjc7IAxs0fkgb7a19f7AyG5bBbbwAr7a.SLICE_351 has no outgoing device arc
SLICE/D0 input g_use_ml_on.u_lsc_ml.lscc_compact_cnn_accelerator_inst.I0xGH9K76jA8L2ocEeBGyCkKGAuI7x2.IbLekwehum9BwGi2v6gpIys3cbrhbwr90pDC.I7t2ne1nopjc7IAxs0fkgb7a19f7AyG5bBbbwAr7a.SLICE_351 has no outgoing device arc
SLICE/D1 input g_use_ml_on.u_lsc_ml.lscc_compact_cnn_accelerator_inst.I0xGH9K76jA8L2ocEeBGyCkKGAuI7x2.IbLekwehum9BwGi2v6gpIys3cbrhbwr90pDC.I7t2ne1nopjc7IAxs0fkgb7a19f7AyG5bBb9iI5H6.SLICE_350 has no outgoing device arc
SLICE/D0 input g_use_ml_on.u_lsc_ml.lscc_compact_cnn_accelerator_inst.I0xGH9K76jA8L2ocEeBGyCkKGAuI7x2.IbLekwehum9BwGi2v6gpIys3cbrhbwr90pDC.I7t2ne1nopjc7IAxs0fkgb7a19f7AyG5bBb9iI5H6.SLICE_350 has no outgoing device arc
SLICE/D1 input g_use_ml_on.u_lsc_ml.lscc_compact_cnn_accelerator_inst.I0xGH9K76jA8L2ocEeBGyCkKGAuI7x2.IbLekwehum9BwGi2v6gpIys3cbrhbwr90pDC.I7t2mgxdciFhL6aagG4teBbElLrb0mgqEHgJIer7a.SLICE_356 has no outgoing device arc
SLICE/D0 input g_use_ml_on.u_lsc_ml.lscc_compact_cnn_accelerator_inst.I0xGH9K76jA8L2ocEeBGyCkKGAuI7x2.IbLekwehum9BwGi2v6gpIys3cbrhbwr90pDC.I7t2mgxdciFhL6aagG4teBbElLrb0mgqEHgJIer7a.SLICE_356 has no outgoing device arc
SLICE/D1 input g_use_ml_on.u_lsc_ml.lscc_compact_cnn_accelerator_inst.I0xGH9K76jA8L2ocEeBGyCkKGAuI7x2.IbLekwehum9BwGi2v6gpIys3cbrhbwr90pDC.Igm6onkp1t58xJaabnL71GJq0lGjnInjh70As2ra.SLICE_359 has no outgoing device arc
SLICE/D0 input g_use_ml_on.u_lsc_ml.lscc_compact_cnn_accelerator_inst.I0xGH9K76jA8L2ocEeBGyCkKGAuI7x2.IbLekwehum9BwGi2v6gpIys3cbrhbwr90pDC.Igm6onkp1t58xJaabnL71GJq0lGjnInjh70As2ra.SLICE_359 has no outgoing device arc
SLICE/D1 input g_use_ml_on.u_lsc_ml.lscc_compact_cnn_accelerator_inst.I0xGH9K76jA8L2ocEeBGyCkKGAuI7x2.IbLekwehum9BwGi2v6gpIys3cbrhbwr90pDC.Igm6onkp1t58xJaabnL71GJq0lGjnInjh8mw0G16.SLICE_358 has no outgoing device arc
SLICE/D0 input g_use_ml_on.u_lsc_ml.lscc_compact_cnn_accelerator_inst.I0xGH9K76jA8L2ocEeBGyCkKGAuI7x2.IbLekwehum9BwGi2v6gpIys3cbrhbwr90pDC.Igm6onkp1t58xJaabnL71GJq0lGjnInjh8mw0G16.SLICE_358 has no outgoing device arc
SLICE/CIN0 input g_use_ml_on.u_lsc_ml.lscc_compact_cnn_accelerator_inst.I0xGH9K76jA8L2ocEeBGyCkKGAuI7x2.IbLekwehum9BwGi2v6gpIys3cbrhbwr90pDC.SLICE_355 is on an incomplete path
SLICE/D1 input g_use_ml_on.u_lsc_ml.lscc_compact_cnn_accelerator_inst.I0xGH9K76jA8L2ocEeBGyCkKGAuI7x2.IbLekwehum9BwGi2v6gpIys3cbrhbwr90pDC.Igm6onkp1t58xJaabnL71GJq0lGjnInjh8Ki9iCq.SLICE_357 has no outgoing device arc
SLICE/D0 input g_use_ml_on.u_lsc_ml.lscc_compact_cnn_accelerator_inst.I0xGH9K76jA8L2ocEeBGyCkKGAuI7x2.IbLekwehum9BwGi2v6gpIys3cbrhbwr90pDC.Igm6onkp1t58xJaabnL71GJq0lGjnInjh8Ki9iCq.SLICE_357 has no outgoing device arc
SLICE/D1 input g_use_ml_on.u_lsc_ml.lscc_compact_cnn_accelerator_inst.I0xGH9K76jA8L2ocEeBGyCkKGAuI7x2.IbLekwehum9BwGi2v6gpIys3cbrhbwr90pDC.Igm6onkp1t58xJaabnL71GJq0lGjnInjh6Fckogq.SLICE_360 has no outgoing device arc
SLICE/D0 input g_use_ml_on.u_lsc_ml.lscc_compact_cnn_accelerator_inst.I0xGH9K76jA8L2ocEeBGyCkKGAuI7x2.IbLekwehum9BwGi2v6gpIys3cbrhbwr90pDC.Igm6onkp1t58xJaabnL71GJq0lGjnInjh6Fckogq.SLICE_360 has no outgoing device arc
SLICE/D1 input g_use_ml_on.u_lsc_ml.lscc_compact_cnn_accelerator_inst.I0xGH9K76jA8L2ocEeBGyCkKGAuI7x2.IbLekwehum9BwGi2v6gpIys3cbrhbwr90pDC.Igm6onkoC04bE67rDEBc3EaGqq82kd3l1E6es2ra.SLICE_365 has no outgoing device arc
SLICE/D0 input g_use_ml_on.u_lsc_ml.lscc_compact_cnn_accelerator_inst.I0xGH9K76jA8L2ocEeBGyCkKGAuI7x2.IbLekwehum9BwGi2v6gpIys3cbrhbwr90pDC.Igm6onkoC04bE67rDEBc3EaGqq82kd3l1E6es2ra.SLICE_365 has no outgoing device arc
SLICE/D1 input g_use_ml_on.u_lsc_ml.lscc_compact_cnn_accelerator_inst.I0xGH9K76jA8L2ocEeBGyCkKGAuI7x2.IbLekwehum9BwGi2v6gpIys3cbrhbwr90pDC.Igm6onkoC04bE67rDEBc3EaGqq82kd3l1DKskogq.SLICE_366 has no outgoing device arc
SLICE/D0 input g_use_ml_on.u_lsc_ml.lscc_compact_cnn_accelerator_inst.I0xGH9K76jA8L2ocEeBGyCkKGAuI7x2.IbLekwehum9BwGi2v6gpIys3cbrhbwr90pDC.Igm6onkoC04bE67rDEBc3EaGqq82kd3l1DKskogq.SLICE_366 has no outgoing device arc
SLICE/CIN0 input g_use_ml_on.u_lsc_ml.lscc_compact_cnn_accelerator_inst.I0xGH9K76jA8L2ocEeBGyCkKGAuI7x2.IbLekwehum9BwGi2v6gpIys3cbrhbwr90pDC.SLICE_363 is on an incomplete path
SLICE/D1 input g_use_ml_on.u_lsc_ml.lscc_compact_cnn_accelerator_inst.I0xGH9K76jA8L2ocEeBGyCkKGAuI7x2.IbLekwehum9BwGi2v6gpIys3cbrhbwr90pDC.Igm6onkoC04bE67rDEBc3EaGqq82kd3l1Dm6bLH6.SLICE_367 has no outgoing device arc
SLICE/D0 input g_use_ml_on.u_lsc_ml.lscc_compact_cnn_accelerator_inst.I0xGH9K76jA8L2ocEeBGyCkKGAuI7x2.IbLekwehum9BwGi2v6gpIys3cbrhbwr90pDC.Igm6onkoC04bE67rDEBc3EaGqq82kd3l1Dm6bLH6.SLICE_367 has no outgoing device arc
SLICE/D1 input g_use_ml_on.u_lsc_ml.lscc_compact_cnn_accelerator_inst.I0xGH9K76jA8L2ocEeBGyCkKGAuI7x2.IbLekwehum9BwGi2v6gpIys3cbrhbwr90pDC.Igm6onkp1t58xJaabnL71GJq0lGjnInjh6hqbLH6.SLICE_361 has no outgoing device arc
SLICE/D0 input g_use_ml_on.u_lsc_ml.lscc_compact_cnn_accelerator_inst.I0xGH9K76jA8L2ocEeBGyCkKGAuI7x2.IbLekwehum9BwGi2v6gpIys3cbrhbwr90pDC.Igm6onkp1t58xJaabnL71GJq0lGjnInjh6hqbLH6.SLICE_361 has no outgoing device arc
SLICE/D1 input g_use_ml_on.u_lsc_ml.lscc_compact_cnn_accelerator_inst.I0xGH9K76jA8L2ocEeBGyCkKGAuI7x2.IbLekwehum9BwGi2v6gpIys3cbrhbwr90pDC.I7t2mgwKJ4ajEKrLezv3Lfu7Djiwv9lJAj1C925H6.SLICE_364 has no outgoing device arc
SLICE/D0 input g_use_ml_on.u_lsc_ml.lscc_compact_cnn_accelerator_inst.I0xGH9K76jA8L2ocEeBGyCkKGAuI7x2.IbLekwehum9BwGi2v6gpIys3cbrhbwr90pDC.I7t2mgwKJ4ajEKrLezv3Lfu7Djiwv9lJAj1C925H6.SLICE_364 has no outgoing device arc
SLICE/D1 input g_use_ml_on.u_lsc_ml.lscc_compact_cnn_accelerator_inst.I0xGH9K76jA8L2ocEeBGyCkKGAuI7x2.IbLekwehum9BwGi2v6gpIys3cbrhbwr90pDC.Igm6onkoC04bE67rDEBc3EaGqq82kd3l1C0JF77a.SLICE_368 has no outgoing device arc
SLICE/D0 input g_use_ml_on.u_lsc_ml.lscc_compact_cnn_accelerator_inst.I0xGH9K76jA8L2ocEeBGyCkKGAuI7x2.IbLekwehum9BwGi2v6gpIys3cbrhbwr90pDC.Igm6onkoC04bE67rDEBc3EaGqq82kd3l1C0JF77a.SLICE_368 has no outgoing device arc
SLICE/D1 input g_use_ml_on.u_lsc_ml.lscc_compact_cnn_accelerator_inst.I0xGH9K76jA8L2ocEeBGyCkKGAuI7x2.IbLekwehum9BwGi2v6gpIys3cbrhbwr90pDC.Igm6onkoC04bE67rDEBc3EaGqq82kd3l1BFl7twq.SLICE_369 has no outgoing device arc
SLICE/D0 input g_use_ml_on.u_lsc_ml.lscc_compact_cnn_accelerator_inst.I0xGH9K76jA8L2ocEeBGyCkKGAuI7x2.IbLekwehum9BwGi2v6gpIys3cbrhbwr90pDC.Igm6onkoC04bE67rDEBc3EaGqq82kd3l1BFl7twq.SLICE_369 has no outgoing device arc
SLICE/CIN1 input g_use_ml_on.u_lsc_ml.lscc_compact_cnn_accelerator_inst.I0xGH9K76jA8L2ocEeBGyCkKGAuI7x2.IbLekwehum9BwGi2v6gpIys3cbrhbwr90pDC.IrdsGlc0x2hBKFAimsH7j42BmEmAkleKgq.SLICE_371 has no outgoing device arc
SLICE/CIN0 input g_use_ml_on.u_lsc_ml.lscc_compact_cnn_accelerator_inst.I0xGH9K76jA8L2ocEeBGyCkKGAuI7x2.IbLekwehum9BwGi2v6gpIys3cbrhbwr90pDC.SLICE_376 is on an incomplete path
SLICE/CIN0 input g_use_ml_on.u_lsc_ml.lscc_compact_cnn_accelerator_inst.I0xGH9K76jA8L2ocEeBGyCkKGAuI7x2.IbLekwehum9BwGi2v6gpIys3cbrhbwr90pDC.SLICE_381 is on an incomplete path
SLICE/CIN0 input g_use_ml_on.u_lsc_ml.lscc_compact_cnn_accelerator_inst.I0xGH9K76jA8L2ocEeBGyCkKGAuI7x2.IbLekwehum9BwGi2v6gpIys3cbrhbwr90pDC.SLICE_387 is on an incomplete path
SLICE/CIN0 input g_use_ml_on.u_lsc_ml.lscc_compact_cnn_accelerator_inst.I0xGH9K76jA8L2ocEeBGyCkKGAuI7x2.IbLekwehum9BwGi2v6gpIys3cbrhbwr90pDC.SLICE_392 is on an incomplete path
SLICE/D1 input g_use_ml_on.u_lsc_ml.lscc_compact_cnn_accelerator_inst.I0xGH9K76jA8L2ocEeBGyCkKGAuI7x2.IbLekwehum9BwGi2v6gpIys3cbrhbwr90pDC.SLICE_398 has no outgoing device arc
SLICE/CIN1 input g_use_ml_on.u_lsc_ml.lscc_compact_cnn_accelerator_inst.I0xGH9K76jA8L2ocEeBGyCkKGAuI7x2.IbLekwehum9BwGi2v6gpIys3cbrhbwr90pDC.SLICE_398 has no outgoing device arc
     ** g_use_ml_on.u_lsc_ml.lscc_compact_cnn_accelerator_inst.I0xGH9K76jA8L2ocEeBGyCkKGAuI7x2.IbLekwehum9BwGi2v6gpIys3cbrhbwr90pDC.SLICE_398/COUT0 is driving a pin on an incomplete path
SLICE/C0 input g_use_ml_on.u_lsc_ml.lscc_compact_cnn_accelerator_inst.I0xGH9K76jA8L2ocEeBGyCkKGAuI7x2.IbLekwehum9BwGi2v6gpIys3cbrhbwr90pDC.SLICE_398 is on an incomplete path
SLICE/B0 input g_use_ml_on.u_lsc_ml.lscc_compact_cnn_accelerator_inst.I0xGH9K76jA8L2ocEeBGyCkKGAuI7x2.IbLekwehum9BwGi2v6gpIys3cbrhbwr90pDC.SLICE_398 is on an incomplete path
SLICE/CIN0 input g_use_ml_on.u_lsc_ml.lscc_compact_cnn_accelerator_inst.I0xGH9K76jA8L2ocEeBGyCkKGAuI7x2.IbLekwehum9BwGi2v6gpIys3cbrhbwr90pDC.SLICE_398 is on an incomplete path
SLICE/D1 input g_use_ml_on.u_lsc_ml.lscc_compact_cnn_accelerator_inst.I0xGH9K76jA8L2ocEeBGyCkKGAuI7x2.IbLekwehum9BwGi2v6gpIys3cbrhbwr90pDC.SLICE_403 has no outgoing device arc
SLICE/CIN1 input g_use_ml_on.u_lsc_ml.lscc_compact_cnn_accelerator_inst.I0xGH9K76jA8L2ocEeBGyCkKGAuI7x2.IbLekwehum9BwGi2v6gpIys3cbrhbwr90pDC.SLICE_403 has no outgoing device arc
     ** g_use_ml_on.u_lsc_ml.lscc_compact_cnn_accelerator_inst.I0xGH9K76jA8L2ocEeBGyCkKGAuI7x2.IbLekwehum9BwGi2v6gpIys3cbrhbwr90pDC.SLICE_403/COUT0 is driving a pin on an incomplete path
SLICE/C0 input g_use_ml_on.u_lsc_ml.lscc_compact_cnn_accelerator_inst.I0xGH9K76jA8L2ocEeBGyCkKGAuI7x2.IbLekwehum9BwGi2v6gpIys3cbrhbwr90pDC.SLICE_403 is on an incomplete path
SLICE/B0 input g_use_ml_on.u_lsc_ml.lscc_compact_cnn_accelerator_inst.I0xGH9K76jA8L2ocEeBGyCkKGAuI7x2.IbLekwehum9BwGi2v6gpIys3cbrhbwr90pDC.SLICE_403 is on an incomplete path
SLICE/CIN0 input g_use_ml_on.u_lsc_ml.lscc_compact_cnn_accelerator_inst.I0xGH9K76jA8L2ocEeBGyCkKGAuI7x2.IbLekwehum9BwGi2v6gpIys3cbrhbwr90pDC.SLICE_403 is on an incomplete path
SLICE/CIN1 input g_use_ml_on.u_lsc_ml.lscc_compact_cnn_accelerator_inst.I0xGH9K76jA8L2ocEeBGyCkKGAuI7x2.IbLekwehum9BwGi2v6gpIys3cbrhbwr90pDC.Id8iw12Az0Jxm7tCqorsn79fGI22EepkkahheA1ovl6.SLICE_408 has no outgoing device arc
SLICE/CIN0 input g_use_ml_on.u_lsc_ml.lscc_compact_cnn_accelerator_inst.I0xGH9K76jA8L2ocEeBGyCkKGAuI7x2.IbLekwehum9BwGi2v6gpIys3cbrhbwr90pDC.SLICE_415 is on an incomplete path
SLICE/CIN0 input g_use_ml_on.u_lsc_ml.lscc_compact_cnn_accelerator_inst.I0xGH9K76jA8L2ocEeBGyCkKGAuI7x2.IbLekwehum9BwGi2v6gpIys3cbrhbwr90pDC.SLICE_421 is on an incomplete path
SLICE/CIN0 input g_use_ml_on.u_lsc_ml.lscc_compact_cnn_accelerator_inst.I0xGH9K76jA8L2ocEeBGyCkKGAuI7x2.IbLekwehum9BwGi2v6gpIys3cbrhbwr90pDC.SLICE_427 is on an incomplete path
SLICE/CIN0 input g_use_ml_on.u_lsc_ml.lscc_compact_cnn_accelerator_inst.I0xGH9K76jA8L2ocEeBGyCkKGAuI7x2.IbLekwehum9BwGi2v6gpIys3cbrhbwr90pDC.SLICE_433 is on an incomplete path
SLICE/CIN0 input g_use_ml_on.u_lsc_ml.lscc_compact_cnn_accelerator_inst.I0xGH9K76jA8L2ocEeBGyCkKGAuI7x2.IbLekwehum9BwGi2v6gpIys3cbrhbwr90pDC.SLICE_439 is on an incomplete path
SLICE/CIN1 input g_use_ml_on.u_lsc_ml.lscc_compact_cnn_accelerator_inst.I0xGH9K76jA8L2ocEeBGyCkKGAuI7x2.IbLekwehum9BwGi2v6gpIys3cbrhbwr90pDC.Id8iw12Ad84mC36wk7B9x900y36Lh2kyehegoxmGogq.SLICE_446 has no outgoing device arc
SLICE/CIN0 input g_use_ml_on.u_lsc_ml.lscc_compact_cnn_accelerator_inst.I0xGH9K76jA8L2ocEeBGyCkKGAuI7x2.IbLekwehum9BwGi2v6gpIys3cbrhbwr90pDC.SLICE_453 is on an incomplete path
SLICE/CIN1 input g_use_ml_on.u_lsc_ml.lscc_compact_cnn_accelerator_inst.I0xGH9K76jA8L2ocEeBGyCkKGAuI7x2.Iewuwdkcf7LAyiimrmhqvzB38HeKyug896LjxsD6429icejuo8Aelf7nzfsrd99hgnAra2ehB.IqufActhCeLbsqewnw7eBdvtatgLzoA7zJ7hhecLwh16.IzJBdxIECGrr7Lpw6uKgq.SLICE_460 has no outgoing device arc
SLICE/CIN1 input g_use_ml_on.u_lsc_ml.lscc_compact_cnn_accelerator_inst.I0xGH9K76jA8L2ocEeBGyCkKGAuI7x2.Iewuwdkcf7LAyiimrmhqvzB38HeKyug896LjxsD6429icejuo8Aelf7nzfsrd99hgnAra2ehB.IqufActhCeLbsqewnxfFsEqDxb2frsIw5mCnw3lqEzra.IzJBdxIECGrr7Lpw6uKgq.SLICE_469 has no outgoing device arc
SLICE/CIN1 input g_use_ml_on.u_lsc_ml.lscc_compact_cnn_accelerator_inst.I0xGH9K76jA8L2ocEeBGyCkKGAuI7x2.Iewuwdkcf7LAyiimrmhqvzB38HeKyug896LjxsD6429icejuo8Aelf7nzfsrd99hgnAra2ehB.IqufActhCeLbsqewnyEHFHKzr1q27911ezkCA7ICsawq.IzJBdxIECGrr7Lpw6uKgq.SLICE_478 has no outgoing device arc
SLICE/D1 input g_use_ml_on.u_lsc_ml.lscc_compact_cnn_accelerator_inst.I0xGH9K76jA8L2ocEeBGyCkKGAuI7x2.IbLek4lcywpdn92q8c1uE084bwDCegGAtD7b.IwKmvwouHzjHon9mI6Dba.SLICE_623 has no outgoing device arc
SLICE/D0 input g_use_ml_on.u_lsc_ml.lscc_compact_cnn_accelerator_inst.I0xGH9K76jA8L2ocEeBGyCkKGAuI7x2.IbLek4lcywpdn92q8c1uE084bwDCegGAtD7b.IwKmvwouHzjHon9mI6Dba.SLICE_623 has no outgoing device arc
SLICE/D0 input g_use_ml_on.u_lsc_ml.lscc_compact_cnn_accelerator_inst.I0xGH9K76jA8L2ocEeBGyCkKGAuI7x2.IbLek4lcywpdn92q8c1uE084bwDCegGAtD7b.IwKmvwouHzjHon9K4Ffl6.SLICE_622 has no outgoing device arc
SLICE/CIN1 input g_use_ml_on.u_lsc_ml.lscc_compact_cnn_accelerator_inst.I0xGH9K76jA8L2ocEeBGyCkKGAuI7x2.IbLek4lcywpdn92q8c1uE084bwDCegGAtD7b.IwKmvwouHzjHon9K4Ffl6.SLICE_622 has no outgoing device arc
SLICE/D1 input g_use_ml_on.u_lsc_ml.lscc_compact_cnn_accelerator_inst.I0xGH9K76jA8L2ocEeBGyCkKGAuI7x2.IbLek4lcywpdn92q8c1uE084bwDCegGAtD7b.IwKmvwouHzjHon81kyyCq.SLICE_624 has no outgoing device arc
SLICE/D0 input g_use_ml_on.u_lsc_ml.lscc_compact_cnn_accelerator_inst.I0xGH9K76jA8L2ocEeBGyCkKGAuI7x2.IbLek4lcywpdn92q8c1uE084bwDCegGAtD7b.IwKmvwouHzjHon81kyyCq.SLICE_624 has no outgoing device arc
SLICE/CIN0 input g_use_ml_on.u_lsc_ml.lscc_compact_cnn_accelerator_inst.I0xGH9K76jA8L2ocEeBGyCkKGAuI7x2.Iewuwdkcf7LAyiimrmhqvzB38HeKyug896LjxsD6429icejuo8Aelf7nzfsrd99hgnAra2ehB.IqufActhCeLbsqewnwmqhozKzA7F7k2Iu42aD0G4dBCq.SLICE_487 is on an incomplete path
SLICE/CIN1 input g_use_ml_on.u_lsc_ml.lscc_compact_cnn_accelerator_inst.I0xGH9K76jA8L2ocEeBGyCkKGAuI7x2.Iewuwdkcf7LAyiimrmhqvzB38HeKyug896LjxsD6429icejuo8Aelf7nzfsrd99hgnAra2ehB.IqufActhCeLbsqewnzn6x6FJEjB8zD9qjEpJelfhAsl6.IzJBdxIECGrr7Lpw6uKgq.SLICE_495 has no outgoing device arc
SLICE/CIN1 input g_use_ml_on.u_lsc_ml.lscc_compact_cnn_accelerator_inst.I0xGH9K76jA8L2ocEeBGyCkKGAuI7x2.Iewuwdkcf7LAyiimrmhqvzB38HeKyug896LjxsD6429icejuo8Aelf7nzfsrd99hgnAra2ehB.IqufActhCeLbsqewnx04a3mlJ6bljxelA1HtCgt8kHgq.IzJBdxIECGrr7Lpw6uKgq.SLICE_504 has no outgoing device arc
SLICE/CIN1 input g_use_ml_on.u_lsc_ml.lscc_compact_cnn_accelerator_inst.I0xGH9K76jA8L2ocEeBGyCkKGAuI7x2.Iewuwdkcf7LAyiimrmhqvzB38HeKyug896LjxsD6429icejuo8Aelf7nzfsrd99hgnAra2ehB.IqufActhCeLbsqewnxLs4sh6uowrb1maFHa0f52d3mH6.IzJBdxIECGrr7Lpw6uKgq.SLICE_513 has no outgoing device arc
SLICE/CIN1 input g_use_ml_on.u_lsc_ml.lscc_compact_cnn_accelerator_inst.I0xGH9K76jA8L2ocEeBGyCkKGAuI7x2.Iewuwdkcf7LAyiimrmhqvzB38HeKyug896LjxsD6429icejuo8Aelf7nzfsrd99hgnAra2ehB.IqufActhCeLbsqewnyuhmhdeGIHwF5tBLkf6viAuL47a.IzJBdxIECGrr7Lpw6uKgq.SLICE_522 has no outgoing device arc
SLICE/CIN0 input g_use_ml_on.u_lsc_ml.lscc_compact_cnn_accelerator_inst.I0xGH9K76jA8L2ocEeBGyCkKGAuI7x2.Iewuwdkcf7LAyiimrmhqvzB38HeKyug896LjxsD6429icejuo8Aelf7nzfsrd99hgnAra2ehB.IdwdGvEIFLz6y92Lmw37LHEs6HAbiEmrJ80bkdEArII.SLICE_531 is on an incomplete path
SLICE/CIN0 input g_use_ml_on.u_lsc_ml.lscc_compact_cnn_accelerator_inst.I0xGH9K76jA8L2ocEeBGyCkKGAuI7x2.Iewuwdkcf7LAyiimrmhqvzB38HeKyug896LjxsD6429icejuo8Aelf7nzfsrd99hgnAra2ehB.IdwdGvEIFLz6y92Lmw37LHEs6HAbiEmrJ80bkdEArII.SLICE_538 is on an incomplete path
SLICE/CIN0 input g_use_ml_on.u_lsc_ml.lscc_compact_cnn_accelerator_inst.I0xGH9K76jA8L2ocEeBGyCkKGAuI7x2.Iewuwdkcf7LAyiimrmhqvzB38HeKyug896LjxsD6429icejuo8Aelf7nzfsrd99hgnAra2ehB.IdwdGvEIFLz6y93gi60aw9sz8FftBkbt5D8tLFK6DmI.SLICE_545 is on an incomplete path
SLICE/CIN0 input g_use_ml_on.u_lsc_ml.lscc_compact_cnn_accelerator_inst.I0xGH9K76jA8L2ocEeBGyCkKGAuI7x2.Iewuwdkcf7LAyiimrmhqvzB38HeKyug896LjxsD6429icejuo8Aelf7nzfsrd99hgnAra2ehB.IdwdGvEIFLz6y93gi60aw9sz8FftBkbt5D8tLFK6DmI.SLICE_552 is on an incomplete path
SLICE/CIN0 input g_use_ml_on.u_lsc_ml.lscc_compact_cnn_accelerator_inst.I0xGH9K76jA8L2ocEeBGyCkKGAuI7x2.Iewuwdkcf7LAyiimrmhqvzB38HeKyug896LjxsD6429icejuo8Aelf7nzfsrd99hgnAra2ehB.IdwdGvEIFLz6y93dFJll5gjDsjL31AfdevL39nm8ah2.SLICE_559 is on an incomplete path
SLICE/CIN0 input g_use_ml_on.u_lsc_ml.lscc_compact_cnn_accelerator_inst.I0xGH9K76jA8L2ocEeBGyCkKGAuI7x2.Iewuwdkcf7LAyiimrmhqvzB38HeKyug896LjxsD6429icejuo8Aelf7nzfsrd99hgnAra2ehB.IdwdGvEIFLz6y93dFJll5gjDsjL31AfdevL39nm8ah2.SLICE_566 is on an incomplete path
SLICE/CIN0 input g_use_ml_on.u_lsc_ml.lscc_compact_cnn_accelerator_inst.I0xGH9K76jA8L2ocEeBGyCkKGAuI7x2.Iewuwdkcf7LAyiimrmhqvzB38HeKyug896LjxsD6429icejuo8Aelf7nzfsrd99hgnAra2ehB.IdwdGvEIFLz6y93b1jIwDzbfb0FDsoi8zemDw609jcm.SLICE_573 is on an incomplete path
SLICE/CIN0 input g_use_ml_on.u_lsc_ml.lscc_compact_cnn_accelerator_inst.I0xGH9K76jA8L2ocEeBGyCkKGAuI7x2.Iewuwdkcf7LAyiimrmhqvzB38HeKyug896LjxsD6429icejuo8Aelf7nzfsrd99hgnAra2ehB.IdwdGvEIFLz6y93b1jIwDzbfb0FDsoi8zemDw609jcm.SLICE_580 is on an incomplete path
SLICE/CIN0 input g_use_ml_on.u_lsc_ml.lscc_compact_cnn_accelerator_inst.I0xGH9K76jA8L2ocEeBGyCkKGAuI7x2.Iewuwdkcf7LAyiimrmhqvzB38HeKyug896LjxsD6429icejuo8Aelf7nzfsrd99hgnAra2ehB.IdwdGvEIFLz6y93ixtEBoq1mdyljK5JAljvkmw654sm.SLICE_587 is on an incomplete path
SLICE/CIN0 input g_use_ml_on.u_lsc_ml.lscc_compact_cnn_accelerator_inst.I0xGH9K76jA8L2ocEeBGyCkKGAuI7x2.Iewuwdkcf7LAyiimrmhqvzB38HeKyug896LjxsD6429icejuo8Aelf7nzfsrd99hgnAra2ehB.SLICE_594 is on an incomplete path
SLICE/CIN0 input g_use_ml_on.u_lsc_ml.lscc_compact_cnn_accelerator_inst.I0xGH9K76jA8L2ocEeBGyCkKGAuI7x2.Iewuwdkcf7LAyiimrmhqvzB38HeKyug896LjxsD6429icejuo8Aelf7nzfsrd99hgnAra2ehB.Il9gbed8d3qrq3sy1fmD91GCav1J8Jq9aw3K66LAJxcDHb4.SLICE_599 is on an incomplete path
SLICE/CIN0 input g_use_ml_on.u_lsc_ml.lscc_compact_cnn_accelerator_inst.I0xGH9K76jA8L2ocEeBGyCkKGAuI7x2.If4BpzAJGzcgB2lqyJJvvA36wwHx8v.Ii17KBdb5vLAAGG17.SLICE_604 is on an incomplete path
SLICE/CIN1 input g_use_ml_on.u_lsc_ml.lscc_compact_cnn_accelerator_inst.I0xGH9K76jA8L2ocEeBGyCkKGAuI7x2.If4BpzAJGzcgB2lqyJJvvA36wwHx8v.Ii17KBdb5vHzsbtwr.IzJBdxIECGrr7Lpw6uKgq.SLICE_613 has no outgoing device arc
SLICE/D1 input g_use_ml_on.u_lsc_ml.lscc_compact_cnn_accelerator_inst.I0xGH9K76jA8L2ocEeBGyCkKGAuI7x2.IbLek4lcywpdn92q8c1uE084bwDCegGAtD7b.Ieo6qbi7Ih8Ff7qk7LH6.SLICE_628 has no outgoing device arc
SLICE/D0 input g_use_ml_on.u_lsc_ml.lscc_compact_cnn_accelerator_inst.I0xGH9K76jA8L2ocEeBGyCkKGAuI7x2.IbLek4lcywpdn92q8c1uE084bwDCegGAtD7b.Ieo6qbi7Ih8Ff7qk7LH6.SLICE_628 has no outgoing device arc
SLICE/D1 input g_use_ml_on.u_lsc_ml.lscc_compact_cnn_accelerator_inst.I0xGH9K76jA8L2ocEeBGyCkKGAuI7x2.IbLek4lcywpdn92q8c1uE084bwDCegGAtD7b.Ieo6qbi7Ih8Ff895c2ra.SLICE_626 has no outgoing device arc
SLICE/D0 input g_use_ml_on.u_lsc_ml.lscc_compact_cnn_accelerator_inst.I0xGH9K76jA8L2ocEeBGyCkKGAuI7x2.IbLek4lcywpdn92q8c1uE084bwDCegGAtD7b.Ieo6qbi7Ih8Ff895c2ra.SLICE_626 has no outgoing device arc
SLICE/D1 input g_use_ml_on.u_lsc_ml.lscc_compact_cnn_accelerator_inst.I0xGH9K76jA8L2ocEeBGyCkKGAuI7x2.IbLek4lcywpdn92q8c1uE084bwDCegGAtD7b.Ieo6qbi7Ih8Ff64yz77a.SLICE_629 has no outgoing device arc
SLICE/D0 input g_use_ml_on.u_lsc_ml.lscc_compact_cnn_accelerator_inst.I0xGH9K76jA8L2ocEeBGyCkKGAuI7x2.IbLek4lcywpdn92q8c1uE084bwDCegGAtD7b.Ieo6qbi7Ih8Ff64yz77a.SLICE_629 has no outgoing device arc
SLICE/D1 input g_use_ml_on.u_lsc_ml.lscc_compact_cnn_accelerator_inst.I0xGH9K76jA8L2ocEeBGyCkKGAuI7x2.IbLek4lcywpdn92q8c1uE084bwDCegGAtD7b.Ieo6qbi7Ih8Ff8bIGogq.SLICE_627 has no outgoing device arc
SLICE/D0 input g_use_ml_on.u_lsc_ml.lscc_compact_cnn_accelerator_inst.I0xGH9K76jA8L2ocEeBGyCkKGAuI7x2.IbLek4lcywpdn92q8c1uE084bwDCegGAtD7b.Ieo6qbi7Ih8Ff8bIGogq.SLICE_627 has no outgoing device arc
SLICE/D1 input g_use_ml_on.u_lsc_ml.lscc_compact_cnn_accelerator_inst.I0xGH9K76jA8L2ocEeBGyCkKGAuI7x2.IbLek4lcywpdn92q8c1uE084bwDCegGAtD7b.Ieo6qbi7Ih8Ff9vrkG16.SLICE_625 has no outgoing device arc
SLICE/D0 input g_use_ml_on.u_lsc_ml.lscc_compact_cnn_accelerator_inst.I0xGH9K76jA8L2ocEeBGyCkKGAuI7x2.IbLek4lcywpdn92q8c1uE084bwDCegGAtD7b.Ieo6qbi7Ih8Ff9vrkG16.SLICE_625 has no outgoing device arc
SLICE/CIN0 input g_use_ml_on.u_lsc_ml.lscc_compact_cnn_accelerator_inst.I0xGH9K76jA8L2ocEeBGyCkKGAuI7x2.IbLek4lcywpdn92q8c1uE084bwDCegGAtD7b.SLICE_631 is on an incomplete path
SLICE/CIN0 input g_use_ml_on.u_lsc_ml.lscc_compact_cnn_accelerator_inst.I0xGH9K76jA8L2ocEeBGyCkKGAuI7x2.IbLek4lcywpdn92q8c1uE084bwDCegGAtD7b.Il9gbed8d3qrq3sy1fmD91GCav1J8Jq9aw3K66LAJx2m3gJ.SLICE_636 is on an incomplete path
SLICE/D1 input g_use_ml_on.u_lsc_ml.lscc_compact_cnn_accelerator_inst.I0xGH9K76jA8L2ocEeBGyCkKGAuI7x2.IbB6uEKsmGCrzaFEnHb857sa3f.SLICE_641 has no outgoing device arc
SLICE/CIN1 input g_use_ml_on.u_lsc_ml.lscc_compact_cnn_accelerator_inst.I0xGH9K76jA8L2ocEeBGyCkKGAuI7x2.IbB6uEKsmGCrzaFEnHb857sa3f.SLICE_641 has no outgoing device arc
     ** g_use_ml_on.u_lsc_ml.lscc_compact_cnn_accelerator_inst.I0xGH9K76jA8L2ocEeBGyCkKGAuI7x2.IbB6uEKsmGCrzaFEnHb857sa3f.SLICE_641/COUT0 is driving a pin on an incomplete path
SLICE/C0 input g_use_ml_on.u_lsc_ml.lscc_compact_cnn_accelerator_inst.I0xGH9K76jA8L2ocEeBGyCkKGAuI7x2.IbB6uEKsmGCrzaFEnHb857sa3f.SLICE_641 is on an incomplete path
SLICE/B0 input g_use_ml_on.u_lsc_ml.lscc_compact_cnn_accelerator_inst.I0xGH9K76jA8L2ocEeBGyCkKGAuI7x2.IbB6uEKsmGCrzaFEnHb857sa3f.SLICE_641 is on an incomplete path
SLICE/CIN0 input g_use_ml_on.u_lsc_ml.lscc_compact_cnn_accelerator_inst.I0xGH9K76jA8L2ocEeBGyCkKGAuI7x2.IbB6uEKsmGCrzaFEnHb857sa3f.SLICE_641 is on an incomplete path
SLICE/CIN0 input g_use_ml_on.u_lsc_ml.lscc_compact_cnn_accelerator_inst.I0xGH9K76jA8L2ocEeBGyCkKGAuI7x2.IbB6uEKsmGCrzaFEnHb857sa3f.SLICE_662 is on an incomplete path
SLICE/D1 input g_use_ml_on.u_lsc_ml.lscc_compact_cnn_accelerator_inst.I0xGH9K76jA8L2ocEeBGyCkKGAuI7x2.I1fj28itvCa6eKluHc2DB.SLICE_671 has no outgoing device arc
SLICE/CIN1 input g_use_ml_on.u_lsc_ml.lscc_compact_cnn_accelerator_inst.I0xGH9K76jA8L2ocEeBGyCkKGAuI7x2.I1fj28itvCa6eKluHc2DB.SLICE_671 has no outgoing device arc
     ** g_use_ml_on.u_lsc_ml.lscc_compact_cnn_accelerator_inst.I0xGH9K76jA8L2ocEeBGyCkKGAuI7x2.I1fj28itvCa6eKluHc2DB.SLICE_671/COUT0 is driving a pin on an incomplete path
SLICE/C0 input g_use_ml_on.u_lsc_ml.lscc_compact_cnn_accelerator_inst.I0xGH9K76jA8L2ocEeBGyCkKGAuI7x2.I1fj28itvCa6eKluHc2DB.SLICE_671 is on an incomplete path
SLICE/B0 input g_use_ml_on.u_lsc_ml.lscc_compact_cnn_accelerator_inst.I0xGH9K76jA8L2ocEeBGyCkKGAuI7x2.I1fj28itvCa6eKluHc2DB.SLICE_671 is on an incomplete path
SLICE/CIN0 input g_use_ml_on.u_lsc_ml.lscc_compact_cnn_accelerator_inst.I0xGH9K76jA8L2ocEeBGyCkKGAuI7x2.I1fj28itvCa6eKluHc2DB.SLICE_671 is on an incomplete path
SLICE/D1 input g_use_ml_on.u_lsc_ml.lscc_compact_cnn_accelerator_inst.I0xGH9K76jA8L2ocEeBGyCkKGAuI7x2.I1fj28itvCa6eKluHc2DB.SLICE_676 has no outgoing device arc
SLICE/CIN1 input g_use_ml_on.u_lsc_ml.lscc_compact_cnn_accelerator_inst.I0xGH9K76jA8L2ocEeBGyCkKGAuI7x2.I1fj28itvCa6eKluHc2DB.SLICE_676 has no outgoing device arc
     ** g_use_ml_on.u_lsc_ml.lscc_compact_cnn_accelerator_inst.I0xGH9K76jA8L2ocEeBGyCkKGAuI7x2.I1fj28itvCa6eKluHc2DB.SLICE_676/COUT0 is driving a pin on an incomplete path
SLICE/C0 input g_use_ml_on.u_lsc_ml.lscc_compact_cnn_accelerator_inst.I0xGH9K76jA8L2ocEeBGyCkKGAuI7x2.I1fj28itvCa6eKluHc2DB.SLICE_676 is on an incomplete path
SLICE/B0 input g_use_ml_on.u_lsc_ml.lscc_compact_cnn_accelerator_inst.I0xGH9K76jA8L2ocEeBGyCkKGAuI7x2.I1fj28itvCa6eKluHc2DB.SLICE_676 is on an incomplete path
SLICE/CIN0 input g_use_ml_on.u_lsc_ml.lscc_compact_cnn_accelerator_inst.I0xGH9K76jA8L2ocEeBGyCkKGAuI7x2.I1fj28itvCa6eKluHc2DB.SLICE_676 is on an incomplete path
SLICE/D1 input u_spi_lcd_tx.SLICE_687 has no outgoing device arc
SLICE/CIN1 input u_spi_lcd_tx.SLICE_687 has no outgoing device arc
     ** u_spi_lcd_tx.SLICE_687/COUT0 is driving a pin on an incomplete path
SLICE/C0 input u_spi_lcd_tx.SLICE_687 is on an incomplete path
SLICE/CIN0 input u_spi_lcd_tx.SLICE_687 is on an incomplete path
SLICE/C1 input g_on_wide_br.u_ice40_himax_video_process_128_32_wide.SLICE_2984 is on an incomplete path
SLICE/B1 input g_on_wide_br.u_ice40_himax_video_process_128_32_wide.SLICE_2984 is on an incomplete path
SLICE/D1 input u_himax_led_strobe.SLICE_3652 is on an incomplete path
SLICE/C1 input u_himax_led_strobe.SLICE_3652 is on an incomplete path
SLICE/B1 input u_himax_led_strobe.SLICE_3652 is on an incomplete path
SLICE/D0 input u_himax_led_strobe.SLICE_3652 is on an incomplete path
SLICE/C0 input u_himax_led_strobe.SLICE_3652 is on an incomplete path
SLICE/A0 input u_himax_led_strobe.SLICE_3652 is on an incomplete path
SLICE/D0 input u_himax_led_strobe.SLICE_3654 is on an incomplete path
SLICE/C0 input u_himax_led_strobe.SLICE_3654 is on an incomplete path
SLICE/A0 input u_himax_led_strobe.SLICE_3654 is on an incomplete path
SLICE/C1 input u_himax_led_strobe.SLICE_3935 is on an incomplete path
SLICE/B1 input u_himax_led_strobe.SLICE_3935 is on an incomplete path
SLICE/D0 input u_himax_led_strobe.SLICE_3935 is on an incomplete path
SLICE/B0 input u_himax_led_strobe.SLICE_3935 is on an incomplete path
SLICE/D1 input u_himax_led_strobe.SLICE_3939 is on an incomplete path
SLICE/C1 input u_himax_led_strobe.SLICE_3939 is on an incomplete path
SLICE/B0 input u_himax_led_strobe.SLICE_3939 is on an incomplete path
SLICE/A0 input u_himax_led_strobe.SLICE_3939 is on an incomplete path
SLICE/C0 input u_himax_led_strobe.SLICE_3942 is on an incomplete path
SLICE/A0 input u_himax_led_strobe.SLICE_3942 is on an incomplete path
SLICE/B0 input u_himax_led_strobe.SLICE_3938 is on an incomplete path
SLICE/A0 input u_himax_led_strobe.SLICE_3938 is on an incomplete path
SLICE/C0 input u_himax_led_strobe.SLICE_3937 is on an incomplete path
SLICE/A0 input u_himax_led_strobe.SLICE_3937 is on an incomplete path
SLICE/D0 input u_himax_led_strobe.SLICE_3941 is on an incomplete path
SLICE/B0 input u_himax_led_strobe.SLICE_3941 is on an incomplete path
DSP/O23 output  g_use_ml_on.u_lsc_ml.lscc_compact_cnn_accelerator_inst.I0xGH9K76jA8L2ocEeBGyCkKGAuI7x2.Iewuwdkcf7LAyiimrmhqvzB38HeKyug896LjxsD6429icejuo8Aelf7nzfsrd99hgnAra2ehB.IdwdGvEIFLz6y92Lmw37LHEs6HAbiEmrJ80bkdEArII.II8CAmzbrpL6byisI7pEL1AKxqh2.IowAs4riplpdJa.IFkuj6r6 has no incoming device arc
DSP/O22 output  g_use_ml_on.u_lsc_ml.lscc_compact_cnn_accelerator_inst.I0xGH9K76jA8L2ocEeBGyCkKGAuI7x2.Iewuwdkcf7LAyiimrmhqvzB38HeKyug896LjxsD6429icejuo8Aelf7nzfsrd99hgnAra2ehB.IdwdGvEIFLz6y92Lmw37LHEs6HAbiEmrJ80bkdEArII.II8CAmzbrpL6byisI7pEL1AKxqh2.IowAs4riplpdJa.IFkuj6r6 has no incoming device arc
DSP/O21 output  g_use_ml_on.u_lsc_ml.lscc_compact_cnn_accelerator_inst.I0xGH9K76jA8L2ocEeBGyCkKGAuI7x2.Iewuwdkcf7LAyiimrmhqvzB38HeKyug896LjxsD6429icejuo8Aelf7nzfsrd99hgnAra2ehB.IdwdGvEIFLz6y92Lmw37LHEs6HAbiEmrJ80bkdEArII.II8CAmzbrpL6byisI7pEL1AKxqh2.IowAs4riplpdJa.IFkuj6r6 has no incoming device arc
DSP/O20 output  g_use_ml_on.u_lsc_ml.lscc_compact_cnn_accelerator_inst.I0xGH9K76jA8L2ocEeBGyCkKGAuI7x2.Iewuwdkcf7LAyiimrmhqvzB38HeKyug896LjxsD6429icejuo8Aelf7nzfsrd99hgnAra2ehB.IdwdGvEIFLz6y92Lmw37LHEs6HAbiEmrJ80bkdEArII.II8CAmzbrpL6byisI7pEL1AKxqh2.IowAs4riplpdJa.IFkuj6r6 has no incoming device arc
     *** g_use_ml_on.u_lsc_ml.lscc_compact_cnn_accelerator_inst.I0xGH9K76jA8L2ocEeBGyCkKGAuI7x2.Iewuwdkcf7LAyiimrmhqvzB38HeKyug896LjxsD6429icejuo8Aelf7nzfsrd99hgnAra2ehB.IdwdGvEIFLz6y92Lmw37LHEs6HAbiEmrJ80bkdEArII.II8CAmzbrpL6byisI7pEL1AKxqh2.SLICE_1600/B0 is driven by constant or a pin on an incomplete path
     *** g_use_ml_on.u_lsc_ml.lscc_compact_cnn_accelerator_inst.I0xGH9K76jA8L2ocEeBGyCkKGAuI7x2.Iewuwdkcf7LAyiimrmhqvzB38HeKyug896LjxsD6429icejuo8Aelf7nzfsrd99hgnAra2ehB.IdwdGvEIFLz6y92Lmw37LHEs6HAbiEmrJ80bkdEArII.II8CAmzbrpL6byisI7pEL1AKxqh2.SLICE_1594/A1 is driven by constant or a pin on an incomplete path
     *** g_use_ml_on.u_lsc_ml.lscc_compact_cnn_accelerator_inst.I0xGH9K76jA8L2ocEeBGyCkKGAuI7x2.Iewuwdkcf7LAyiimrmhqvzB38HeKyug896LjxsD6429icejuo8Aelf7nzfsrd99hgnAra2ehB.IdwdGvEIFLz6y92Lmw37LHEs6HAbiEmrJ80bkdEArII.II8CAmzbrpL6byisI7pEL1AKxqh2.SLICE_1598/B0 is driven by constant or a pin on an incomplete path
     *** g_use_ml_on.u_lsc_ml.lscc_compact_cnn_accelerator_inst.I0xGH9K76jA8L2ocEeBGyCkKGAuI7x2.Iewuwdkcf7LAyiimrmhqvzB38HeKyug896LjxsD6429icejuo8Aelf7nzfsrd99hgnAra2ehB.IdwdGvEIFLz6y92Lmw37LHEs6HAbiEmrJ80bkdEArII.II8CAmzbrpL6byisI7pEL1AKxqh2.SLICE_1601/B0 is driven by constant or a pin on an incomplete path
SLICE/F0 output  g_use_ml_on.u_lsc_ml.lscc_compact_cnn_accelerator_inst.I0xGH9K76jA8L2ocEeBGyCkKGAuI7x2.Iewuwdkcf7LAyiimrmhqvzB38HeKyug896LjxsD6429icejuo8Aelf7nzfsrd99hgnAra2ehB.IdwdGvEIFLz6y92Lmw37LHEs6HAbiEmrJ80bkdEArII.II8CAmzbrpL6byisI7pEL1AKxqh2.SLICE_1598 has no incoming device arc
     *** g_use_ml_on.u_lsc_ml.lscc_compact_cnn_accelerator_inst.I0xGH9K76jA8L2ocEeBGyCkKGAuI7x2.Iewuwdkcf7LAyiimrmhqvzB38HeKyug896LjxsD6429icejuo8Aelf7nzfsrd99hgnAra2ehB.IdwdGvEIFLz6y92Lmw37LHEs6HAbiEmrJ80bkdEArII.II8CAmzbrpL6byisI7pEL1AKxqh2.SLICE_1598/DI0 is driven by constant or a pin on an incomplete path
SLICE/F0 output  g_use_ml_on.u_lsc_ml.lscc_compact_cnn_accelerator_inst.I0xGH9K76jA8L2ocEeBGyCkKGAuI7x2.Iewuwdkcf7LAyiimrmhqvzB38HeKyug896LjxsD6429icejuo8Aelf7nzfsrd99hgnAra2ehB.IdwdGvEIFLz6y92Lmw37LHEs6HAbiEmrJ80bkdEArII.II8CAmzbrpL6byisI7pEL1AKxqh2.SLICE_1601 has no incoming device arc
     *** g_use_ml_on.u_lsc_ml.lscc_compact_cnn_accelerator_inst.I0xGH9K76jA8L2ocEeBGyCkKGAuI7x2.Iewuwdkcf7LAyiimrmhqvzB38HeKyug896LjxsD6429icejuo8Aelf7nzfsrd99hgnAra2ehB.IdwdGvEIFLz6y92Lmw37LHEs6HAbiEmrJ80bkdEArII.II8CAmzbrpL6byisI7pEL1AKxqh2.SLICE_1601/DI0 is driven by constant or a pin on an incomplete path
SLICE/F1 output  g_use_ml_on.u_lsc_ml.lscc_compact_cnn_accelerator_inst.I0xGH9K76jA8L2ocEeBGyCkKGAuI7x2.Iewuwdkcf7LAyiimrmhqvzB38HeKyug896LjxsD6429icejuo8Aelf7nzfsrd99hgnAra2ehB.IdwdGvEIFLz6y92Lmw37LHEs6HAbiEmrJ80bkdEArII.II8CAmzbrpL6byisI7pEL1AKxqh2.SLICE_1594 has no incoming device arc
     *** g_use_ml_on.u_lsc_ml.lscc_compact_cnn_accelerator_inst.I0xGH9K76jA8L2ocEeBGyCkKGAuI7x2.Iewuwdkcf7LAyiimrmhqvzB38HeKyug896LjxsD6429icejuo8Aelf7nzfsrd99hgnAra2ehB.IdwdGvEIFLz6y92Lmw37LHEs6HAbiEmrJ80bkdEArII.II8CAmzbrpL6byisI7pEL1AKxqh2.SLICE_1594/DI1 is driven by constant or a pin on an incomplete path
SLICE/F0 output  g_use_ml_on.u_lsc_ml.lscc_compact_cnn_accelerator_inst.I0xGH9K76jA8L2ocEeBGyCkKGAuI7x2.Iewuwdkcf7LAyiimrmhqvzB38HeKyug896LjxsD6429icejuo8Aelf7nzfsrd99hgnAra2ehB.IdwdGvEIFLz6y92Lmw37LHEs6HAbiEmrJ80bkdEArII.II8CAmzbrpL6byisI7pEL1AKxqh2.SLICE_1600 has no incoming device arc
     *** g_use_ml_on.u_lsc_ml.lscc_compact_cnn_accelerator_inst.I0xGH9K76jA8L2ocEeBGyCkKGAuI7x2.Iewuwdkcf7LAyiimrmhqvzB38HeKyug896LjxsD6429icejuo8Aelf7nzfsrd99hgnAra2ehB.IdwdGvEIFLz6y92Lmw37LHEs6HAbiEmrJ80bkdEArII.II8CAmzbrpL6byisI7pEL1AKxqh2.SLICE_1600/DI0 is driven by constant or a pin on an incomplete path
DSP/O23 output  g_use_ml_on.u_lsc_ml.lscc_compact_cnn_accelerator_inst.I0xGH9K76jA8L2ocEeBGyCkKGAuI7x2.Iewuwdkcf7LAyiimrmhqvzB38HeKyug896LjxsD6429icejuo8Aelf7nzfsrd99hgnAra2ehB.IdwdGvEIFLz6y93gi60aw9sz8FftBkbt5D8tLFK6DmI.II8CAmzbrpL6byisI7pEL1AKxqh2.IowAs4riplpdJa.IFkuj6r6 has no incoming device arc
DSP/O22 output  g_use_ml_on.u_lsc_ml.lscc_compact_cnn_accelerator_inst.I0xGH9K76jA8L2ocEeBGyCkKGAuI7x2.Iewuwdkcf7LAyiimrmhqvzB38HeKyug896LjxsD6429icejuo8Aelf7nzfsrd99hgnAra2ehB.IdwdGvEIFLz6y93gi60aw9sz8FftBkbt5D8tLFK6DmI.II8CAmzbrpL6byisI7pEL1AKxqh2.IowAs4riplpdJa.IFkuj6r6 has no incoming device arc
DSP/O21 output  g_use_ml_on.u_lsc_ml.lscc_compact_cnn_accelerator_inst.I0xGH9K76jA8L2ocEeBGyCkKGAuI7x2.Iewuwdkcf7LAyiimrmhqvzB38HeKyug896LjxsD6429icejuo8Aelf7nzfsrd99hgnAra2ehB.IdwdGvEIFLz6y93gi60aw9sz8FftBkbt5D8tLFK6DmI.II8CAmzbrpL6byisI7pEL1AKxqh2.IowAs4riplpdJa.IFkuj6r6 has no incoming device arc
DSP/O20 output  g_use_ml_on.u_lsc_ml.lscc_compact_cnn_accelerator_inst.I0xGH9K76jA8L2ocEeBGyCkKGAuI7x2.Iewuwdkcf7LAyiimrmhqvzB38HeKyug896LjxsD6429icejuo8Aelf7nzfsrd99hgnAra2ehB.IdwdGvEIFLz6y93gi60aw9sz8FftBkbt5D8tLFK6DmI.II8CAmzbrpL6byisI7pEL1AKxqh2.IowAs4riplpdJa.IFkuj6r6 has no incoming device arc
     *** g_use_ml_on.u_lsc_ml.lscc_compact_cnn_accelerator_inst.I0xGH9K76jA8L2ocEeBGyCkKGAuI7x2.Iewuwdkcf7LAyiimrmhqvzB38HeKyug896LjxsD6429icejuo8Aelf7nzfsrd99hgnAra2ehB.IdwdGvEIFLz6y93gi60aw9sz8FftBkbt5D8tLFK6DmI.II8CAmzbrpL6byisI7pEL1AKxqh2.SLICE_1632/C1 is driven by constant or a pin on an incomplete path
     *** g_use_ml_on.u_lsc_ml.lscc_compact_cnn_accelerator_inst.I0xGH9K76jA8L2ocEeBGyCkKGAuI7x2.Iewuwdkcf7LAyiimrmhqvzB38HeKyug896LjxsD6429icejuo8Aelf7nzfsrd99hgnAra2ehB.IdwdGvEIFLz6y93gi60aw9sz8FftBkbt5D8tLFK6DmI.II8CAmzbrpL6byisI7pEL1AKxqh2.SLICE_1626/B1 is driven by constant or a pin on an incomplete path
     *** g_use_ml_on.u_lsc_ml.lscc_compact_cnn_accelerator_inst.I0xGH9K76jA8L2ocEeBGyCkKGAuI7x2.Iewuwdkcf7LAyiimrmhqvzB38HeKyug896LjxsD6429icejuo8Aelf7nzfsrd99hgnAra2ehB.IdwdGvEIFLz6y93gi60aw9sz8FftBkbt5D8tLFK6DmI.II8CAmzbrpL6byisI7pEL1AKxqh2.SLICE_1634/D0 is driven by constant or a pin on an incomplete path
     *** g_use_ml_on.u_lsc_ml.lscc_compact_cnn_accelerator_inst.I0xGH9K76jA8L2ocEeBGyCkKGAuI7x2.Iewuwdkcf7LAyiimrmhqvzB38HeKyug896LjxsD6429icejuo8Aelf7nzfsrd99hgnAra2ehB.IdwdGvEIFLz6y93gi60aw9sz8FftBkbt5D8tLFK6DmI.II8CAmzbrpL6byisI7pEL1AKxqh2.SLICE_1628/D1 is driven by constant or a pin on an incomplete path
SLICE/F1 output  g_use_ml_on.u_lsc_ml.lscc_compact_cnn_accelerator_inst.I0xGH9K76jA8L2ocEeBGyCkKGAuI7x2.Iewuwdkcf7LAyiimrmhqvzB38HeKyug896LjxsD6429icejuo8Aelf7nzfsrd99hgnAra2ehB.IdwdGvEIFLz6y93gi60aw9sz8FftBkbt5D8tLFK6DmI.II8CAmzbrpL6byisI7pEL1AKxqh2.SLICE_1632 has no incoming device arc
     *** g_use_ml_on.u_lsc_ml.lscc_compact_cnn_accelerator_inst.I0xGH9K76jA8L2ocEeBGyCkKGAuI7x2.Iewuwdkcf7LAyiimrmhqvzB38HeKyug896LjxsD6429icejuo8Aelf7nzfsrd99hgnAra2ehB.IdwdGvEIFLz6y93gi60aw9sz8FftBkbt5D8tLFK6DmI.II8CAmzbrpL6byisI7pEL1AKxqh2.SLICE_1632/DI1 is driven by constant or a pin on an incomplete path
SLICE/F1 output  g_use_ml_on.u_lsc_ml.lscc_compact_cnn_accelerator_inst.I0xGH9K76jA8L2ocEeBGyCkKGAuI7x2.Iewuwdkcf7LAyiimrmhqvzB38HeKyug896LjxsD6429icejuo8Aelf7nzfsrd99hgnAra2ehB.IdwdGvEIFLz6y93gi60aw9sz8FftBkbt5D8tLFK6DmI.II8CAmzbrpL6byisI7pEL1AKxqh2.SLICE_1626 has no incoming device arc
     *** g_use_ml_on.u_lsc_ml.lscc_compact_cnn_accelerator_inst.I0xGH9K76jA8L2ocEeBGyCkKGAuI7x2.Iewuwdkcf7LAyiimrmhqvzB38HeKyug896LjxsD6429icejuo8Aelf7nzfsrd99hgnAra2ehB.IdwdGvEIFLz6y93gi60aw9sz8FftBkbt5D8tLFK6DmI.II8CAmzbrpL6byisI7pEL1AKxqh2.SLICE_1626/DI1 is driven by constant or a pin on an incomplete path
SLICE/F1 output  g_use_ml_on.u_lsc_ml.lscc_compact_cnn_accelerator_inst.I0xGH9K76jA8L2ocEeBGyCkKGAuI7x2.Iewuwdkcf7LAyiimrmhqvzB38HeKyug896LjxsD6429icejuo8Aelf7nzfsrd99hgnAra2ehB.IdwdGvEIFLz6y93gi60aw9sz8FftBkbt5D8tLFK6DmI.II8CAmzbrpL6byisI7pEL1AKxqh2.SLICE_1628 has no incoming device arc
     *** g_use_ml_on.u_lsc_ml.lscc_compact_cnn_accelerator_inst.I0xGH9K76jA8L2ocEeBGyCkKGAuI7x2.Iewuwdkcf7LAyiimrmhqvzB38HeKyug896LjxsD6429icejuo8Aelf7nzfsrd99hgnAra2ehB.IdwdGvEIFLz6y93gi60aw9sz8FftBkbt5D8tLFK6DmI.II8CAmzbrpL6byisI7pEL1AKxqh2.SLICE_1628/DI1 is driven by constant or a pin on an incomplete path
SLICE/F0 output  g_use_ml_on.u_lsc_ml.lscc_compact_cnn_accelerator_inst.I0xGH9K76jA8L2ocEeBGyCkKGAuI7x2.Iewuwdkcf7LAyiimrmhqvzB38HeKyug896LjxsD6429icejuo8Aelf7nzfsrd99hgnAra2ehB.IdwdGvEIFLz6y93gi60aw9sz8FftBkbt5D8tLFK6DmI.II8CAmzbrpL6byisI7pEL1AKxqh2.SLICE_1634 has no incoming device arc
     *** g_use_ml_on.u_lsc_ml.lscc_compact_cnn_accelerator_inst.I0xGH9K76jA8L2ocEeBGyCkKGAuI7x2.Iewuwdkcf7LAyiimrmhqvzB38HeKyug896LjxsD6429icejuo8Aelf7nzfsrd99hgnAra2ehB.IdwdGvEIFLz6y93gi60aw9sz8FftBkbt5D8tLFK6DmI.II8CAmzbrpL6byisI7pEL1AKxqh2.SLICE_1634/DI0 is driven by constant or a pin on an incomplete path
DSP/O23 output  g_use_ml_on.u_lsc_ml.lscc_compact_cnn_accelerator_inst.I0xGH9K76jA8L2ocEeBGyCkKGAuI7x2.Iewuwdkcf7LAyiimrmhqvzB38HeKyug896LjxsD6429icejuo8Aelf7nzfsrd99hgnAra2ehB.IdwdGvEIFLz6y93dFJll5gjDsjL31AfdevL39nm8ah2.II8CAmzbrpL6byisI7pEL1AKxqh2.IowAs4riplpdJa.IFkuj6r6 has no incoming device arc
DSP/O22 output  g_use_ml_on.u_lsc_ml.lscc_compact_cnn_accelerator_inst.I0xGH9K76jA8L2ocEeBGyCkKGAuI7x2.Iewuwdkcf7LAyiimrmhqvzB38HeKyug896LjxsD6429icejuo8Aelf7nzfsrd99hgnAra2ehB.IdwdGvEIFLz6y93dFJll5gjDsjL31AfdevL39nm8ah2.II8CAmzbrpL6byisI7pEL1AKxqh2.IowAs4riplpdJa.IFkuj6r6 has no incoming device arc
DSP/O21 output  g_use_ml_on.u_lsc_ml.lscc_compact_cnn_accelerator_inst.I0xGH9K76jA8L2ocEeBGyCkKGAuI7x2.Iewuwdkcf7LAyiimrmhqvzB38HeKyug896LjxsD6429icejuo8Aelf7nzfsrd99hgnAra2ehB.IdwdGvEIFLz6y93dFJll5gjDsjL31AfdevL39nm8ah2.II8CAmzbrpL6byisI7pEL1AKxqh2.IowAs4riplpdJa.IFkuj6r6 has no incoming device arc
DSP/O20 output  g_use_ml_on.u_lsc_ml.lscc_compact_cnn_accelerator_inst.I0xGH9K76jA8L2ocEeBGyCkKGAuI7x2.Iewuwdkcf7LAyiimrmhqvzB38HeKyug896LjxsD6429icejuo8Aelf7nzfsrd99hgnAra2ehB.IdwdGvEIFLz6y93dFJll5gjDsjL31AfdevL39nm8ah2.II8CAmzbrpL6byisI7pEL1AKxqh2.IowAs4riplpdJa.IFkuj6r6 has no incoming device arc
     *** g_use_ml_on.u_lsc_ml.lscc_compact_cnn_accelerator_inst.I0xGH9K76jA8L2ocEeBGyCkKGAuI7x2.Iewuwdkcf7LAyiimrmhqvzB38HeKyug896LjxsD6429icejuo8Aelf7nzfsrd99hgnAra2ehB.IdwdGvEIFLz6y93dFJll5gjDsjL31AfdevL39nm8ah2.II8CAmzbrpL6byisI7pEL1AKxqh2.SLICE_1664/B0 is driven by constant or a pin on an incomplete path
     *** g_use_ml_on.u_lsc_ml.lscc_compact_cnn_accelerator_inst.I0xGH9K76jA8L2ocEeBGyCkKGAuI7x2.Iewuwdkcf7LAyiimrmhqvzB38HeKyug896LjxsD6429icejuo8Aelf7nzfsrd99hgnAra2ehB.IdwdGvEIFLz6y93dFJll5gjDsjL31AfdevL39nm8ah2.II8CAmzbrpL6byisI7pEL1AKxqh2.SLICE_1643/D0 is driven by constant or a pin on an incomplete path
     *** g_use_ml_on.u_lsc_ml.lscc_compact_cnn_accelerator_inst.I0xGH9K76jA8L2ocEeBGyCkKGAuI7x2.Iewuwdkcf7LAyiimrmhqvzB38HeKyug896LjxsD6429icejuo8Aelf7nzfsrd99hgnAra2ehB.IdwdGvEIFLz6y93dFJll5gjDsjL31AfdevL39nm8ah2.II8CAmzbrpL6byisI7pEL1AKxqh2.SLICE_1641/D0 is driven by constant or a pin on an incomplete path
     *** g_use_ml_on.u_lsc_ml.lscc_compact_cnn_accelerator_inst.I0xGH9K76jA8L2ocEeBGyCkKGAuI7x2.Iewuwdkcf7LAyiimrmhqvzB38HeKyug896LjxsD6429icejuo8Aelf7nzfsrd99hgnAra2ehB.IdwdGvEIFLz6y93dFJll5gjDsjL31AfdevL39nm8ah2.II8CAmzbrpL6byisI7pEL1AKxqh2.SLICE_1642/A0 is driven by constant or a pin on an incomplete path
SLICE/F0 output  g_use_ml_on.u_lsc_ml.lscc_compact_cnn_accelerator_inst.I0xGH9K76jA8L2ocEeBGyCkKGAuI7x2.Iewuwdkcf7LAyiimrmhqvzB38HeKyug896LjxsD6429icejuo8Aelf7nzfsrd99hgnAra2ehB.IdwdGvEIFLz6y93dFJll5gjDsjL31AfdevL39nm8ah2.II8CAmzbrpL6byisI7pEL1AKxqh2.SLICE_1643 has no incoming device arc
     *** g_use_ml_on.u_lsc_ml.lscc_compact_cnn_accelerator_inst.I0xGH9K76jA8L2ocEeBGyCkKGAuI7x2.Iewuwdkcf7LAyiimrmhqvzB38HeKyug896LjxsD6429icejuo8Aelf7nzfsrd99hgnAra2ehB.IdwdGvEIFLz6y93dFJll5gjDsjL31AfdevL39nm8ah2.II8CAmzbrpL6byisI7pEL1AKxqh2.SLICE_1643/DI0 is driven by constant or a pin on an incomplete path
SLICE/F0 output  g_use_ml_on.u_lsc_ml.lscc_compact_cnn_accelerator_inst.I0xGH9K76jA8L2ocEeBGyCkKGAuI7x2.Iewuwdkcf7LAyiimrmhqvzB38HeKyug896LjxsD6429icejuo8Aelf7nzfsrd99hgnAra2ehB.IdwdGvEIFLz6y93dFJll5gjDsjL31AfdevL39nm8ah2.II8CAmzbrpL6byisI7pEL1AKxqh2.SLICE_1641 has no incoming device arc
     *** g_use_ml_on.u_lsc_ml.lscc_compact_cnn_accelerator_inst.I0xGH9K76jA8L2ocEeBGyCkKGAuI7x2.Iewuwdkcf7LAyiimrmhqvzB38HeKyug896LjxsD6429icejuo8Aelf7nzfsrd99hgnAra2ehB.IdwdGvEIFLz6y93dFJll5gjDsjL31AfdevL39nm8ah2.II8CAmzbrpL6byisI7pEL1AKxqh2.SLICE_1641/DI0 is driven by constant or a pin on an incomplete path
SLICE/F0 output  g_use_ml_on.u_lsc_ml.lscc_compact_cnn_accelerator_inst.I0xGH9K76jA8L2ocEeBGyCkKGAuI7x2.Iewuwdkcf7LAyiimrmhqvzB38HeKyug896LjxsD6429icejuo8Aelf7nzfsrd99hgnAra2ehB.IdwdGvEIFLz6y93dFJll5gjDsjL31AfdevL39nm8ah2.II8CAmzbrpL6byisI7pEL1AKxqh2.SLICE_1642 has no incoming device arc
     *** g_use_ml_on.u_lsc_ml.lscc_compact_cnn_accelerator_inst.I0xGH9K76jA8L2ocEeBGyCkKGAuI7x2.Iewuwdkcf7LAyiimrmhqvzB38HeKyug896LjxsD6429icejuo8Aelf7nzfsrd99hgnAra2ehB.IdwdGvEIFLz6y93dFJll5gjDsjL31AfdevL39nm8ah2.II8CAmzbrpL6byisI7pEL1AKxqh2.SLICE_1642/DI0 is driven by constant or a pin on an incomplete path
SLICE/F0 output  g_use_ml_on.u_lsc_ml.lscc_compact_cnn_accelerator_inst.I0xGH9K76jA8L2ocEeBGyCkKGAuI7x2.Iewuwdkcf7LAyiimrmhqvzB38HeKyug896LjxsD6429icejuo8Aelf7nzfsrd99hgnAra2ehB.IdwdGvEIFLz6y93dFJll5gjDsjL31AfdevL39nm8ah2.II8CAmzbrpL6byisI7pEL1AKxqh2.SLICE_1664 has no incoming device arc
     *** g_use_ml_on.u_lsc_ml.lscc_compact_cnn_accelerator_inst.I0xGH9K76jA8L2ocEeBGyCkKGAuI7x2.Iewuwdkcf7LAyiimrmhqvzB38HeKyug896LjxsD6429icejuo8Aelf7nzfsrd99hgnAra2ehB.IdwdGvEIFLz6y93dFJll5gjDsjL31AfdevL39nm8ah2.II8CAmzbrpL6byisI7pEL1AKxqh2.SLICE_1664/DI0 is driven by constant or a pin on an incomplete path
DSP/O23 output  g_use_ml_on.u_lsc_ml.lscc_compact_cnn_accelerator_inst.I0xGH9K76jA8L2ocEeBGyCkKGAuI7x2.Iewuwdkcf7LAyiimrmhqvzB38HeKyug896LjxsD6429icejuo8Aelf7nzfsrd99hgnAra2ehB.IdwdGvEIFLz6y93b1jIwDzbfb0FDsoi8zemDw609jcm.II8CAmzbrpL6byisI7pEL1AKxqh2.IowAs4riplpdJa.IFkuj6r6 has no incoming device arc
DSP/O22 output  g_use_ml_on.u_lsc_ml.lscc_compact_cnn_accelerator_inst.I0xGH9K76jA8L2ocEeBGyCkKGAuI7x2.Iewuwdkcf7LAyiimrmhqvzB38HeKyug896LjxsD6429icejuo8Aelf7nzfsrd99hgnAra2ehB.IdwdGvEIFLz6y93b1jIwDzbfb0FDsoi8zemDw609jcm.II8CAmzbrpL6byisI7pEL1AKxqh2.IowAs4riplpdJa.IFkuj6r6 has no incoming device arc
DSP/O21 output  g_use_ml_on.u_lsc_ml.lscc_compact_cnn_accelerator_inst.I0xGH9K76jA8L2ocEeBGyCkKGAuI7x2.Iewuwdkcf7LAyiimrmhqvzB38HeKyug896LjxsD6429icejuo8Aelf7nzfsrd99hgnAra2ehB.IdwdGvEIFLz6y93b1jIwDzbfb0FDsoi8zemDw609jcm.II8CAmzbrpL6byisI7pEL1AKxqh2.IowAs4riplpdJa.IFkuj6r6 has no incoming device arc
DSP/O20 output  g_use_ml_on.u_lsc_ml.lscc_compact_cnn_accelerator_inst.I0xGH9K76jA8L2ocEeBGyCkKGAuI7x2.Iewuwdkcf7LAyiimrmhqvzB38HeKyug896LjxsD6429icejuo8Aelf7nzfsrd99hgnAra2ehB.IdwdGvEIFLz6y93b1jIwDzbfb0FDsoi8zemDw609jcm.II8CAmzbrpL6byisI7pEL1AKxqh2.IowAs4riplpdJa.IFkuj6r6 has no incoming device arc
     *** g_use_ml_on.u_lsc_ml.lscc_compact_cnn_accelerator_inst.I0xGH9K76jA8L2ocEeBGyCkKGAuI7x2.Iewuwdkcf7LAyiimrmhqvzB38HeKyug896LjxsD6429icejuo8Aelf7nzfsrd99hgnAra2ehB.IdwdGvEIFLz6y93dFJll5gjDsjL31AfdevL39nm8ah2.II8CAmzbrpL6byisI7pEL1AKxqh2.SLICE_1641/C1 is driven by constant or a pin on an incomplete path
     *** g_use_ml_on.u_lsc_ml.lscc_compact_cnn_accelerator_inst.I0xGH9K76jA8L2ocEeBGyCkKGAuI7x2.Iewuwdkcf7LAyiimrmhqvzB38HeKyug896LjxsD6429icejuo8Aelf7nzfsrd99hgnAra2ehB.IdwdGvEIFLz6y93b1jIwDzbfb0FDsoi8zemDw609jcm.II8CAmzbrpL6byisI7pEL1AKxqh2.SLICE_1679/D0 is driven by constant or a pin on an incomplete path
     *** g_use_ml_on.u_lsc_ml.lscc_compact_cnn_accelerator_inst.I0xGH9K76jA8L2ocEeBGyCkKGAuI7x2.Iewuwdkcf7LAyiimrmhqvzB38HeKyug896LjxsD6429icejuo8Aelf7nzfsrd99hgnAra2ehB.IdwdGvEIFLz6y93gi60aw9sz8FftBkbt5D8tLFK6DmI.II8CAmzbrpL6byisI7pEL1AKxqh2.SLICE_1617/B1 is driven by constant or a pin on an incomplete path
     *** g_use_ml_on.u_lsc_ml.lscc_compact_cnn_accelerator_inst.I0xGH9K76jA8L2ocEeBGyCkKGAuI7x2.Iewuwdkcf7LAyiimrmhqvzB38HeKyug896LjxsD6429icejuo8Aelf7nzfsrd99hgnAra2ehB.IqufActhCeLbsqewnx04a3mlJ6bljxelA1HtCgt8kHgq.SLICE_1545/A1 is driven by constant or a pin on an incomplete path
SLICE/F1 output  g_use_ml_on.u_lsc_ml.lscc_compact_cnn_accelerator_inst.I0xGH9K76jA8L2ocEeBGyCkKGAuI7x2.Iewuwdkcf7LAyiimrmhqvzB38HeKyug896LjxsD6429icejuo8Aelf7nzfsrd99hgnAra2ehB.IdwdGvEIFLz6y93gi60aw9sz8FftBkbt5D8tLFK6DmI.II8CAmzbrpL6byisI7pEL1AKxqh2.SLICE_1617 has no incoming device arc
     *** g_use_ml_on.u_lsc_ml.lscc_compact_cnn_accelerator_inst.I0xGH9K76jA8L2ocEeBGyCkKGAuI7x2.Iewuwdkcf7LAyiimrmhqvzB38HeKyug896LjxsD6429icejuo8Aelf7nzfsrd99hgnAra2ehB.IdwdGvEIFLz6y93gi60aw9sz8FftBkbt5D8tLFK6DmI.II8CAmzbrpL6byisI7pEL1AKxqh2.SLICE_1617/DI1 is driven by constant or a pin on an incomplete path
SLICE/F1 output  g_use_ml_on.u_lsc_ml.lscc_compact_cnn_accelerator_inst.I0xGH9K76jA8L2ocEeBGyCkKGAuI7x2.Iewuwdkcf7LAyiimrmhqvzB38HeKyug896LjxsD6429icejuo8Aelf7nzfsrd99hgnAra2ehB.IqufActhCeLbsqewnx04a3mlJ6bljxelA1HtCgt8kHgq.SLICE_1545 has no incoming device arc
     *** g_use_ml_on.u_lsc_ml.lscc_compact_cnn_accelerator_inst.I0xGH9K76jA8L2ocEeBGyCkKGAuI7x2.Iewuwdkcf7LAyiimrmhqvzB38HeKyug896LjxsD6429icejuo8Aelf7nzfsrd99hgnAra2ehB.IqufActhCeLbsqewnx04a3mlJ6bljxelA1HtCgt8kHgq.SLICE_1545/DI1 is driven by constant or a pin on an incomplete path
SLICE/F1 output  g_use_ml_on.u_lsc_ml.lscc_compact_cnn_accelerator_inst.I0xGH9K76jA8L2ocEeBGyCkKGAuI7x2.Iewuwdkcf7LAyiimrmhqvzB38HeKyug896LjxsD6429icejuo8Aelf7nzfsrd99hgnAra2ehB.IdwdGvEIFLz6y93dFJll5gjDsjL31AfdevL39nm8ah2.II8CAmzbrpL6byisI7pEL1AKxqh2.SLICE_1641 has no incoming device arc
     *** g_use_ml_on.u_lsc_ml.lscc_compact_cnn_accelerator_inst.I0xGH9K76jA8L2ocEeBGyCkKGAuI7x2.Iewuwdkcf7LAyiimrmhqvzB38HeKyug896LjxsD6429icejuo8Aelf7nzfsrd99hgnAra2ehB.IdwdGvEIFLz6y93dFJll5gjDsjL31AfdevL39nm8ah2.II8CAmzbrpL6byisI7pEL1AKxqh2.SLICE_1641/DI1 is driven by constant or a pin on an incomplete path
SLICE/F0 output  g_use_ml_on.u_lsc_ml.lscc_compact_cnn_accelerator_inst.I0xGH9K76jA8L2ocEeBGyCkKGAuI7x2.Iewuwdkcf7LAyiimrmhqvzB38HeKyug896LjxsD6429icejuo8Aelf7nzfsrd99hgnAra2ehB.IdwdGvEIFLz6y93b1jIwDzbfb0FDsoi8zemDw609jcm.II8CAmzbrpL6byisI7pEL1AKxqh2.SLICE_1679 has no incoming device arc
     *** g_use_ml_on.u_lsc_ml.lscc_compact_cnn_accelerator_inst.I0xGH9K76jA8L2ocEeBGyCkKGAuI7x2.Iewuwdkcf7LAyiimrmhqvzB38HeKyug896LjxsD6429icejuo8Aelf7nzfsrd99hgnAra2ehB.IdwdGvEIFLz6y93b1jIwDzbfb0FDsoi8zemDw609jcm.II8CAmzbrpL6byisI7pEL1AKxqh2.SLICE_1679/DI0 is driven by constant or a pin on an incomplete path
DSP/A15 input g_use_ml_on.u_lsc_ml.lscc_compact_cnn_accelerator_inst.I0xGH9K76jA8L2ocEeBGyCkKGAuI7x2.Iewuwdkcf7LAyiimrmhqvzB38HeKyug896LjxsD6429icejuo8Aelf7nzfsrd99hgnAra2ehB.IdwdGvEIFLz6y93ixtEBoq1mdyljK5JAljvkmw654sm.II8CAmzbrpL6byisI7pEL1AKxqh2.IowAs4riplpdJa.IFkuj6r6 has no outgoing device arc
DSP/A14 input g_use_ml_on.u_lsc_ml.lscc_compact_cnn_accelerator_inst.I0xGH9K76jA8L2ocEeBGyCkKGAuI7x2.Iewuwdkcf7LAyiimrmhqvzB38HeKyug896LjxsD6429icejuo8Aelf7nzfsrd99hgnAra2ehB.IdwdGvEIFLz6y93ixtEBoq1mdyljK5JAljvkmw654sm.II8CAmzbrpL6byisI7pEL1AKxqh2.IowAs4riplpdJa.IFkuj6r6 has no outgoing device arc
DSP/A13 input g_use_ml_on.u_lsc_ml.lscc_compact_cnn_accelerator_inst.I0xGH9K76jA8L2ocEeBGyCkKGAuI7x2.Iewuwdkcf7LAyiimrmhqvzB38HeKyug896LjxsD6429icejuo8Aelf7nzfsrd99hgnAra2ehB.IdwdGvEIFLz6y93ixtEBoq1mdyljK5JAljvkmw654sm.II8CAmzbrpL6byisI7pEL1AKxqh2.IowAs4riplpdJa.IFkuj6r6 has no outgoing device arc
DSP/A12 input g_use_ml_on.u_lsc_ml.lscc_compact_cnn_accelerator_inst.I0xGH9K76jA8L2ocEeBGyCkKGAuI7x2.Iewuwdkcf7LAyiimrmhqvzB38HeKyug896LjxsD6429icejuo8Aelf7nzfsrd99hgnAra2ehB.IdwdGvEIFLz6y93ixtEBoq1mdyljK5JAljvkmw654sm.II8CAmzbrpL6byisI7pEL1AKxqh2.IowAs4riplpdJa.IFkuj6r6 has no outgoing device arc
DSP/A11 input g_use_ml_on.u_lsc_ml.lscc_compact_cnn_accelerator_inst.I0xGH9K76jA8L2ocEeBGyCkKGAuI7x2.Iewuwdkcf7LAyiimrmhqvzB38HeKyug896LjxsD6429icejuo8Aelf7nzfsrd99hgnAra2ehB.IdwdGvEIFLz6y93ixtEBoq1mdyljK5JAljvkmw654sm.II8CAmzbrpL6byisI7pEL1AKxqh2.IowAs4riplpdJa.IFkuj6r6 has no outgoing device arc
DSP/A10 input g_use_ml_on.u_lsc_ml.lscc_compact_cnn_accelerator_inst.I0xGH9K76jA8L2ocEeBGyCkKGAuI7x2.Iewuwdkcf7LAyiimrmhqvzB38HeKyug896LjxsD6429icejuo8Aelf7nzfsrd99hgnAra2ehB.IdwdGvEIFLz6y93ixtEBoq1mdyljK5JAljvkmw654sm.II8CAmzbrpL6byisI7pEL1AKxqh2.IowAs4riplpdJa.IFkuj6r6 has no outgoing device arc
DSP/A9 input g_use_ml_on.u_lsc_ml.lscc_compact_cnn_accelerator_inst.I0xGH9K76jA8L2ocEeBGyCkKGAuI7x2.Iewuwdkcf7LAyiimrmhqvzB38HeKyug896LjxsD6429icejuo8Aelf7nzfsrd99hgnAra2ehB.IdwdGvEIFLz6y93ixtEBoq1mdyljK5JAljvkmw654sm.II8CAmzbrpL6byisI7pEL1AKxqh2.IowAs4riplpdJa.IFkuj6r6 has no outgoing device arc
DSP/A8 input g_use_ml_on.u_lsc_ml.lscc_compact_cnn_accelerator_inst.I0xGH9K76jA8L2ocEeBGyCkKGAuI7x2.Iewuwdkcf7LAyiimrmhqvzB38HeKyug896LjxsD6429icejuo8Aelf7nzfsrd99hgnAra2ehB.IdwdGvEIFLz6y93ixtEBoq1mdyljK5JAljvkmw654sm.II8CAmzbrpL6byisI7pEL1AKxqh2.IowAs4riplpdJa.IFkuj6r6 has no outgoing device arc
DSP/O23 output  g_use_ml_on.u_lsc_ml.lscc_compact_cnn_accelerator_inst.I0xGH9K76jA8L2ocEeBGyCkKGAuI7x2.IbB6uEKsmGCrzaFEnHb857sa3f.II8CAmzbrpL6byisI7pEL1AKxqh2.IowAs4riplpdJa.IFkuj6r6 has no incoming device arc
DSP/O22 output  g_use_ml_on.u_lsc_ml.lscc_compact_cnn_accelerator_inst.I0xGH9K76jA8L2ocEeBGyCkKGAuI7x2.IbB6uEKsmGCrzaFEnHb857sa3f.II8CAmzbrpL6byisI7pEL1AKxqh2.IowAs4riplpdJa.IFkuj6r6 has no incoming device arc
DSP/O21 output  g_use_ml_on.u_lsc_ml.lscc_compact_cnn_accelerator_inst.I0xGH9K76jA8L2ocEeBGyCkKGAuI7x2.IbB6uEKsmGCrzaFEnHb857sa3f.II8CAmzbrpL6byisI7pEL1AKxqh2.IowAs4riplpdJa.IFkuj6r6 has no incoming device arc
DSP/O20 output  g_use_ml_on.u_lsc_ml.lscc_compact_cnn_accelerator_inst.I0xGH9K76jA8L2ocEeBGyCkKGAuI7x2.IbB6uEKsmGCrzaFEnHb857sa3f.II8CAmzbrpL6byisI7pEL1AKxqh2.IowAs4riplpdJa.IFkuj6r6 has no incoming device arc
DSP/O19 output  g_use_ml_on.u_lsc_ml.lscc_compact_cnn_accelerator_inst.I0xGH9K76jA8L2ocEeBGyCkKGAuI7x2.IbB6uEKsmGCrzaFEnHb857sa3f.II8CAmzbrpL6byisI7pEL1AKxqh2.IowAs4riplpdJa.IFkuj6r6 has no incoming device arc
DSP/O18 output  g_use_ml_on.u_lsc_ml.lscc_compact_cnn_accelerator_inst.I0xGH9K76jA8L2ocEeBGyCkKGAuI7x2.IbB6uEKsmGCrzaFEnHb857sa3f.II8CAmzbrpL6byisI7pEL1AKxqh2.IowAs4riplpdJa.IFkuj6r6 has no incoming device arc
DSP/O17 output  g_use_ml_on.u_lsc_ml.lscc_compact_cnn_accelerator_inst.I0xGH9K76jA8L2ocEeBGyCkKGAuI7x2.IbB6uEKsmGCrzaFEnHb857sa3f.II8CAmzbrpL6byisI7pEL1AKxqh2.IowAs4riplpdJa.IFkuj6r6 has no incoming device arc
DSP/O16 output  g_use_ml_on.u_lsc_ml.lscc_compact_cnn_accelerator_inst.I0xGH9K76jA8L2ocEeBGyCkKGAuI7x2.IbB6uEKsmGCrzaFEnHb857sa3f.II8CAmzbrpL6byisI7pEL1AKxqh2.IowAs4riplpdJa.IFkuj6r6 has no incoming device arc
     *** g_use_ml_on.u_lsc_ml.lscc_compact_cnn_accelerator_inst.I0xGH9K76jA8L2ocEeBGyCkKGAuI7x2.IbB6uEKsmGCrzaFEnHb857sa3f.II8CAmzbrpL6byisI7pEL1AKxqh2.SLICE_2293/B0 is driven by constant or a pin on an incomplete path
     *** g_use_ml_on.u_lsc_ml.lscc_compact_cnn_accelerator_inst.I0xGH9K76jA8L2ocEeBGyCkKGAuI7x2.IbB6uEKsmGCrzaFEnHb857sa3f.II8CAmzbrpL6byisI7pEL1AKxqh2.SLICE_2292/C1 is driven by constant or a pin on an incomplete path
     *** g_use_ml_on.u_lsc_ml.lscc_compact_cnn_accelerator_inst.I0xGH9K76jA8L2ocEeBGyCkKGAuI7x2.IbB6uEKsmGCrzaFEnHb857sa3f.II8CAmzbrpL6byisI7pEL1AKxqh2.SLICE_2295/A0 is driven by constant or a pin on an incomplete path
     *** g_use_ml_on.u_lsc_ml.lscc_compact_cnn_accelerator_inst.I0xGH9K76jA8L2ocEeBGyCkKGAuI7x2.IbB6uEKsmGCrzaFEnHb857sa3f.II8CAmzbrpL6byisI7pEL1AKxqh2.SLICE_2289/D0 is driven by constant or a pin on an incomplete path
     *** g_use_ml_on.u_lsc_ml.lscc_compact_cnn_accelerator_inst.I0xGH9K76jA8L2ocEeBGyCkKGAuI7x2.IbB6uEKsmGCrzaFEnHb857sa3f.II8CAmzbrpL6byisI7pEL1AKxqh2.SLICE_2290/C0 is driven by constant or a pin on an incomplete path
     *** g_use_ml_on.u_lsc_ml.lscc_compact_cnn_accelerator_inst.I0xGH9K76jA8L2ocEeBGyCkKGAuI7x2.IbB6uEKsmGCrzaFEnHb857sa3f.II8CAmzbrpL6byisI7pEL1AKxqh2.SLICE_2296/B0 is driven by constant or a pin on an incomplete path
     *** g_use_ml_on.u_lsc_ml.lscc_compact_cnn_accelerator_inst.I0xGH9K76jA8L2ocEeBGyCkKGAuI7x2.IbB6uEKsmGCrzaFEnHb857sa3f.II8CAmzbrpL6byisI7pEL1AKxqh2.SLICE_2291/A0 is driven by constant or a pin on an incomplete path
     *** g_use_ml_on.u_lsc_ml.lscc_compact_cnn_accelerator_inst.I0xGH9K76jA8L2ocEeBGyCkKGAuI7x2.IbB6uEKsmGCrzaFEnHb857sa3f.II8CAmzbrpL6byisI7pEL1AKxqh2.SLICE_2292/A0 is driven by constant or a pin on an incomplete path
SLICE/F0 output  g_use_ml_on.u_lsc_ml.lscc_compact_cnn_accelerator_inst.I0xGH9K76jA8L2ocEeBGyCkKGAuI7x2.IbB6uEKsmGCrzaFEnHb857sa3f.II8CAmzbrpL6byisI7pEL1AKxqh2.SLICE_2289 has no incoming device arc
     *** g_use_ml_on.u_lsc_ml.lscc_compact_cnn_accelerator_inst.I0xGH9K76jA8L2ocEeBGyCkKGAuI7x2.IbB6uEKsmGCrzaFEnHb857sa3f.II8CAmzbrpL6byisI7pEL1AKxqh2.SLICE_2289/DI0 is driven by constant or a pin on an incomplete path
SLICE/F0 output  g_use_ml_on.u_lsc_ml.lscc_compact_cnn_accelerator_inst.I0xGH9K76jA8L2ocEeBGyCkKGAuI7x2.IbB6uEKsmGCrzaFEnHb857sa3f.II8CAmzbrpL6byisI7pEL1AKxqh2.SLICE_2290 has no incoming device arc
     *** g_use_ml_on.u_lsc_ml.lscc_compact_cnn_accelerator_inst.I0xGH9K76jA8L2ocEeBGyCkKGAuI7x2.IbB6uEKsmGCrzaFEnHb857sa3f.II8CAmzbrpL6byisI7pEL1AKxqh2.SLICE_2290/DI0 is driven by constant or a pin on an incomplete path
SLICE/F0 output  g_use_ml_on.u_lsc_ml.lscc_compact_cnn_accelerator_inst.I0xGH9K76jA8L2ocEeBGyCkKGAuI7x2.IbB6uEKsmGCrzaFEnHb857sa3f.II8CAmzbrpL6byisI7pEL1AKxqh2.SLICE_2293 has no incoming device arc
     *** g_use_ml_on.u_lsc_ml.lscc_compact_cnn_accelerator_inst.I0xGH9K76jA8L2ocEeBGyCkKGAuI7x2.IbB6uEKsmGCrzaFEnHb857sa3f.II8CAmzbrpL6byisI7pEL1AKxqh2.SLICE_2293/DI0 is driven by constant or a pin on an incomplete path
SLICE/F0 output  g_use_ml_on.u_lsc_ml.lscc_compact_cnn_accelerator_inst.I0xGH9K76jA8L2ocEeBGyCkKGAuI7x2.IbB6uEKsmGCrzaFEnHb857sa3f.II8CAmzbrpL6byisI7pEL1AKxqh2.SLICE_2295 has no incoming device arc
     *** g_use_ml_on.u_lsc_ml.lscc_compact_cnn_accelerator_inst.I0xGH9K76jA8L2ocEeBGyCkKGAuI7x2.IbB6uEKsmGCrzaFEnHb857sa3f.II8CAmzbrpL6byisI7pEL1AKxqh2.SLICE_2295/DI0 is driven by constant or a pin on an incomplete path
SLICE/F0 output  g_use_ml_on.u_lsc_ml.lscc_compact_cnn_accelerator_inst.I0xGH9K76jA8L2ocEeBGyCkKGAuI7x2.IbB6uEKsmGCrzaFEnHb857sa3f.II8CAmzbrpL6byisI7pEL1AKxqh2.SLICE_2292 has no incoming device arc
SLICE/F1 output  g_use_ml_on.u_lsc_ml.lscc_compact_cnn_accelerator_inst.I0xGH9K76jA8L2ocEeBGyCkKGAuI7x2.IbB6uEKsmGCrzaFEnHb857sa3f.II8CAmzbrpL6byisI7pEL1AKxqh2.SLICE_2292 has no incoming device arc
     *** g_use_ml_on.u_lsc_ml.lscc_compact_cnn_accelerator_inst.I0xGH9K76jA8L2ocEeBGyCkKGAuI7x2.IbB6uEKsmGCrzaFEnHb857sa3f.II8CAmzbrpL6byisI7pEL1AKxqh2.SLICE_2292/DI0 is driven by constant or a pin on an incomplete path
     *** g_use_ml_on.u_lsc_ml.lscc_compact_cnn_accelerator_inst.I0xGH9K76jA8L2ocEeBGyCkKGAuI7x2.IbB6uEKsmGCrzaFEnHb857sa3f.II8CAmzbrpL6byisI7pEL1AKxqh2.SLICE_2292/DI1 is driven by constant or a pin on an incomplete path
SLICE/F0 output  g_use_ml_on.u_lsc_ml.lscc_compact_cnn_accelerator_inst.I0xGH9K76jA8L2ocEeBGyCkKGAuI7x2.IbB6uEKsmGCrzaFEnHb857sa3f.II8CAmzbrpL6byisI7pEL1AKxqh2.SLICE_2291 has no incoming device arc
     *** g_use_ml_on.u_lsc_ml.lscc_compact_cnn_accelerator_inst.I0xGH9K76jA8L2ocEeBGyCkKGAuI7x2.IbB6uEKsmGCrzaFEnHb857sa3f.II8CAmzbrpL6byisI7pEL1AKxqh2.SLICE_2291/DI0 is driven by constant or a pin on an incomplete path
SLICE/F0 output  g_use_ml_on.u_lsc_ml.lscc_compact_cnn_accelerator_inst.I0xGH9K76jA8L2ocEeBGyCkKGAuI7x2.IbB6uEKsmGCrzaFEnHb857sa3f.II8CAmzbrpL6byisI7pEL1AKxqh2.SLICE_2296 has no incoming device arc
     *** g_use_ml_on.u_lsc_ml.lscc_compact_cnn_accelerator_inst.I0xGH9K76jA8L2ocEeBGyCkKGAuI7x2.IbB6uEKsmGCrzaFEnHb857sa3f.II8CAmzbrpL6byisI7pEL1AKxqh2.SLICE_2296/DI0 is driven by constant or a pin on an incomplete path
PIO/IOPAD output  standby_obuf.bb_inst has no incoming device arc
     *** standby is driven by constant or a pin on an incomplete path
PIO/IOPAD output  cam_trig_obuf.bb_inst has no incoming device arc
     *** cam_trig is driven by constant or a pin on an incomplete path
