Running in Lattice mode

                               Synplify Pro (R) 

               Version R-2021.03LR-SP1 for win64 - Oct 12, 2021 

                    Copyright (c) 1988 - 2021 Synopsys, Inc.
   This software and the associated documentation are proprietary to Synopsys,
 Inc. This software may only be used in accordance with the terms and conditions
 of a written license agreement with Synopsys, Inc. All other use, reproduction,
            or distribution of this software is strictly prohibited.

Starting:    C:\lscc\radiant\3.1\synpbase\bin64\mbin\synbatch.exe
Install:     C:\lscc\radiant\3.1\synpbase
Hostname:    DESKTOP-EQ342IA
Date:        Tue Mar 22 11:09:28 2022
Version:     R-2021.03LR-SP1

Arguments:   -product synplify_pro -batch ice40_himax_upduino2_humandet_impl_1_synplify.tcl
ProductType: synplify_pro




"force_gsr" is unrecognized option for current device
log file: "C:\Users\lunar\Desktop\human_presence_detection\UltraPlus Human Presence Detection RTL21\ice40_himax_upduino2_humandet\impl_1\ice40_himax_upduino2_humandet_impl_1.srr"
Running: impl_1 in foreground

Running proj_1|impl_1

Running Flow: compile (Compile) on proj_1|impl_1
# Tue Mar 22 11:09:28 2022

Running Flow: compile_flow (Compile Process) on proj_1|impl_1
# Tue Mar 22 11:09:28 2022

Running: compiler (Compile Input) on proj_1|impl_1
# Tue Mar 22 11:09:28 2022
Copied C:\Users\lunar\Desktop\human_presence_detection\UltraPlus Human Presence Detection RTL21\ice40_himax_upduino2_humandet\impl_1\synwork\ice40_himax_upduino2_humandet_impl_1_comp.srs to C:\Users\lunar\Desktop\human_presence_detection\UltraPlus Human Presence Detection RTL21\ice40_himax_upduino2_humandet\impl_1\ice40_himax_upduino2_humandet_impl_1.srs

compiler completed
# Tue Mar 22 11:09:36 2022

Return Code: 0
Run Time:00h:00m:08s

Running: multi_srs_gen (Multi-srs Generator) on proj_1|impl_1
# Tue Mar 22 11:09:36 2022

multi_srs_gen completed
# Tue Mar 22 11:09:37 2022

Return Code: 0
Run Time:00h:00m:01s
Copied C:\Users\lunar\Desktop\human_presence_detection\UltraPlus Human Presence Detection RTL21\ice40_himax_upduino2_humandet\impl_1\synwork\ice40_himax_upduino2_humandet_impl_1_mult.srs to C:\Users\lunar\Desktop\human_presence_detection\UltraPlus Human Presence Detection RTL21\ice40_himax_upduino2_humandet\impl_1\ice40_himax_upduino2_humandet_impl_1.srs
Copied C:\Users\lunar\Desktop\human_presence_detection\UltraPlus Human Presence Detection RTL21\ice40_himax_upduino2_humandet\impl_1\ice40_himax_upduino2_humandet_impl_1.srr to C:\Users\lunar\Desktop\human_presence_detection\UltraPlus Human Presence Detection RTL21\ice40_himax_upduino2_humandet\impl_1\ice40_himax_upduino2_humandet_impl_1.srf
Complete: Compile Process on proj_1|impl_1

Running: premap (Premap) on proj_1|impl_1
# Tue Mar 22 11:09:37 2022

premap completed with warnings
# Tue Mar 22 11:09:39 2022

Return Code: 1
Run Time:00h:00m:02s
Complete: Compile on proj_1|impl_1

Running Flow: map (Map) on proj_1|impl_1
# Tue Mar 22 11:09:39 2022
License granted for 4 parallel jobs

Running: fpga_mapper (Map & Optimize) on proj_1|impl_1
# Tue Mar 22 11:09:39 2022
Copied C:\Users\lunar\Desktop\human_presence_detection\UltraPlus Human Presence Detection RTL21\ice40_himax_upduino2_humandet\impl_1\synwork\ice40_himax_upduino2_humandet_impl_1_m.srm to C:\Users\lunar\Desktop\human_presence_detection\UltraPlus Human Presence Detection RTL21\ice40_himax_upduino2_humandet\impl_1\ice40_himax_upduino2_humandet_impl_1.srm

fpga_mapper completed with warnings
# Tue Mar 22 11:09:48 2022

Return Code: 1
Run Time:00h:00m:09s
Complete: Map on proj_1|impl_1
Copied C:\Users\lunar\Desktop\human_presence_detection\UltraPlus Human Presence Detection RTL21\ice40_himax_upduino2_humandet\impl_1\ice40_himax_upduino2_humandet_impl_1.srr to C:\Users\lunar\Desktop\human_presence_detection\UltraPlus Human Presence Detection RTL21\ice40_himax_upduino2_humandet\impl_1\ice40_himax_upduino2_humandet_impl_1.srf
Complete: Logic Synthesis on proj_1|impl_1
TCL script complete: "ice40_himax_upduino2_humandet_impl_1_synplify.tcl"
exit status=0
exit status=0
Save changes for project:
C:\Users\lunar\Desktop\human_presence_detection\UltraPlus Human Presence Detection RTL21\ice40_himax_upduino2_humandet\impl_1\proj_1.prj
batch mode default:no
